1.2171701589507302188053e+00 2.0281096603128062616506e-01 7.5988412630268920011645e-01 1.1182726602086306977313e-01 1.8594304587463247185886e-02 -1.9495198548371811542168e-02 1.1787657334764485295153e+00 1.6158363772098378596809e+00 -9.9310424713130540652628e-01 -5.2147823521262004486942e-01 -1.0090065578403278889752e-02 -4.6459441797724224110233e-02 1.7402627348289771962858e-03 6.2546220518196415927292e-01 2.4835616882507669522795e+00 -1.3205245082160860584097e-02 -2.1911698545161950590909e-01 1.5204369012289333309984e-02 1.5905487101840257851970e-02 -1.1284164306845491463488e-03 2.2678149350402174166952e-01 1.0795221019508489668226e+00 -3.3256399345508906931213e-03 2.0299461972834109690922e-02 1.7472180527645677066556e-03 -2.2485965717739474743764e-03 4.3019416418959145580192e-04 1.3442101120045884393717e-02 -9.8989931362890561865157e-05 -7.6453771115350566134339e-02 -1.5218687971384440172501e-03 8.7902879915716352742655e-04 4.4935114900422649594769e-03 4.7915938885951831361504e-04 1.3563466320674523110656e-02 -9.5105947394526380023194e-02 4.0573719665381582574759e-04 5.7735026918965913355350e+06 -0 -0 5.7735026918965913355350e+06 -0 -0 -0 -0 1.9415380963978101647172e+00 1.7312480279435365354557e-02 4.4998911415733922058990e-02 4.4999988809351405549819e+00 9.7341840628112311084585e-02 -4.3118499149522433733228e-02 5.4999989918173151082215e+00 1.0321990291164290232118e-01 -1.2037028366037873239325e-01 4.3259885261722681448759e+00 4.9212217758094647761247e-04 -9.8982970672745627309201e-05 9.9989960240457580187279e-03 9.9396071135462605444788e-03 7.6354781533511176250251e-02 1.5271156376379655394970e+00  
1 1 1 1 9.5695427721098180740000e-02 
1 1 1 2 -1.6293246963444130148702e-01 
1 1 2 2  1 
1 1 1 3 1.2393580898247770830101e-02 
1 1 3 3  1 
1 1 1 4 -4.1886932469985024840575e-02 
1 1 4 4  1 
1 1 1 5 -1.2272511377757804040822e-01 
1 1 5 5  1 
1 1 1 6 1.0145687019321038280228e-01 
1 1 6 6  1 
1 1 1 7 1.2962704317634943240733e-01 
1 1 7 7  1 
1 1 1 8 5.6861846680900274275672e-02 
1 1 8 8  1 
1 1 1 9 1.9641569167130137202326e-02 
1 1 9 9  1 
1 1 1 10 -6.0933703185246358702276e-02 
1 1 10 10  1 
1 1 1 11 1.7814743250393012818922e-02 
1 1 11 11  1 
1 1 1 12 -3.8846918249881970397475e-02 
1 1 12 12  1 
1 1 1 13 8.7717702484381206845532e-03 
1 1 13 13  1 
1 1 1 14 -1.9197105446038583570489e-02 
1 1 14 14  1 
1 1 1 15 4.3166924727198831279740e-02 
1 1 15 15  1 
1 1 1 16 -2.5444816796126937252787e-03 
1 1 16 16  1 
1 1 1 17 -1.1805211948354022832158e-03 
1 1 17 17  1 
1 1 1 18 -3.2828503679339484169764e-03 
1 1 18 18  1 
1 1 1 19 3.4725539734360879977337e-03 
1 1 19 19  1 
1 1 1 20 1.0577590200450584512204e-02 
1 1 20 20  1 
1 1 1 21 8.4192502125888774022755e-02 
1 1 21 21  1 
1 1 1 22 4.4323201657406455233890e-02 
1 1 22 22  1 
1 1 1 23 4.8076458476785773055173e-02 
1 1 23 23  1 
1 1 1 24 4.8285696291243342288813e-04 
1 1 24 24  1 
1 1 1 25 -5.1481734899521975484804e-03 
1 1 25 25  1 
1 1 1 26 -5.0576059710002417568742e-03 
1 1 26 26  1 
1 1 1 27 8.6486905686709580898253e-03 
1 1 27 27  1 
1 1 1 28 -2.7874284841917650219767e-03 
1 1 28 28  1 
1 1 1 29 -4.2617821794988859640529e-02 
1 1 29 29  1 
1 1 1 30 9.6196561167374763229310e-04 
1 1 30 30  1 
1 1 1 31 1.1499608904702405143966e-03 
1 1 31 31  1 
1 1 1 32 -4.9176010334521114836237e-03 
1 1 32 32  1 
1 1 1 33 5.5277452677288058460747e-03 
1 1 33 33  1 
1 1 1 34 2.6587234926317981908994e-03 
1 1 34 34  1 
1 1 1 35 8.9980318542103327611459e-03 
1 1 35 35  1 
1 1 1 36 -1.1005782151911509825215e-05 
1 1 36 36  1 
1 1 1 37 3.4462926416596387224622e-03 
1 1 37 37  1 
1 2 1 1 5.7735026918955910950899e+06 
1 2 2 2 5.7735026918955910950899e+06 
1 2 3 3 1.6319288975719103973461e-10 
1 2 4 4 1.9415370963978102469838e+00 
1 2 5 5 1.9415370963978102469838e+00 
1 2 6 6 1.9415370963978102469838e+00 
1 3 1 1 9.8908608746755000140638e-03 
1 3 1 2 -6.7901862308506599069657e-03 
1 3 2 2 1.7311480279435364354468e-02 
1 3 1 3 1.8594304587463247185886e-02 
1 3 2 3 -1.9495198548371811542168e-02 
1 3 3 3 5.5737799924474307200484e-02 
1 3 2 4 -4.4998911415733922058990e-02 
1 3 3 4 -4.4998961768714609843478e-02 
1 3 4 4 4.4999978809351404152039e+00 
1 3 1 5 4.4998911415733922058990e-02 
1 3 3 5 -1.9419866701670687736403e-01 
1 3 5 5 4.4999978809351404152039e+00 
1 3 1 6 4.4998961768714609843478e-02 
1 3 2 6 1.9419866701670687736403e-01 
1 3 6 6 4.4999978809351404152039e+00 
1 4 1 1 1.0315499593557658775111e-01 
1 4 1 2 -1.0090065578403278889752e-02 
1 4 2 2 9.7340840628112310084497e-02 
1 4 1 3 -1.0331913427738197153172e-02 
1 4 2 3 1.7402627348289771962858e-03 
1 4 3 3 9.8168814661879766347852e-02 
1 4 2 4 4.3118499149522433733228e-02 
1 4 3 4 -1.3205245082160860584097e-02 
1 4 4 4 5.4999979918173149684435e+00 
1 4 1 5 -4.3118499149522433733228e-02 
1 4 3 5 -7.2527568164806477390982e-01 
1 4 5 5 5.4999979918173149684435e+00 
1 4 1 6 1.3205245082160860584097e-02 
1 4 2 6 7.2527568164806477390982e-01 
1 4 6 6 5.4999979918173149684435e+00 
1 5 1 1 2.2340803522869795427752e-02 
1 5 1 2 1.5204369012289333309984e-02 
1 5 2 2 1.0321890291164290132109e-01 
1 5 1 3 1.5875803098765208648535e-02 
1 5 2 3 -1.1284164306845491463488e-03 
1 5 3 3 8.8541607441175340653672e-02 
1 5 2 4 1.2037028366037873239325e-01 
1 5 3 4 -3.3256399345508906931213e-03 
1 5 4 4 4.3259875261722680050980e+00 
1 5 1 5 -1.2037028366037873239325e-01 
1 5 3 5 -6.1855679446194833381867e-01 
1 5 5 5 4.3259875261722680050980e+00 
1 5 1 6 3.3256399345508906931213e-03 
1 5 2 6 6.1855679446194833381867e-01 
1 5 6 6 4.3259875261722680050980e+00 
1 6 1 1 1.0850977036868795708169e-02 
1 6 1 2 1.7472180527645677066556e-03 
1 6 2 2 4.9112217758094645330552e-04 
1 6 1 3 -2.2485965717739474743764e-03 
1 6 2 3 4.3019416418959145580192e-04 
1 6 3 3 3.5014940064996245838724e-03 
1 6 2 4 9.8982970672745627309201e-05 
1 6 3 4 -9.8989581839389884088121e-05 
1 6 4 4 9.9979960240457587533625e-03 
1 6 1 5 -9.8982970672745627309201e-05 
1 6 3 5 9.8989931362890561865157e-05 
1 6 5 5 9.9979960240457587533625e-03 
1 6 1 6 9.8989581839389884088121e-05 
1 6 2 6 -9.8989931362890561865157e-05 
1 6 6 6 9.9979960240457587533625e-03 
1 7 1 1 8.4167383164078166113420e-03 
1 7 1 2 8.7902879915716352742655e-04 
1 7 2 2 9.9386071135462612791134e-03 
1 7 1 3 4.4935114900422649594769e-03 
1 7 2 3 4.7915938885951831361504e-04 
1 7 3 3 1.3562466320674523845291e-02 
1 7 2 4 -7.6354781533511176250251e-02 
1 7 3 4 4.0573719665381582574759e-04 
1 7 4 4 1.5271146376379656217637e+00 
1 7 1 5 7.6354781533511176250251e-02 
1 7 3 5 9.5105947394526380023194e-02 
1 7 5 5 1.5271146376379656217637e+00 
1 7 1 6 -4.0573719665381582574759e-04 
1 7 2 6 -9.5105947394526380023194e-02 
1 7 6 6 1.5271146376379656217637e+00 
1 8 1 1 4.4153709639781024698379e-01 
1 9 1 1 5.5846090360218969550488e-01 
1 10 1 1 1.9414380963978100647083e-02 
1 11 1 1 1.9414380963978100647083e-02 
1 12 1 1 1.9414380963978100647083e-02 
1 13 1 1 1.9414380963978100647083e-02 
1 14 1 1 1.9415280963978101547163e-01 
1 15 1 1 1.9415280963978101547163e-01 
1 16 1 1 9.9999788093514041520393e-01 
1 17 1 1 1.1906485930524013383547e-07 
1 18 1 1 6.4419755511022103178220e-01 
1 19 1 1 2.5580022107680727705414e-01 
1 20 1 1 2.7040636688124841668923e-08 
1 21 1 1 8.9997950578065991078525e-02 
1 22 1 1 8.9997900225085331049613e-02 
1 23 1 1 7.7393617479992737884231e-08 
1 24 1 1 9.9999799181731496844350e-01 
1 25 1 1 8.1826847520005685510114e-09 
1 26 1 1 1.8252744800115281442743e+00 
1 27 1 1 9.2472301589712957436973e-01 
1 28 1 1 9.6793734754185456470310e-02 
1 29 1 1 1.2320422491850717416906e-01 
1 30 1 1 1.2188047060499701546021e-01 
1 31 1 1 2.0811746890404186904888e-01 
1 32 1 1 8.2598752617226800509798e-01 
1 33 1 1 1.7401047382773171534609e-01 
1 34 1 1 1.4837534996964021338783e+00 
1 35 1 1 6.7923876338973210309291e-01 
1 36 1 1 3.9933245327171795757693e-02 
1 37 1 1 4.6584525196273575409212e-02 
1 38 1 1 9.4083721247893020711572e-03 
1 39 1 1 2.5014893944554678073544e-01 
1 40 1 1 9.8979960240457576237105e-03 
1 41 1 1 3.9759542429240735117446e-09 
1 42 1 1 2.8877567017867623866412e-11 
1 43 1 1 1.9797989160334815515047e-04 
1 44 1 1 3.7840106048570021357591e-10 
1 45 1 1 1.9797954207984025387645e-04 
1 46 1 1 6.9895677119524235801351e-09 
1 47 1 1 1.9797293091320322059451e-04 
1 48 1 1 2.7114637637965621763669e-02 
1 49 1 1 9.7288336236203432072500e-01 
1 50 1 1 5.7604616369270195130881e-02 
1 51 1 1 2.4781651115832295517727e-01 
1 52 1 1 1.5675893573033471140032e-02 
1 53 1 1 1.4864419179725840355899e-02 
1 54 1 1 1.5270956341540947720503e-01 
1 55 1 1 3.4838711082674223007416e-10 
1 56 1 1 1.9535987101545271293901e-01 
2 1 1 1 1.0000000001009743400004e+00 
2 1 1 2 1.6293250112288448772091e-01 
2 1 2 2 2.6547000474547898657418e-02 
2 1 1 3 -1.2393583176953035240864e-02 
2 1 2 3 -2.0193175048956370914999e-03 
2 1 3 3 1.5360145371223464798478e-04 
2 1 1 4 4.1886899644552333388248e-02 
2 1 2 4 6.8247373233717052720682e-03 
2 1 3 4 -5.1912877476953020981776e-04 
2 1 4 4 1.7545129117399298201985e-03 
2 1 1 5 1.2272511212144543435443e-01 
2 1 2 5 1.9995909468534758812730e-02 
2 1 3 5 -1.5210038849780864109174e-03 
2 1 4 5 5.1405744552974752537011e-03 
2 1 5 5 1.5061453696460013612635e-02 
2 1 1 6 -1.0145686120150038123100e-01 
2 1 2 6 -1.6530620151639752180017e-02 
2 1 3 6 1.2574140481734791957580e-03 
2 1 4 6 -4.2497133633983344425111e-03 
2 1 5 6 -1.2451304666444416857640e-02 
2 1 6 6 1.0293495235622613162563e-02 
2 1 1 7 -1.2962704258441432036975e-01 
2 1 2 7 -2.1120458261442973113553e-02 
2 1 3 7 1.6065435342523777875745e-03 
2 1 4 7 -5.4296749239534682074382e-03 
2 1 5 7 -1.5908493335143381042229e-02 
2 1 6 7 1.3151552867447291461644e-02 
2 1 7 7 1.6803170720593417486466e-02 
2 1 1 8 -5.6861846056050102671264e-02 
2 1 2 8 -9.2646427963774813374442e-03 
2 1 3 8 7.0472201869075431351908e-04 
2 1 4 8 -2.3817664393537708172888e-03 
2 1 5 8 -6.9783764326611097406072e-03 
2 1 6 8 5.7690244229695979150119e-03 
2 1 7 8 7.3708329401359629073909e-03 
2 1 8 8 3.2332700869580829894367e-03 
2 1 1 9 -1.9641577583231789594365e-02 
2 1 2 9 -3.2002513616353478465015e-03 
2 1 3 9 2.4342952550437035527664e-04 
2 1 4 9 -8.2272478908984201725896e-04 
2 1 5 9 -2.4105148111443000513709e-03 
2 1 6 9 1.9927728106406521202398e-03 
2 1 7 9 2.5460796138066909416464e-03 
2 1 8 9 1.1168563608357400321336e-03 
2 1 9 9 3.8579211972945815466163e-04 
2 1 1 10 6.0933720847006045406857e-02 
2 1 2 10 9.9280835403270650818541e-03 
2 1 3 10 -7.5518713759863478895973e-04 
2 1 4 10 2.5523246500884135684606e-03 
2 1 5 10 7.4780977229262669825349e-03 
2 1 6 10 -6.1821440584661213613060e-03 
2 1 7 10 -7.8986580270610576293144e-03 
2 1 8 10 -3.4648038544248856845931e-03 
2 1 9 10 -1.1968344054514084770502e-03 
2 1 10 10 3.7129188863649926349852e-03 
2 1 1 11 -1.7814737744375488959214e-02 
2 1 2 11 -2.9025997775399357131443e-03 
2 1 3 11 2.2078843401056129618770e-04 
2 1 4 11 -7.4620413209256289399640e-04 
2 1 5 11 -2.1863156870928447325642e-03 
2 1 6 11 1.8074273746722250080787e-03 
2 1 7 11 2.3092717682203518086981e-03 
2 1 8 11 1.0129788751496197549140e-03 
2 1 9 11 3.4990955353114846192175e-04 
2 1 10 11 -1.0855182566786385732482e-03 
2 1 11 11 3.1736543066543279438541e-04 
2 1 1 12 3.8846932926952820741562e-02 
2 1 2 12 6.3294279427414286420817e-03 
2 1 3 12 -4.8145269439968840959054e-04 
2 1 4 12 1.6271775810104537746126e-03 
2 1 5 12 4.7674941990346435261028e-03 
2 1 6 12 -3.9412878820739814800245e-03 
2 1 7 12 -5.0356130287959564861833e-03 
2 1 8 12 -2.2089083198421812642698e-03 
2 1 9 12 -7.6301504695524147853236e-04 
2 1 10 12 2.3670881667332745873500e-03 
2 1 11 12 -6.9204792226713277708550e-04 
2 1 12 12 1.5090847477147626646415e-03 
2 1 1 13 -8.7717686866523245092786e-03 
2 1 2 13 -1.4292062113877533613415e-03 
2 1 3 13 1.0871364482702286025431e-04 
2 1 4 13 -3.6742219468298442132392e-04 
2 1 5 13 -1.0765162955727915206072e-03 
2 1 6 13 8.8995611813330339351369e-04 
2 1 7 13 1.1370584330852263540979e-03 
2 1 8 13 4.9877896069968848981324e-04 
2 1 9 13 1.7229137520105922143365e-04 
2 1 10 13 -5.3449650448701463596735e-04 
2 1 11 13 1.5626675870703595622180e-04 
2 1 12 13 -3.4075630982115441038049e-04 
2 1 13 13 7.6944475632633905571103e-05 
2 1 1 14 1.9197105341385647947483e-02 
2 1 2 14 3.1278323875917283386494e-03 
2 1 3 14 -2.3792092180519584018045e-04 
2 1 4 14 8.0410722490051452990278e-04 
2 1 5 14 2.3559669054288058520630e-03 
2 1 6 14 -1.9476780520914869360150e-03 
2 1 7 14 -2.4884639915851124170043e-03 
2 1 8 14 -1.0915828486436282562799e-03 
2 1 9 14 -3.7706143393630479031253e-04 
2 1 10 14 1.1697510579425944229892e-03 
2 1 11 14 -3.4199139710795354793471e-04 
2 1 12 14 7.4574866358849715639034e-04 
2 1 13 14 -1.6839256750792613338830e-04 
2 1 14 14 3.6852940325792150249098e-04 
2 1 1 15 -4.3166930772335604382661e-02 
2 1 2 15 -7.0332959965350612396850e-03 
2 1 3 15 5.3499294702073090825023e-04 
2 1 4 15 -1.8081288972244258239641e-03 
2 1 5 15 -5.2976664189735220289457e-03 
2 1 6 15 4.3795813038635441477586e-03 
2 1 7 15 5.5956015734639312497745e-03 
2 1 8 15 2.4545513722887667834582e-03 
2 1 9 15 8.4786661979479628625800e-04 
2 1 10 15 -2.6303217095036048739365e-03 
2 1 11 15 7.6900755093885653917996e-04 
2 1 12 15 -1.6769028643753465523947e-03 
2 1 13 15 3.7865033164765694341514e-04 
2 1 14 15 -8.2868011730083618662790e-04 
2 1 15 15 1.8633844622226983147456e-03 
2 1 1 16 2.5444839406567800604853e-03 
2 1 2 16 4.1457913251817198919957e-04 
2 1 3 16 -3.1535273360947500571189e-05 
2 1 4 16 1.0658054346954074550341e-04 
2 1 5 16 3.1227207690832274947224e-04 
2 1 6 16 -2.5815535399668530173317e-04 
2 1 7 16 -3.2983392813086781329701e-04 
2 1 8 16 -1.4468405412572079085654e-04 
2 1 9 16 -4.9977678729680327868526e-05 
2 1 10 16 1.5504487413963981105869e-04 
2 1 11 16 -4.5329314097592105295420e-05 
2 1 12 16 9.8845396976370632647485e-05 
2 1 13 16 -2.2319624554344698005338e-05 
2 1 14 16 4.8846726248252900909330e-05 
2 1 15 16 -1.0983756211764003152612e-04 
2 1 16 16 6.4749482577123746912854e-06 
2 1 1 17 1.1805179144533098009595e-03 
2 1 2 17 1.9234473642236948279921e-04 
2 1 3 17 -1.4630846964668918291051e-05 
2 1 4 17 4.9448235411196183979043e-05 
2 1 5 17 1.4487919341265795281082e-04 
2 1 6 17 -1.1977164219254384175742e-04 
2 1 7 17 -1.5302704596849769566602e-04 
2 1 8 17 -6.7126427918053267101042e-05 
2 1 9 17 -2.3187234205158501875593e-05 
2 1 10 17 7.1933349054249362108243e-05 
2 1 11 17 -2.1030617048506264690766e-05 
2 1 12 17 4.5859500241883461918099e-05 
2 1 13 17 -1.0355230076028261909822e-05 
2 1 14 17 2.2662526761153353889976e-05 
2 1 15 17 -5.0959335088729114469214e-05 
2 1 16 17 3.0038088749915381914669e-06 
2 1 17 17 1.3941722792836868500909e-06 
2 1 1 18 3.2828486645546401528906e-03 
2 1 2 18 5.3488274372392335433146e-04 
2 1 3 18 -4.0686257981512220652590e-05 
2 1 4 18 1.3750835256040540213046e-04 
2 1 5 18 4.0288797043521980614789e-04 
2 1 6 18 -3.3306752130523578289689e-04 
2 1 7 18 -4.2554596363839113440375e-04 
2 1 8 18 -1.8666883538921328570398e-04 
2 1 9 18 -6.4480326738875734819342e-05 
2 1 10 18 2.0003618410898706906492e-04 
2 1 11 18 -5.8483088013510910402673e-05 
2 1 12 18 1.2752860188132642471279e-04 
2 1 13 18 -2.8796389118755893717430e-05 
2 1 14 18 6.3021191633285186936217e-05 
2 1 15 18 -1.4171050103889903330062e-04 
2 1 16 18 8.3531557065697820867525e-06 
2 1 17 18 3.8754616589405606655837e-06 
2 1 18 18 1.0777645088253084152330e-05 
2 1 1 19 -3.4725446549731010803530e-03 
2 1 2 19 -5.6579038589603218578628e-04 
2 1 3 19 4.3037271017118010124278e-05 
2 1 4 19 -1.4545412947379219529426e-04 
2 1 5 19 -4.2616843212832464932172e-04 
2 1 6 19 3.5231348107556299809051e-04 
2 1 7 19 4.5013569386646011018238e-04 
2 1 8 19 1.9745529959385018856088e-04 
2 1 9 19 6.8206255251976419685250e-05 
2 1 10 19 -2.1159506663507047716233e-04 
2 1 11 19 6.1862472333938412242735e-05 
2 1 12 19 -1.3489770929774166832033e-04 
2 1 13 19 3.0460358467481870258474e-05 
2 1 14 19 -6.6662805544185737812238e-05 
2 1 15 19 1.4989909472513658454662e-04 
2 1 16 19 -8.8358341078143251058098e-06 
2 1 17 19 -4.0994011739046150950751e-06 
2 1 18 19 -1.1399838583169772917095e-05 
2 1 19 19 1.2059116114712779165756e-05 
2 1 1 20 -1.0577575952276721538148e-02 
2 1 2 20 -1.7234309057222773134410e-03 
2 1 3 20 1.3109406737511709786087e-04 
2 1 4 20 -4.4306186239517460559445e-04 
2 1 5 20 -1.2981341947162433961283e-03 
2 1 6 20 1.0731676552382858093326e-03 
2 1 7 20 1.3711398884056012065225e-03 
2 1 8 20 6.0146049544453029575553e-04 
2 1 9 20 2.0776027870928327583033e-04 
2 1 10 20 -6.4453106031433626127436e-04 
2 1 11 20 1.8843674156095657160753e-04 
2 1 12 20 -4.1090638354805112016088e-04 
2 1 13 20 9.2784049518840631867039e-05 
2 1 14 20 -2.0305883981235571793950e-04 
2 1 15 20 4.5660148887111768820080e-04 
2 1 16 20 -2.6914472141677161370898e-05 
2 1 17 20 -1.2487017903107311747862e-05 
2 1 18 20 -3.4724581089131756686528e-05 
2 1 19 20 3.6731104835520362412657e-05 
2 1 20 20 1.1188566276997299441930e-04 
2 1 1 21 -8.4192497718177938814677e-02 
2 1 2 21 -1.3717694229007017236999e-02 
2 1 3 21 1.0434467233457322271617e-03 
2 1 4 21 -3.5265627027454126557471e-03 
2 1 5 21 -1.0332533722248189722581e-02 
2 1 6 21 8.5419065552012757303046e-03 
2 1 7 21 1.0913624487002081264730e-02 
2 1 8 21 4.7873408443254265864919e-03 
2 1 9 21 1.6536734758577495071896e-03 
2 1 10 21 -5.1301621533721246393167e-03 
2 1 11 21 1.4998672668933652613044e-03 
2 1 12 21 -3.2706203118109487132381e-03 
2 1 13 21 7.3851711513538489950470e-04 
2 1 14 21 -1.6162522476502998863834e-03 
2 1 15 21 3.6343317205508301331873e-03 
2 1 16 21 -2.1422645836769902642077e-04 
2 1 17 21 -9.9390751818871896777763e-05 
2 1 18 21 -2.7639122869964425494027e-04 
2 1 19 21 2.9236220794008616064019e-04 
2 1 20 21 8.9055253922584124565143e-04 
2 1 21 21 7.0883772224677723747255e-03 
2 1 1 22 -4.4323206439052853511384e-02 
2 1 2 22 -7.2216908829010606485355e-03 
2 1 3 22 5.4932334567167444283609e-04 
2 1 4 22 -1.8565617000376845660559e-03 
2 1 5 22 -5.4395704798150361358733e-03 
2 1 6 22 4.4968934036926609676410e-03 
2 1 7 22 5.7454861685527110204408e-03 
2 1 8 22 2.5202993412480681478804e-03 
2 1 9 22 8.7057769801027889977618e-04 
2 1 10 22 -2.7007778882016161142721e-03 
2 1 11 22 7.8960629870164196833504e-04 
2 1 12 22 -1.7218206276454518788288e-03 
2 1 13 22 3.8879291433412338854780e-04 
2 1 14 22 -8.5087726307850504448016e-04 
2 1 15 22 1.9132967839625217298938e-03 
2 1 16 22 -1.1277968698257664556528e-04 
2 1 17 22 -5.2324339227332797427547e-05 
2 1 18 22 -1.4550637906723690867539e-04 
2 1 19 22 1.5391431361126608340362e-04 
2 1 20 22 4.6883208255761718227794e-04 
2 1 21 22 3.7316814569825149106030e-03 
2 1 22 22 1.9645471789682222678308e-03 
2 1 1 23 -4.8076456497925079691669e-02 
2 1 2 23 -7.8332173023334360217884e-03 
2 1 3 23 5.9583956246024973382736e-04 
2 1 4 23 -2.0137737085942405274031e-03 
2 1 5 23 -5.9001885141098525666692e-03 
2 1 6 23 4.8776863739700936084542e-03 
2 1 7 23 6.2320088737641415876922e-03 
2 1 8 23 2.7337160683054886195498e-03 
2 1 9 23 9.4429745023089702721242e-04 
2 1 10 23 -2.9294773795580965336516e-03 
2 1 11 23 8.5646946418945065979123e-04 
2 1 12 23 -1.8676228809405654926468e-03 
2 1 13 23 4.2171555567371214572059e-04 
2 1 14 23 -9.2292879983124805065575e-04 
2 1 15 23 2.0753130694251449572807e-03 
2 1 16 23 -1.2232977148265490076329e-04 
2 1 17 23 -5.6755118159232718173454e-05 
2 1 18 23 -1.5782773101072930348188e-04 
2 1 19 23 1.6694764204191873437078e-04 
2 1 20 23 5.0853237012310481546251e-04 
2 1 21 23 4.0476769539999919028661e-03 
2 1 22 23 2.1309027062157825244126e-03 
2 1 23 23 2.3113462193609410171014e-03 
2 1 1 24 -4.8285640416741940766920e-04 
2 1 2 24 -7.8673001614220771249980e-05 
2 1 3 24 5.9843210075750634803320e-06 
2 1 4 24 -2.0225357744071932120447e-05 
2 1 5 24 -5.9258606340002777579032e-05 
2 1 6 24 4.8989095177863110170888e-05 
2 1 7 24 6.2591247665162735467834e-05 
2 1 8 24 2.7456106520944167665582e-05 
2 1 9 24 9.4840615240199003447945e-06 
2 1 10 24 -2.9422237340737304538661e-05 
2 1 11 24 8.6019602084326776052052e-06 
2 1 12 24 -1.8757490346050435629788e-05 
2 1 13 24 4.2355046862242771657124e-06 
2 1 14 24 -9.2694452555646932316764e-06 
2 1 15 24 2.0843428971677451389671e-05 
2 1 16 24 -1.2286203660485027513408e-06 
2 1 17 24 -5.7002063522633656598689e-07 
2 1 18 24 -1.5851445015917709266797e-06 
2 1 19 24 1.6767404254060455434249e-06 
2 1 20 24 5.1074502891162021215362e-06 
2 1 21 24 4.0652886706072244998866e-05 
2 1 22 24 2.1401744082335006648908e-05 
2 1 23 24 2.3214024909699464182047e-05 
2 1 24 24 2.3370003987831791469150e-07 
2 1 1 25 5.1481745533483933008334e-03 
2 1 2 25 8.3880495619428809689344e-04 
2 1 3 25 -6.3804329536395771454993e-05 
2 1 4 25 2.1564107086878027668558e-04 
2 1 5 25 6.3181029928047281046810e-04 
2 1 6 25 -5.2231763110017494743109e-04 
2 1 7 25 -6.6734264205887960930141e-04 
2 1 8 25 -2.9273470892217097298615e-04 
2 1 9 25 -1.0111826990160684537970e-04 
2 1 10 25 3.1369743110539242102186e-04 
2 1 11 25 -9.1713379530182178363956e-05 
2 1 12 25 1.9999079157016481748943e-04 
2 1 13 25 -4.5158596340482695056379e-05 
2 1 14 25 9.8830049216472532283562e-05 
2 1 15 25 -2.2223089454828431552058e-04 
2 1 16 25 1.3099447474690261068470e-05 
2 1 17 25 6.0775122869642289927770e-06 
2 1 18 25 1.6900677957355271247702e-05 
2 1 19 25 -1.7877266028110380181350e-05 
2 1 20 25 -5.4455207353635448229087e-05 
2 1 21 25 -4.3343767433558612681144e-04 
2 1 22 25 -2.2818360351234921994806e-04 
2 1 23 25 -2.4750598995779387722499e-04 
2 1 24 25 -2.4858290528566822616451e-06 
2 1 25 25 2.6504250967203957256059e-05 
2 1 1 26 5.0576040823919164723943e-03 
2 1 2 26 8.2404808283353210215938e-04 
2 1 3 26 -6.2681836871226863112244e-05 
2 1 4 26 2.1184735464095823514324e-04 
2 1 5 26 6.2069502807741852926093e-04 
2 1 6 26 -5.1312863539936599995006e-04 
2 1 7 26 -6.5560225976327331232074e-04 
2 1 8 26 -2.8758470474541547069747e-04 
2 1 9 26 -9.9339322969588402488517e-05 
2 1 10 26 3.0817863531119068891406e-04 
2 1 11 26 -9.0099890342691018110810e-05 
2 1 12 26 1.9647240655979824990041e-04 
2 1 13 26 -4.4364133119406201979928e-05 
2 1 14 26 9.7091358344694408434583e-05 
2 1 15 26 -2.1832124529850584476048e-04 
2 1 16 26 1.2868992365850124713796e-05 
2 1 17 26 5.9705922234698207079831e-06 
2 1 18 26 1.6603348807723966303138e-05 
2 1 19 26 -1.7562756023263746620218e-05 
2 1 20 26 -5.3497191318015499929620e-05 
2 1 21 26 -4.2581232016623425835899e-04 
2 1 22 26 -2.2416922983087284038106e-04 
2 1 23 26 -2.4315168265084431686862e-04 
2 1 24 26 -2.4420965209250717465163e-06 
2 1 25 26 2.6037428637882385090187e-05 
2 1 26 26 2.5579908789590812353719e-05 
2 1 1 27 -8.6486941220943608366056e-03 
2 1 2 27 -1.4091533647596424239090e-03 
2 1 3 27 1.0718830997420356315047e-04 
2 1 4 27 -3.6226698274872655772261e-04 
2 1 5 27 -1.0614119558381607429098e-03 
2 1 6 27 8.7746935911959785328595e-04 
2 1 7 27 1.1211046412642772934776e-03 
2 1 8 27 4.9178071375640861583045e-04 
2 1 9 27 1.6987399659273625090322e-04 
2 1 10 27 -5.2699711332681664979760e-04 
2 1 11 27 1.5407421761646675987395e-04 
2 1 12 27 -3.3597524046669741126792e-04 
2 1 13 27 7.5864344280627367053671e-05 
2 1 14 27 -1.6602989212727260141117e-04 
2 1 15 27 3.7333758043953113592295e-04 
2 1 16 27 -2.2006463301313524891234e-05 
2 1 17 27 -1.0209938347771313862152e-05 
2 1 18 27 -2.8392353948866196717768e-05 
2 1 19 27 3.0032976546212831114521e-05 
2 1 20 27 9.1482218964513881652445e-05 
2 1 21 27 7.2815516013969433517516e-04 
2 1 22 27 3.8333785500181574538991e-04 
2 1 23 27 4.1579856672475457371463e-04 
2 1 24 27 4.1760773445402288295541e-06 
2 1 25 27 -4.4524986999058271345403e-05 
2 1 26 27 -4.3741670699269316353180e-05 
2 1 27 27 7.4800459757826917887510e-05 
2 1 1 28 2.7874283390320608866375e-03 
2 1 2 28 4.5416267097934080732013e-04 
2 1 3 28 -3.4546224969591720222600e-05 
2 1 4 28 1.1675673110341563271097e-04 
2 1 5 28 3.4208745543820519470490e-04 
2 1 6 28 -2.8280373010230986340063e-04 
2 1 7 28 -3.6132609200469393249955e-04 
2 1 8 28 -1.5849832110630959151193e-04 
2 1 9 28 -5.4749489978799301516735e-05 
2 1 10 28 1.6984838029162306616282e-04 
2 1 11 28 -4.9657304841099265306850e-05 
2 1 12 28 1.0828304172507286634586e-04 
2 1 13 28 -2.4450676620607888285715e-05 
2 1 14 28 5.3510555455961520939304e-05 
2 1 15 28 -1.2032472614384215380337e-04 
2 1 16 28 7.0925666443986655766880e-06 
2 1 17 28 3.2906090894818123849261e-06 
2 1 18 28 9.1507054003330199070006e-06 
2 1 19 28 -9.6794693798258327937026e-06 
2 1 20 28 -2.9484234967637920859888e-05 
2 1 21 28 -2.3468055407354423014948e-04 
2 1 22 28 -1.2354776170498597918229e-04 
2 1 23 28 -1.3400967728255803708762e-04 
2 1 24 28 -1.3459276246593028573918e-06 
2 1 25 28 1.4350167644287540789048e-05 
2 1 26 28 1.4097708946862984042813e-05 
2 1 27 28 -2.4107615091545667954792e-05 
2 1 28 28 7.7703064788254979321485e-06 
2 1 1 29 4.2617833743497562926095e-02 
2 1 2 29 6.9438302442671809289187e-03 
2 1 3 29 -5.2818766732158498392047e-04 
2 1 4 29 1.7851289250825404936185e-03 
2 1 5 29 5.2302784245439951082979e-03 
2 1 6 29 -4.3238716428226544458147e-03 
2 1 7 29 -5.5244237495236173107749e-03 
2 1 8 29 -2.4233287015651555629248e-03 
2 1 9 29 -8.3708148790211968359731e-04 
2 1 10 29 2.5968631844302397793101e-03 
2 1 11 29 -7.5922553137391934896527e-04 
2 1 12 29 1.6555721289254980016503e-03 
2 1 13 29 -3.7383377952417227302329e-04 
2 1 14 29 8.1813904379554125770313e-04 
2 1 15 29 -1.8396810788723783752774e-03 
2 1 16 29 1.0844039354588187566708e-04 
2 1 17 29 5.0311116209432823640976e-05 
2 1 18 29 1.3990789859107729403709e-04 
2 1 19 29 -1.4799233077264061647638e-04 
2 1 20 29 -4.5079337334350206081823e-04 
2 1 21 29 -3.5881018702033796313744e-03 
2 1 22 29 -1.8889590429982368660622e-03 
2 1 23 29 -2.0489144300052152328218e-03 
2 1 24 29 -2.0578293954796463244121e-05 
2 1 25 29 2.1940404719711175361707e-04 
2 1 26 29 2.1554412992382898737326e-04 
2 1 27 29 -3.6858860819373126006815e-04 
2 1 28 29 1.1879415752478366449102e-04 
2 1 29 29 1.8162803029027076683055e-03 
2 1 1 30 -9.6196532737849189259594e-04 
2 1 2 30 -1.5673541678329057456193e-04 
2 1 3 30 1.1922197298210821534217e-05 
2 1 4 30 -4.0293745129433823854229e-05 
2 1 5 30 -1.1805730265946956037207e-04 
2 1 6 30 9.7597982700494431782673e-05 
2 1 7 30 1.2469672045681214241075e-04 
2 1 8 30 5.4699124356650071681132e-05 
2 1 9 30 1.8894516610085804447089e-05 
2 1 10 30 -5.8616126722986592201964e-05 
2 1 11 30 1.7137160026429968805346e-05 
2 1 12 30 -3.7369402550732670970426e-05 
2 1 13 30 8.4381373363430623834713e-06 
2 1 14 30 -1.8466949724445336591429e-05 
2 1 15 30 4.1525090692335985377917e-05 
2 1 16 30 -2.4477053269839222905636e-06 
2 1 17 30 -1.1356173020523771896194e-06 
2 1 18 30 -3.1579865903319038670074e-06 
2 1 19 30 3.3404675558553844526765e-06 
2 1 20 30 1.0175261313798402633239e-05 
2 1 21 30 8.0990263630279142083312e-05 
2 1 22 30 4.2637387792608997215404e-05 
2 1 23 30 4.6247884214225892188926e-05 
2 1 24 30 4.6449111891155730120530e-07 
2 1 25 30 -4.9523654196139974882108e-06 
2 1 26 30 -4.8652397668683248805211e-06 
2 1 27 30 8.3197438725578059788655e-06 
2 1 28 30 -2.6814094147009925216867e-06 
2 1 29 30 -4.0996878389228824136892e-05 
2 1 30 30 9.2592702398073464374622e-07 
2 1 1 31 -1.1499603798078095531765e-03 
2 1 2 31 -1.8736592087434291841602e-04 
2 1 3 31 1.4252129617350535754818e-05 
2 1 4 31 -4.8168275024207797638948e-05 
2 1 5 31 -1.4112901654713772090638e-04 
2 1 6 31 1.1667137064138330231067e-04 
2 1 7 31 1.4906596312373558699260e-04 
2 1 8 31 6.5388870087189978090245e-05 
2 1 9 31 2.2587036017643043282060e-05 
2 1 10 31 -7.0071364768343081131513e-05 
2 1 11 31 2.0486242582697940890421e-05 
2 1 12 31 -4.4672433743058934368236e-05 
2 1 13 31 1.0087186450487773596661e-05 
2 1 14 31 -2.2075910549590812984380e-05 
2 1 15 31 4.9640260106097324572724e-05 
2 1 16 31 -2.9260557188137016870191e-06 
2 1 17 31 -1.3575488292730962506150e-06 
2 1 18 31 -3.7751458971421579811955e-06 
2 1 19 31 3.9932887703280491676966e-06 
2 1 20 31 1.2163793259519010666117e-05 
2 1 21 31 9.6818036652966395043396e-05 
2 1 22 31 5.0969931310958981008838e-05 
2 1 23 31 5.5286020174169530532263e-05 
2 1 24 31 5.5526573392870566544892e-07 
2 1 25 31 -5.9201967646864102953058e-06 
2 1 26 31 -5.8160443115042846651003e-06 
2 1 27 31 9.9456555774876957611713e-06 
2 1 28 31 -3.2054321514403640627213e-06 
2 1 29 31 -4.9008820278268204516728e-05 
2 1 30 31 1.1062220132340663434570e-06 
2 1 31 31 1.3229586080696090241677e-06 
2 1 1 32 4.9176030416248836529824e-03 
2 1 2 32 8.0123736310146794620257e-04 
2 1 3 32 -6.0946722327613665846219e-05 
2 1 4 32 2.0598314509635449673364e-04 
2 1 5 32 6.0351338465220198334360e-04 
2 1 6 32 -4.9892456923824354646235e-04 
2 1 7 32 -6.3745433888994342333523e-04 
2 1 8 32 -2.7962398711764793225731e-04 
2 1 9 32 -9.6589481665596737050561e-05 
2 1 10 32 2.9964785097474325344102e-04 
2 1 11 32 -8.7605808517512745621503e-05 
2 1 12 32 1.9103379551935661864043e-04 
2 1 13 32 -4.3136076373913095557966e-05 
2 1 14 32 9.4403743617192247428865e-05 
2 1 15 32 -2.1227783006365092549617e-04 
2 1 16 32 1.2512761965935251284084e-05 
2 1 17 32 5.8053184868150554021234e-06 
2 1 18 32 1.6143746578012320403665e-05 
2 1 19 32 -1.7076596157494183206727e-05 
2 1 20 32 -5.2016319675960315813482e-05 
2 1 21 32 -4.1402528286093860480921e-04 
2 1 22 32 -2.1796393479924587761876e-04 
2 1 23 32 -2.3642092870476347221675e-04 
2 1 24 32 -2.3744961218028683299329e-06 
2 1 25 32 2.5316678842361283602314e-05 
2 1 26 32 2.4871289218908167401381e-05 
2 1 27 32 -4.2530844520887996305231e-05 
2 1 28 32 1.3707466078335251010931e-05 
2 1 29 32 2.0957758884446577116872e-04 
2 1 30 32 -4.7305636198548522541180e-06 
2 1 31 32 -5.6550486614923017739467e-06 
2 1 32 32 2.4183369410223570306409e-05 
2 1 1 33 -5.5277444110842788305149e-03 
2 1 2 33 -9.0064922246611877135192e-04 
2 1 3 33 6.8508560139717109439134e-05 
2 1 4 33 -2.3154007540780686610904e-04 
2 1 5 33 -6.7839305262904154095183e-04 
2 1 6 33 5.6082759747275038111902e-04 
2 1 7 33 7.1654516017137731900832e-04 
2 1 8 33 3.1431775174029299990686e-04 
2 1 9 33 1.0857362071060058621164e-04 
2 1 10 33 -3.3682603485865104421537e-04 
2 1 11 33 9.8475317001411985691484e-05 
2 1 12 33 -2.1473591637475382583322e-04 
2 1 13 33 4.8488095332966686928228e-05 
2 1 14 33 -1.0611669175984581514269e-04 
2 1 15 33 2.3861576032046377931345e-04 
2 1 16 33 -1.4065256882061414028372e-05 
2 1 17 33 -6.5256013038020512656307e-06 
2 1 18 33 -1.8146748357927275146703e-05 
2 1 19 33 1.9195339308762749482191e-05 
2 1 20 33 5.8470136353007607548163e-05 
2 1 21 33 4.6539460871692760884910e-04 
2 1 22 33 2.4500735667483213280765e-04 
2 1 23 33 2.6575436371116230652167e-04 
2 1 24 33 2.6691067894923264144230e-06 
2 1 25 33 -2.8457793114561522594165e-05 
2 1 26 33 -2.7957142699919064151616e-05 
2 1 27 33 4.7807770596590117235039e-05 
2 1 28 33 -1.5408191422382989054472e-05 
2 1 29 33 -2.3558049228816139823717e-04 
2 1 30 33 5.3174984620736089058202e-06 
2 1 31 33 6.3566870624511538113988e-06 
2 1 32 33 -2.7183252729278030304996e-05 
2 1 33 33 3.0556508010141261006375e-05 
2 1 1 34 -2.6587255668252696844123e-03 
2 1 2 34 -4.3319280640218417281762e-04 
2 1 3 34 3.2951136457139496081618e-05 
2 1 4 34 -1.1136577100009448573759e-04 
2 1 5 34 -3.2629239328879990934829e-04 
2 1 6 34 2.6974595080629822346080e-04 
2 1 7 34 3.4464273227112940563288e-04 
2 1 8 34 1.5118004388610948099392e-04 
2 1 9 34 5.2221564493304287006559e-05 
2 1 10 34 -1.6200604149770633354705e-04 
2 1 11 34 4.7364498707273789768549e-05 
2 1 12 34 -1.0328333376561060199736e-04 
2 1 13 34 2.3321725673483857514158e-05 
2 1 14 34 -5.1039834780181649607003e-05 
2 1 15 34 1.1476902248577471521082e-04 
2 1 16 34 -6.7650845073959816060490e-06 
2 1 17 34 -3.1386731612593865407574e-06 
2 1 18 34 -8.7281936764736575023495e-06 
2 1 19 34 9.2325432561399047612198e-06 
2 1 20 34 2.8122871619384076278224e-05 
2 1 21 34 2.2384474621822887142886e-04 
2 1 22 34 1.1784324216318242716309e-04 
2 1 23 34 1.2782210405340704156840e-04 
2 1 24 34 1.2837826668663833169087e-06 
2 1 25 34 -1.3687583307465107213506e-05 
2 1 26 34 -1.3446781280738793584294e-05 
2 1 27 34 2.2994504182057300036707e-05 
2 1 28 34 -7.4110069906785716598030e-06 
2 1 29 34 -1.1330912417652531324480e-04 
2 1 30 34 2.5576018103013297279140e-06 
2 1 31 34 3.0574290626323349906977e-06 
2 1 32 34 -1.3074556934262505664829e-05 
2 1 33 34 1.4696755392628036405740e-05 
2 1 34 34 7.0693713732032733459195e-06 
2 1 1 35 -8.9980325560870197398877e-03 
2 1 2 35 -1.4660719495484088661930e-03 
2 1 3 35 1.1151786491279752026179e-04 
2 1 4 35 -3.7689968667524290958648e-04 
2 1 5 35 -1.1042845543182047002295e-03 
2 1 6 35 9.1291214012947452874358e-04 
2 1 7 35 1.1663883493237998945080e-03 
2 1 8 35 5.1164474201155257966633e-04 
2 1 9 35 1.7673555454682905122704e-04 
2 1 10 35 -5.4828360394488292323123e-04 
2 1 11 35 1.6029759020205866688891e-04 
2 1 12 35 -3.4954596718084294387774e-04 
2 1 13 35 7.8928660216960448182955e-05 
2 1 14 35 -1.7273617884441426137410e-04 
2 1 15 35 3.8841744843583127927422e-04 
2 1 16 35 -2.2895349336468664405882e-05 
2 1 17 35 -1.0622338627297563064169e-05 
2 1 18 35 -2.9539179160370840999603e-05 
2 1 19 35 3.1246069857922972802695e-05 
2 1 20 35 9.5177372783077139693081e-05 
2 1 21 35 7.5756683544646709685400e-04 
2 1 22 35 3.9882165452877487051009e-04 
2 1 23 35 4.3259352074964457432471e-04 
2 1 24 35 4.3447576446137011840862e-06 
2 1 25 35 -4.6323442235447070958188e-05 
2 1 26 35 -4.5508486189161967460162e-05 
2 1 27 35 7.7821231278239451703560e-05 
2 1 28 35 -2.5081370942369525696425e-05 
2 1 29 35 -3.8347665549388985223311e-04 
2 1 30 35 8.6557953335791309340021e-06 
2 1 31 35 1.0347380935721457988902e-05 
2 1 32 35 -4.4248752266451673578404e-05 
2 1 33 35 4.9738824172665434741533e-05 
2 1 34 35 2.3923299207994082435542e-05 
2 1 35 35 8.0965139621310357642865e-05 
2 1 1 36 1.1005926095015257024090e-05 
2 1 2 36 1.7932230658299798053902e-06 
2 1 3 36 -1.3640286049764506719065e-07 
2 1 4 36 4.6100412184199916823524e-07 
2 1 5 36 1.3507035140113539273417e-06 
2 1 6 36 -1.1166267162171847129328e-06 
2 1 7 36 -1.4266656505994527862676e-06 
2 1 8 36 -6.2581727531911213532759e-07 
2 1 9 36 -2.1617375126935574668554e-07 
2 1 10 36 6.7063202833394963656871e-07 
2 1 11 36 -1.9606768701748382738602e-07 
2 1 12 36 4.2754647280994301625408e-07 
2 1 13 36 -9.6541437888087536747279e-08 
2 1 14 36 2.1128192262552584482964e-07 
2 1 15 36 -4.7509204982807780160803e-07 
2 1 16 36 2.8004402200495894436158e-08 
2 1 17 36 1.2992692920787193372769e-08 
2 1 18 36 3.6130789783452268624196e-08 
2 1 19 36 -3.8218569835618044620059e-08 
2 1 20 36 -1.1641601919721228999431e-07 
2 1 21 36 -9.2661640764166224999948e-07 
2 1 22 36 -4.8781793436162785898482e-07 
2 1 23 36 -5.2912592712669291091919e-07 
2 1 24 36 -5.3142818988517866226106e-09 
2 1 25 36 5.6660428658237134974524e-08 
2 1 26 36 5.5663616748924401271678e-08 
2 1 27 36 -9.5186888325650374239841e-08 
2 1 28 36 3.0678230294559670275856e-08 
2 1 29 36 4.6904872850885146915671e-07 
2 1 30 36 -1.0587319299135912223264e-08 
2 1 31 36 -1.2656378952434265323352e-08 
2 1 32 36 5.4122775640457617751729e-08 
2 1 33 36 -6.0837946460652245508929e-08 
2 1 34 36 -2.9261737095109173674422e-08 
2 1 35 36 -9.9031681312733686801166e-08 
2 1 36 36 6.7086321903192651007951e-10 
2 1 1 37 -3.4462916543856261797352e-03 
2 1 2 37 -5.6151291884806980164724e-04 
2 1 3 37 4.2711902270671715017153e-05 
2 1 4 37 -1.4435447267308271560027e-04 
2 1 5 37 -4.2294652968769973384877e-04 
2 1 6 37 3.4964993403888795439616e-04 
2 1 7 37 4.4673259504135693145899e-04 
2 1 8 37 1.9596250551592343802643e-04 
2 1 9 37 6.7690604904070353223591e-05 
2 1 10 37 -2.0999537362573173718966e-04 
2 1 11 37 6.1394782013513395438342e-05 
2 1 12 37 -1.3387786074465715538753e-04 
2 1 13 37 3.0230073219010458306782e-05 
2 1 14 37 -6.6158823926379108039050e-05 
2 1 15 37 1.4876583326615272235421e-04 
2 1 16 37 -8.7690337694060576626161e-06 
2 1 17 37 -4.0684090364301699603057e-06 
2 1 18 37 -1.1313653955264809324553e-05 
2 1 19 37 1.1967401663907404978614e-05 
2 1 20 37 3.6453411727947428915345e-05 
2 1 21 37 2.9015190224805035429378e-04 
2 1 22 37 1.5275069644653249678612e-04 
2 1 23 37 1.6568549080123802681730e-04 
2 1 24 37 1.6640639959483565364336e-06 
2 1 25 37 -1.7742110998527867767732e-05 
2 1 26 37 -1.7429978740332173654803e-05 
2 1 27 37 2.9805922374312199827143e-05 
2 1 28 37 -9.6062910220039629256676e-06 
2 1 29 37 -1.4687348475822135842467e-04 
2 1 30 37 3.3152130795526675544841e-06 
2 1 31 37 3.9630988598054491369241e-06 
2 1 32 37 -1.6947494321935820625873e-05 
2 1 33 37 1.9050219431497551411669e-05 
2 1 34 37 9.1627437322545048016716e-06 
2 1 35 37 3.1009844503933120443001e-05 
2 1 36 37 -3.7929631250178388362961e-08 
2 1 37 37 1.1877475901085210593325e-05 
2 2 1 1 1.0000950433116315511744e-12 
2 2 2 2 1.0000950433116315511744e-12 
2 2 3 3 1.5491762650890867902831e+00 
2 2 4 4 2.8366337463226416264951e-10 
2 2 5 5 2.8366337463226416264951e-10 
2 2 6 6 2.8366337463226416264951e-10 
2 3 1 1 5.7544783450613745667823e-01 
2 3 1 2 -2.8166356285550886440205e-01 
2 3 2 2 9.7372843058410307737205e-01 
2 3 1 3 -3.7169978287806704209117e-01 
2 3 2 3 5.3734909170612987772131e-01 
2 3 3 3 3.9121653320786975438494e-01 
2 3 1 4 -6.5334682189402484842056e-03 
2 3 2 4 1.5110388524448188640736e-02 
2 3 3 4 9.2854194802717490708766e-03 
2 3 4 4 2.4395196847332918416336e-04 
2 3 1 5 -2.1795136835210393577711e-02 
2 3 2 5 2.6006009550548964126548e-02 
2 3 3 5 2.0599958747549954041212e-02 
2 3 4 5 4.6604781281457262516466e-04 
2 3 5 5 1.1069427478452482666721e-03 
2 3 1 6 6.4009271868313566411501e-03 
2 3 2 6 -3.9204956294810328065736e-02 
2 3 3 6 -1.9472541331606849079883e-02 
2 3 4 6 -5.8675994052930250874378e-04 
2 3 5 6 -9.0435043727815200148568e-04 
2 3 6 6 1.6278933328562367622433e-03 
2 4 1 1 3.8967966611700453893885e-02 
2 4 1 2 9.7788096535073282256079e-02 
2 4 2 2 9.2769640110227502560747e-01 
2 4 1 3 1.7782379547350479764845e-01 
2 4 2 3 -5.7735008932024614591860e-02 
2 4 3 3 1.1837243657779681349496e+00 
2 4 1 4 -3.3968479081533209211485e-04 
2 4 2 4 -7.4115023062852995738847e-03 
2 4 3 4 3.2946948116894473473915e-03 
2 4 4 4 6.6014641032746221196818e-05 
2 4 1 5 2.3754829152143989989820e-02 
2 4 2 5 -6.8467889268168571209605e-03 
2 4 3 5 1.5748987215520668381252e-01 
2 4 4 5 4.3180294442016426206821e-04 
2 4 5 5 2.0954161481156800828085e-02 
2 4 1 6 -1.2988715557380403620158e-02 
2 4 2 6 -1.2256858137893289484310e-01 
2 4 3 6 7.1864737176321937667245e-03 
2 4 4 6 9.7815817103694916584411e-04 
2 4 5 6 8.4584051789938076264252e-04 
2 4 6 6 1.6194102386549773242574e-02 
2 5 1 1 3.5791151327014048000308e-01 
2 5 1 2 -4.6438143905206630268623e-01 
2 5 2 2 6.0875285444413795854501e-01 
2 5 1 3 -3.2526829227003353772751e-02 
2 5 2 3 1.1090364308117925395969e-01 
2 5 3 3 7.6064227146834095805161e-01 
2 5 1 4 1.2896374356967121171946e-02 
2 5 2 4 -1.6853245604092410847574e-02 
2 5 3 4 -2.5011355310303488505563e-03 
2 5 4 4 4.6701768694108638894924e-04 
2 5 1 5 5.3079719641189911094603e-03 
2 5 2 5 2.9363178443890317059761e-03 
2 5 3 5 1.0785633923189956451250e-01 
2 5 4 5 1.2126519639324712248555e-06 
2 5 5 5 1.5569668948275562289640e-02 
2 5 1 6 6.6125019045407795736935e-02 
2 5 2 6 -8.6686298551919976906888e-02 
2 5 3 6 -1.5832692201356121652900e-02 
2 5 4 6 2.3998684104739624253777e-03 
2 5 5 6 -4.2393366455709135826729e-04 
2 5 6 6 1.2344115838241055682634e-02 
2 6 1 1 4.2829107969529447985657e-02 
2 6 1 2 -1.9891451979749072420667e-01 
2 6 2 2 9.2383525974473867936609e-01 
2 6 1 3 5.2015590773931391632701e-02 
2 6 2 3 -2.4158016340577798120037e-01 
2 6 3 3 6.3172672647752337038440e-02 
2 6 1 4 2.4841832982975876366327e-03 
2 6 2 4 -1.1537497525006969179007e-02 
2 6 3 4 3.0170229621168361336392e-03 
2 6 4 4 1.4414319947398575587523e-04 
2 6 1 5 -9.1012320673843736412202e-05 
2 6 2 5 4.2269705526790915441765e-04 
2 6 3 5 -1.1053543827487465577020e-04 
2 6 4 5 -5.2789490780157132245542e-06 
2 6 5 5 2.4830469020745148398731e-07 
2 6 1 6 -2.3934944294932104444373e-03 
2 6 2 6 1.1116302704150898827962e-02 
2 6 3 6 -2.9068803535654851900871e-03 
2 6 4 6 -1.3882812652081717198771e-04 
2 6 5 6 5.0862169208290877834037e-06 
2 6 6 6 1.3381487094999151951820e-04 
2 7 1 1 3.6834516107191535468079e-03 
2 7 1 2 -1.9413201216930433407049e-02 
2 7 2 2 1.0231832900656266660544e-01 
2 7 1 3 1.3953973229020939957057e-03 
2 7 2 3 -7.3544956188688944548337e-03 
2 7 3 3 5.2870263143020589970134e-04 
2 7 1 4 -9.7101871488945680141458e-04 
2 7 2 4 5.1178067501060874044949e-03 
2 7 3 4 -3.6786067212223440628382e-04 
2 7 4 4 2.5598524775153762463031e-04 
2 7 1 5 -2.7107311628217446632799e-04 
2 7 2 5 1.4286726998277675393378e-03 
2 7 3 5 -1.0269564384624219532602e-04 
2 7 4 5 7.1460030527815420506137e-05 
2 7 5 5 1.9949546890228004127933e-05 
2 7 1 6 -1.2080405163430530182667e-03 
2 7 2 6 6.3670431719048143498485e-03 
2 7 3 6 -4.5765398493831117160413e-04 
2 7 4 6 3.1846978777011459259272e-04 
2 7 5 6 8.8903138639115174670161e-05 
2 7 6 6 3.9620736593195252832691e-04 
2 8 1 1 1.2444618570238780596877e-09 
2 9 1 1 9.8315336179306135791242e-10 
2 10 1 1 2.8268779032400216835277e-08 
2 11 1 1 2.8268779032400216835277e-08 
2 12 1 1 2.8268779032400216835277e-08 
2 13 1 1 2.8268779032400216835277e-08 
2 14 1 1 2.8276468508893706154499e-09 
2 15 1 1 2.8276468508893706154499e-09 
2 16 1 1 5.4973400751220312522323e-10 
2 17 1 1 2.1446000759440604806205e-03 
2 18 1 1 8.5280828651555854617442e-10 
2 19 1 1 2.1461616426499328829307e-09 
2 20 1 1 9.5714810265777276049315e-03 
2 21 1 1 6.0981711147031488129322e-09 
2 22 1 1 6.0981761954738953240629e-09 
2 23 1 1 3.5238345319838593021344e-03 
2 24 1 1 5.4973391416642454720201e-10 
2 25 1 1 3.0748558789811641922540e-02 
2 26 1 1 3.0163029795761906578978e-10 
2 27 1 1 5.9440234824737939545429e-10 
2 28 1 1 5.6700942901036756052336e-09 
2 29 1 1 4.4548473540987735719029e-09 
2 30 1 1 4.5032203819291524066084e-09 
2 31 1 1 2.6376496520732969565126e-09 
2 32 1 1 6.6533546778841401808994e-10 
2 33 1 1 3.1544470230965174957024e-09 
2 34 1 1 3.7082747511717460267953e-10 
2 35 1 1 8.0886438831644193592978e-10 
2 36 1 1 1.3742252547838152059451e-08 
2 37 1 1 1.1780293831635795119424e-08 
2 38 1 1 5.8324894420483838038960e-08 
2 39 1 1 2.1946243562307782452447e-09 
2 40 1 1 5.5439790760672476926299e-08 
2 41 1 1 6.2407744640075604736218e-02 
2 42 1 1 8.9737398600662210412793e+00 
2 43 1 1 2.7716611333159953936469e-06 
2 44 1 1 6.8358055035149345446399e-01 
2 45 1 1 2.7716686135125845695233e-06 
2 46 1 1 4.0941234297033328448645e-02 
2 47 1 1 2.7718051968861651083585e-06 
2 48 1 1 2.0238505921614887611323e-08 
2 49 1 1 5.6502733949869277515819e-10 
2 50 1 1 9.5268476900495144993784e-09 
2 51 1 1 2.2152705720108510450914e-09 
2 52 1 1 3.5005882136021763261618e-08 
2 53 1 1 3.6916859272612210834526e-08 
2 54 1 1 3.5943100402772009837489e-09 
2 55 1 1 6.8362105732763323029388e-01 
2 56 1 1 2.8063391508442542277865e-09 
