8.4158165409105777143850e+01 1.0101453608324321820078e+01 -5.4576853874433064461869e+00 -2.0847279333561752334703e-01 7.1759653460534633673262e-01 -5.4927706071428182565963e-02 6.1384637420328633794497e+00 1.1803327780440362460013e+01 1.3586753330545552759245e-02 -3.2048702685930652300783e+00 3.5261522989191557142519e-01 -6.9900501049672159048498e-01 3.3311349147983192187095e-02 3.3766710363431244878996e+00 6.7511638349972162842505e+00 -2.5038885340890104647116e-02 2.0688761154463836122730e-01 -1.0700389360604118868525e-02 4.8000182538717781066673e-02 1.6513788810248578031725e-02 3.0939444519225528518191e-01 2.4703585303844865193879e-03 -5.7098371935067837590339e-01 2.8185767911921472822501e-02 1.5688801005759945086937e-03 1.3277496126345628146836e-02 3.1628036567820272569052e-03 1.5511026596052207571219e-01 -9.9965941821825209448460e-04 8.9436986643407809238759e-02 9.4380777070666166395085e-03 1.9354936063939229121990e-04 7.6531215494778665614506e-03 4.2067800001290194325532e-03 1.0684308275062785048570e-02 -1.6315592548608211231898e-03 2.4763370154790840561854e-03 5.7735026918965913355350e+06 -0 -0 5.7735026918965913355350e+06 -0 -0 -0 -0 1.4744816618706338006047e-05 9.8344367355142991993233e-01 -1.2932173770322832329072e+00 1.2932186980646484641966e+01 2.8163954322574018540593e+00 1.0829483464164324502121e+00 1.1378710654566770443807e+01 4.6495555013099593502646e-03 7.5946275104300385756784e-04 4.2208932620017923509348e-02 2.6866215945947690552087e-02 2.5972772694625428924198e-01 2.5973018387941002593777e+00 3.5367145677675094865566e-03 2.4606843900032517903631e-03 4.9575096614224406499360e-02  
1 1 1 1 2.4031318491907427414844e-02 
1 1 1 2 8.0422635587724430883405e-02 
1 1 2 2  1 
1 1 1 3 -4.4638078601109555665349e-02 
1 1 3 3  1 
1 1 1 4 4.9600563992095850207598e-02 
1 1 4 4  1 
1 1 1 5 -1.1706276674342409871432e-02 
1 1 5 5  1 
1 1 1 6 5.6006425747318767938143e-02 
1 1 6 6  1 
1 1 1 7 1.8157389025901200796387e-02 
1 1 7 7  1 
1 1 1 8 -3.1144726122739496698699e-02 
1 1 8 8  1 
1 1 1 9 1.7940431807088295240726e-02 
1 1 9 9  1 
1 1 1 10 3.6095395493847785969507e-04 
1 1 10 10  1 
1 1 1 11 -5.8286836869371708158560e-02 
1 1 11 11  1 
1 1 1 12 2.4047200072262169684434e-02 
1 1 12 12  1 
1 1 1 13 -4.5819902407392469612102e-02 
1 1 13 13  1 
1 1 1 14 -4.0042782376131418400900e-03 
1 1 14 14  1 
1 1 1 15 -3.6983567943210123030173e-02 
1 1 15 15  1 
1 1 1 16 -1.6459883309857623739925e-02 
1 1 16 16  1 
1 1 1 17 1.3312571886671280274594e-02 
1 1 17 17  1 
1 1 1 18 6.5121883728226376969461e-03 
1 1 18 18  1 
1 1 1 19 -4.4381380178578457365579e-03 
1 1 19 19  1 
1 1 1 20 -1.5311106090220058528750e-02 
1 1 20 20  1 
1 1 1 21 1.9869927476938702842757e-03 
1 1 21 21  1 
1 1 1 22 -9.6453099561220629470926e-04 
1 1 22 22  1 
1 1 1 23 -1.4773498901203205302401e-04 
1 1 23 23  1 
1 1 1 24 1.1895868261032824242385e-03 
1 1 24 24  1 
1 1 1 25 -6.3733641778726014825995e-04 
1 1 25 25  1 
1 1 1 26 -6.8821308926705557218462e-04 
1 1 26 26  1 
1 1 1 27 -5.2214610756601363000806e-04 
1 1 27 27  1 
1 1 1 28 -1.7417196459155459553614e-03 
1 1 28 28  1 
1 1 1 29 4.7486165153344528366830e-04 
1 1 29 29  1 
1 1 1 30 8.6990656203669793240796e-04 
1 1 30 30  1 
1 1 1 31 3.3277396460917874065899e-05 
1 1 31 31  1 
1 1 1 32 1.9963310803261524739582e-04 
1 1 32 32  1 
1 1 1 33 -1.9295451814299591219992e-04 
1 1 33 33  1 
1 1 1 34 -2.9053383938193455549026e-04 
1 1 34 34  1 
1 1 1 35 -1.0367075182426965795912e-05 
1 1 35 35  1 
1 1 1 36 2.5801463632983689944211e-04 
1 1 36 36  1 
1 1 1 37 5.1739215443546981987311e-05 
1 1 37 37  1 
1 2 1 1 5.7735026918955910950899e+06 
1 2 2 2 5.7735026918955910950899e+06 
1 2 3 3 4.0520258995369040633250e-08 
1 2 4 4 1.3744816618706337416024e-05 
1 2 5 5 1.3744816618706337416024e-05 
1 2 6 6 1.3744816618706337416024e-05 
1 3 1 1 7.9476606686698736403685e-01 
1 3 1 2 -2.0847279333561752334703e-01 
1 3 2 2 9.8344267355142989117667e-01 
1 3 1 3 4.6971438936489867677082e-01 
1 3 2 3 -5.4927706071428182565963e-02 
1 3 3 3 8.6945396127399932062474e-01 
1 3 2 4 1.2932173770322832329072e+00 
1 3 3 4 1.3586753330545552759245e-02 
1 3 4 4 1.2932185980646485390366e+01 
1 3 1 5 -1.2932173770322832329072e+00 
1 3 3 5 -3.1938363086121528411354e+00 
1 3 5 5 1.2932185980646485390366e+01 
1 3 1 6 -1.3586753330545552759245e-02 
1 3 2 6 3.1938363086121528411354e+00 
1 3 6 6 1.2932185980646485390366e+01 
1 4 1 1 4.9135003430932167045597e-01 
1 4 1 2 3.5261522989191557142519e-01 
1 4 2 2 2.8163944322574017142813e+00 
1 4 1 3 -5.2014437228770848964388e-01 
1 4 2 3 3.3311349147983192187095e-02 
1 4 3 3 2.4968441656981390508463e+00 
1 4 2 4 -1.0829483464164324502121e+00 
1 4 3 4 -2.5038885340890104647116e-02 
1 4 4 4 1.1378709654566771192208e+01 
1 4 1 5 1.0829483464164324502121e+00 
1 4 3 5 -5.2130067184850048533917e+00 
1 4 5 5 1.1378709654566771192208e+01 
1 4 1 6 2.5038885340890104647116e-02 
1 4 2 6 5.2130067184850048533917e+00 
1 4 6 6 1.1378709654566771192208e+01 
1 5 1 1 8.8796742405615219917436e-02 
1 5 1 2 -1.0700389360604118868525e-02 
1 5 2 2 4.6485555013099592175374e-03 
1 5 1 3 4.8000182538717781066673e-02 
1 5 2 3 1.6513788810248578031725e-02 
1 5 3 3 1.8665402055192220620583e-01 
1 5 2 4 -7.5946275104300385756784e-04 
1 5 3 4 -4.2182678970584079614081e-03 
1 5 4 4 4.2207932620017922509259e-02 
1 5 1 5 7.5946275104300385756784e-04 
1 5 3 5 -2.4703585303844865193879e-03 
1 5 5 5 4.2207932620017922509259e-02 
1 5 1 6 4.2182678970584079614081e-03 
1 5 2 6 2.4703585303844865193879e-03 
1 5 6 6 4.2207932620017922509259e-02 
1 6 1 1 5.0641899744598262156359e-02 
1 6 1 2 1.5688801005759945086937e-03 
1 6 2 2 2.6865215945947689551998e-02 
1 6 1 3 1.3277496126345628146836e-02 
1 6 2 3 3.1628036567820272569052e-03 
1 6 3 3 1.5070018184725120224954e-01 
1 6 2 4 -2.5972772694625428924198e-01 
1 6 3 4 8.2415393364895908612233e-02 
1 6 4 4 2.5973008387941001195998e+00 
1 6 1 5 2.5972772694625428924198e-01 
1 6 3 5 9.9965941821825209448460e-04 
1 6 5 5 2.5973008387941001195998e+00 
1 6 1 6 -8.2415393364895908612233e-02 
1 6 2 6 -9.9965941821825209448460e-04 
1 6 6 6 2.5973008387941001195998e+00 
1 7 1 1 1.2973792274834127294381e-02 
1 7 1 2 1.9354936063939229121990e-04 
1 7 2 2 3.5357145677675093538295e-03 
1 7 1 3 7.6531215494778665614506e-03 
1 7 2 3 4.2067800001290194325532e-03 
1 7 3 3 1.0683308275062785783205e-02 
1 7 2 4 -2.4606843900032517903631e-03 
1 7 3 4 2.4763370154790840561854e-03 
1 7 4 4 4.9574096614224405499272e-02 
1 7 1 5 2.4606843900032517903631e-03 
1 7 3 5 1.6315592548608211231898e-03 
1 7 5 5 4.9574096614224405499272e-02 
1 7 1 6 -2.4763370154790840561854e-03 
1 7 2 6 -1.6315592548608211231898e-03 
1 7 6 6 4.9574096614224405499272e-02 
1 8 1 1 4.7448166187063397291148e-07 
1 9 1 1 4.7448166187063397291148e-07 
1 10 1 1 4.7448166187063397291148e-07 
1 11 1 1 4.7448166187063397291148e-07 
1 12 1 1 4.7448166187063397291148e-07 
1 13 1 1 4.7448166187063397291148e-07 
1 14 1 1 4.4870540066768018760968e+00 
1 15 1 1 5.8586935778403876895482e+00 
1 16 1 1 1.3068044513951939666896e+00 
1 17 1 1 1.2796309447341029930101e+00 
1 18 1 1 3.2103236535796497719275e-07 
1 19 1 1 2.5864350750969320458239e+00 
1 20 1 1 6.3508767839416817579945e+00 
1 21 1 1 1.6142186742550574951593e+00 
1 22 1 1 1.1128311801157868554668e+00 
1 23 1 1 1.1629089507975671757833e+00 
1 24 1 1 2.2208184118731093548149e+00 
1 25 1 1 5.4921719040244676435236e-02 
1 26 1 1 6.6902517923862793447487e-03 
1 27 1 1 1.7495347316173058722921e-03 
1 28 1 1 1.6253649433757566544756e-06 
1 29 1 1 8.4381611590601916794707e-03 
1 30 1 1 4.9793560130447960324074e-03 
1 31 1 1 3.4604305109587887509526e-03 
1 32 1 1 2.5872952446119179548134e-01 
1 33 1 1 2.6072884329762829880295e-01 
1 34 1 1 3.4214457724430596963217e-01 
1 35 1 1 1.7731379051451415240770e-01 
1 36 1 1 5.1945691082566436413970e-01 
1 37 1 1 1.4569331557856557424202e-06 
1 38 1 1 8.4619557585039937262772e-04 
1 39 1 1 4.1093140855720418358477e-03 
1 40 1 1 4.9540918461903043351624e-03 
1 41 1 1 1.4178152321362227916701e-06 
1 42 1 1 4.9384392207144720693401e-03 
1 43 1 1 1.7070440707968488613933e-05 
1 44 1 1 7.5194178364434982597686e-07 
2 1 1 1 1.0000000001010445060956e+00 
2 1 1 2 -8.0422685630275186907667e-02 
2 1 2 2 6.4678179223361127042624e-03 
2 1 1 3 4.4638126079097763254655e-02 
2 1 2 3 -3.5899179807813729782551e-03 
2 1 3 3 1.9925718577562625578870e-03 
2 1 1 4 -4.9600537838204339369241e-02 
2 1 2 4 3.9890084616557453661700e-03 
2 1 3 4 -2.2140750616139888949652e-03 
2 1 4 4 2.4602229117903244223764e-03 
2 1 1 5 1.1706287426048830879743e-02 
2 1 2 5 -9.4145107356222341998819e-04 
2 1 3 5 5.2254673404159598763818e-04 
2 1 4 5 -5.8063815242089520697599e-04 
2 1 5 5 1.3704672302079375068549e-04 
2 1 1 6 -5.6006600296589402476766e-02 
2 1 2 6 4.5042012088641779007925e-03 
2 1 3 6 -2.5000296852924143616026e-03 
2 1 4 6 2.7779574972046864461683e-03 
2 1 5 6 -6.5562936082581943931374e-04 
2 1 6 6 3.1367488347710235398191e-03 
2 1 1 7 -1.8157985940621155368513e-02 
2 1 2 7 1.4603139949516501239213e-03 
2 1 3 7 -8.1053846573155615556905e-04 
2 1 4 7 9.0064586872897292070539e-04 
2 1 5 7 -2.1256260249264018516967e-04 
2 1 6 7 1.0169670606632414885939e-03 
2 1 7 7 3.2972201080241003105092e-04 
2 1 1 8 3.1144970366649447901519e-02 
2 1 2 8 -2.5047621607489898611087e-03 
2 1 3 8 1.3902531139446255847858e-03 
2 1 4 8 -1.5448072811471175603409e-03 
2 1 5 8 3.6459197498513791924762e-04 
2 1 6 8 -1.7443239065314439760479e-03 
2 1 7 8 -5.6552993389286283516110e-04 
2 1 8 8 9.7001873688279632683418e-04 
2 1 1 9 -1.7940528830660957410048e-02 
2 1 2 9 1.4428255101842373149534e-03 
2 1 3 9 -8.0083158786411015074569e-04 
2 1 4 9 8.8985987910510154583893e-04 
2 1 5 9 -2.1001698706597866548283e-04 
2 1 6 9 1.0047880273113332649793e-03 
2 1 7 9 3.2576387021652830405447e-04 
2 1 8 9 -5.5875723876924558979756e-04 
2 1 9 9 3.2187213245249044705348e-04 
2 1 1 10 -3.6137548315530969430739e-04 
2 1 2 10 2.9062786855193083787163e-05 
2 1 3 10 -1.6131124358967502283252e-05 
2 1 4 10 1.7924418337067731920448e-05 
2 1 5 10 -4.2303652700109307379988e-06 
2 1 6 10 2.0239412168487827260429e-05 
2 1 7 10 6.5618506908024293303367e-06 
2 1 8 10 -1.1255028611149958233653e-05 
2 1 9 10 6.4832672333432917334117e-06 
2 1 10 10 1.4014976809846779167711e-07 
2 1 1 11 5.8286867533746122838068e-02 
2 1 2 11 -4.6875864240383180100991e-03 
2 1 3 11 2.6018165417254737921404e-03 
2 1 4 11 -2.8910599785787268085901e-03 
2 1 5 11 6.8232282451370098418086e-04 
2 1 6 11 -3.2644492924973696375279e-03 
2 1 7 11 -1.0583721211822839577965e-03 
2 1 8 11 1.8153427620958900376436e-03 
2 1 9 11 -1.0456972274350882865651e-03 
2 1 10 11 -2.1063444903689974130974e-05 
2 1 11 11 3.3973684849410625691268e-03 
2 1 1 12 -2.4047356875981015789101e-02 
2 1 2 12 1.9339530222681556095865e-03 
2 1 3 12 -1.0734289480916103971808e-03 
2 1 4 12 1.1927618346399587907769e-03 
2 1 5 12 -2.8150527142530956496713e-04 
2 1 6 12 1.3468107047151184427897e-03 
2 1 7 12 4.3665156796955802674665e-04 
2 1 8 12 -7.4895421726037855053582e-04 
2 1 9 12 4.3142229931949241340458e-04 
2 1 10 12 8.6901251435679714496324e-06 
2 1 11 12 -1.4016451047621507515484e-03 
2 1 12 12 5.7828493045996426629579e-04 
2 1 1 13 4.5819876203698067795855e-02 
2 1 2 13 -3.6849574995495206625185e-03 
2 1 3 13 2.0453134109105512369875e-03 
2 1 4 13 -2.2726905033826822789822e-03 
2 1 5 13 5.3638064066675059191752e-04 
2 1 6 13 -2.5662154921843468267928e-03 
2 1 7 13 -8.3199666792339594788980e-04 
2 1 8 13 1.4270586865741782985062e-03 
2 1 9 13 -8.2203281005231731721344e-04 
2 1 10 13 -1.6558179912273507893277e-05 
2 1 11 13 2.6706970546984663307521e-03 
2 1 12 13 -1.1018469150877014360590e-03 
2 1 13 13 2.0994706132375180393512e-03 
2 1 1 14 4.0043001087985939656644e-03 
2 1 2 14 -3.2203656881809309591239e-04 
2 1 3 14 1.7874445311405993963572e-04 
2 1 4 14 -1.9861543906255741081916e-04 
2 1 5 14 4.6875488013518451914461e-05 
2 1 6 14 -2.2426723565725583428403e-04 
2 1 7 14 -7.2710025064537983207485e-05 
2 1 8 14 1.2471380822236689117632e-04 
2 1 9 14 -7.1839261546398919667904e-05 
2 1 10 14 -1.4470558772965748367258e-06 
2 1 11 14 2.3339811000623573262677e-04 
2 1 12 14 -9.6292833751378788058849e-05 
2 1 13 14 1.8347653526818271307527e-04 
2 1 14 14 1.6043977068395709516604e-05 
2 1 1 15 3.6983652685284286454337e-02 
2 1 2 15 -2.9743246733636972446713e-03 
2 1 3 15 1.6508809514272151930392e-03 
2 1 4 15 -1.8344090644136401731246e-03 
2 1 5 15 4.3294126839816453409387e-04 
2 1 6 15 -2.0713286534377820663488e-03 
2 1 7 15 -6.7154864544163763839107e-04 
2 1 8 15 1.1518547669129796350018e-03 
2 1 9 15 -6.6350628725527340066176e-04 
2 1 10 15 -1.3364985322271347699136e-05 
2 1 11 15 2.1556612649786710718403e-03 
2 1 12 15 -8.8935909468707951414101e-04 
2 1 13 15 1.6945863876025282941662e-03 
2 1 14 15 1.4809364446960552328184e-04 
2 1 15 15 1.3678001237813156715228e-03 
2 1 1 16 1.6459995827099858922704e-02 
2 1 2 16 -1.3237570698728421628859e-03 
2 1 3 16 7.3474336898614810934666e-04 
2 1 4 16 -8.1642464584168411654425e-04 
2 1 5 16 1.9268544218237825351760e-04 
2 1 6 16 -9.2186840715224958181517e-04 
2 1 7 16 -2.9888037274399643309503e-04 
2 1 8 16 5.1264608224272354732032e-04 
2 1 9 16 -2.9530102967772141851766e-04 
2 1 10 16 -5.9482388973231176921229e-06 
2 1 11 16 9.5940159637669317205244e-04 
2 1 12 16 -3.9581939381377049310545e-04 
2 1 13 16 7.5419497111404759821796e-04 
2 1 14 16 6.5910763078818229753278e-05 
2 1 15 16 6.0875076886117516355990e-04 
2 1 16 16 2.7094102034851607826993e-04 
2 1 1 17 -1.3312402863287838006290e-02 
2 1 2 17 1.0706191904662136320237e-03 
2 1 3 17 -5.9424071743518006027962e-04 
2 1 4 17 6.6030234193348996685202e-04 
2 1 5 17 -1.5583881425080880816711e-04 
2 1 6 17 7.4558242618080327202695e-04 
2 1 7 17 2.4172642412834707652258e-04 
2 1 8 17 -4.1461439272727084077996e-04 
2 1 9 17 2.3883154739057839855559e-04 
2 1 10 17 4.8107760879265531770246e-06 
2 1 11 17 -7.7593826225347804510096e-04 
2 1 12 17 3.2012810255680298381423e-04 
2 1 13 17 -6.0997265116516461574969e-04 
2 1 14 17 -5.3306856237529657194414e-05 
2 1 15 17 -4.9234128391675033385028e-04 
2 1 16 17 -2.1912209559739177192235e-04 
2 1 17 17 1.7722962768956326980695e-04 
2 1 1 18 -6.5127441407290855013290e-03 
2 1 2 18 5.2377237459244347511644e-04 
2 1 3 18 -2.9071669404837080378026e-04 
2 1 4 18 3.2303561219730223767060e-04 
2 1 5 18 -7.6240054837712402944008e-05 
2 1 6 18 3.6475665782674510486186e-04 
2 1 7 18 1.1825831621047077669984e-04 
2 1 8 18 -2.0283922313283863606177e-04 
2 1 9 18 1.1684207396954262594101e-04 
2 1 10 18 2.3535458262509233473309e-06 
2 1 11 18 -3.7960745499480784805393e-04 
2 1 12 18 1.5661428250691479535650e-04 
2 1 13 18 -2.9841313028912804178674e-04 
2 1 14 18 -2.6078982059143844752158e-05 
2 1 15 18 -2.4086506728175470374090e-04 
2 1 16 18 -1.0719974131682942985414e-04 
2 1 17 18 8.6700273840836352486246e-05 
2 1 18 18 4.2425393643908655770102e-05 
2 1 1 19 4.4383070826048082527238e-03 
2 1 2 19 -3.5694057522648388498798e-04 
2 1 3 19 1.9811771112302338265949e-04 
2 1 4 19 -2.2014241839271890197050e-04 
2 1 5 19 5.1956098392220154613338e-05 
2 1 6 19 -2.4857449073945812574940e-04 
2 1 7 19 -8.0590717505178317554664e-05 
2 1 8 19 1.3823094252452309237122e-04 
2 1 9 19 -7.9625576158393060271189e-05 
2 1 10 19 -1.6038952951022790046443e-06 
2 1 11 19 2.5869501699267742275690e-04 
2 1 12 19 -1.0672955431407749559130e-04 
2 1 13 19 2.0336268108337685295121e-04 
2 1 14 19 1.7772313530058213851747e-05 
2 1 15 19 1.6414480763936420588955e-04 
2 1 16 19 7.3054516040036259470238e-05 
2 1 17 19 -5.9084531943190497088603e-05 
2 1 18 19 -2.8905558353027375974222e-05 
2 1 19 19 1.9708127438831478920765e-05 
2 1 1 20 1.5310493203184030036601e-02 
2 1 2 20 -1.2313109817547428226359e-03 
2 1 3 20 6.8343172596597306922561e-04 
2 1 4 20 -7.5940869743005472505826e-04 
2 1 5 20 1.7922903407761845459394e-04 
2 1 6 20 -8.5748867328133086124220e-04 
2 1 7 20 -2.7800772069322887344867e-04 
2 1 8 20 4.7684485726165459773540e-04 
2 1 9 20 -2.7467834478282017506359e-04 
2 1 10 20 -5.5328371369955870921016e-06 
2 1 11 20 8.9240068922907193459809e-04 
2 1 12 20 -3.6817689410034585076326e-04 
2 1 13 20 7.0152490317139566417676e-04 
2 1 14 20 6.1307809612676461650388e-05 
2 1 15 20 5.6623796311891072107619e-04 
2 1 16 20 2.5201065430420938615411e-04 
2 1 17 20 -2.0381945345280839130067e-04 
2 1 18 20 -9.9713325241328686857761e-05 
2 1 19 20 6.7952670525479232240505e-05 
2 1 20 20 2.3442075947849931832727e-04 
2 1 1 21 -1.9869869982589967796760e-03 
2 1 2 21 1.5979883071270991451961e-04 
2 1 3 21 -8.8695376146078806311839e-05 
2 1 4 21 9.8555623791011785664144e-05 
2 1 5 21 -2.3260240913501866334007e-05 
2 1 6 21 1.1128438660701019981281e-04 
2 1 7 21 3.6079681982014058614239e-05 
2 1 8 21 -6.1884651181096680776228e-05 
2 1 9 21 3.5647597528970346742599e-05 
2 1 10 21 7.1804838894268343135209e-07 
2 1 11 21 -1.1581524795897107926734e-04 
2 1 12 21 4.7781785455967345436611e-05 
2 1 13 21 -9.1043498278432162030584e-05 
2 1 14 21 -7.9564922534354178473501e-06 
2 1 15 21 -7.3486037034274133156880e-05 
2 1 16 21 -3.2705797700490683681263e-05 
2 1 17 21 2.6451571403965509836050e-05 
2 1 18 21 1.2940737933810680726021e-05 
2 1 19 21 -8.8188584683881859600883e-06 
2 1 20 21 -3.0421750928134058764712e-05 
2 1 21 21 3.9576750375574724075860e-06 
2 1 1 22 9.6406150283564551531357e-04 
2 1 2 22 -7.7532415194293539842212e-05 
2 1 3 22 4.3033898933870042610023e-05 
2 1 4 22 -4.7817969037473778194137e-05 
2 1 5 22 1.1285581053629827210207e-05 
2 1 6 22 -5.3993807332593006466284e-05 
2 1 7 22 -1.7505415494630569250541e-05 
2 1 8 22 3.0025667052113860560833e-05 
2 1 9 22 -1.7295773231704620080326e-05 
2 1 10 22 -3.4838838928310084823965e-07 
2 1 11 22 5.6192125124557775763499e-05 
2 1 12 22 -2.3183131082700305557404e-05 
2 1 13 22 4.4173178700377255169896e-05 
2 1 14 22 3.8603915909616760086787e-06 
2 1 15 22 3.5654515827912692897943e-05 
2 1 16 22 1.5868448366568090474862e-05 
2 1 17 22 -1.2833975031379104016194e-05 
2 1 18 22 -6.2786861648239283408631e-06 
2 1 19 22 4.2788010754765731297926e-06 
2 1 20 22 1.4760256798869808114553e-05 
2 1 21 22 -1.9155776689570110854282e-06 
2 1 22 22 9.3897206686489679270443e-07 
2 1 1 23 1.4792320147974667753424e-04 
2 1 2 23 -1.1896381120610620388983e-05 
2 1 3 23 6.6030145087402244603067e-06 
2 1 4 23 -7.3370703570667042273459e-06 
2 1 5 23 1.7316315114794807117972e-06 
2 1 6 23 -8.2846755870152238491024e-06 
2 1 7 23 -2.6859873004140367774503e-06 
2 1 8 23 4.6070636806568696802223e-06 
2 1 9 23 -2.6538204426099494228275e-06 
2 1 10 23 -5.3455739067754111067982e-08 
2 1 11 23 8.6219800440455083515717e-06 
2 1 12 23 -3.5571619867084583258563e-06 
2 1 13 23 6.7778227843884850901067e-06 
2 1 14 23 5.9232888766274345623949e-07 
2 1 15 23 5.4707402916727801918981e-06 
2 1 16 23 2.4348152579106583970380e-06 
2 1 17 23 -1.9692132827378794473496e-06 
2 1 18 23 -9.6338585911259440848291e-07 
2 1 19 23 6.5652856098899517372976e-07 
2 1 20 23 2.2647772862017796426006e-06 
2 1 21 23 -2.9392147916320026566783e-07 
2 1 22 23 1.4260715228720840784898e-07 
2 1 23 23 3.1438944059994096096621e-08 
2 1 1 24 -1.1896031619784363207726e-03 
2 1 2 24 9.5671081119750700071797e-05 
2 1 3 24 -5.3101655927708062002787e-05 
2 1 4 24 5.9004956648584601288515e-05 
2 1 5 24 -1.3925836536879358383730e-05 
2 1 6 24 6.6625628801631159130181e-05 
2 1 7 24 2.1600797480371039500186e-05 
2 1 8 24 -3.7050155223899908631200e-05 
2 1 9 24 2.1342109822933475653597e-05 
2 1 10 24 4.2989341053698858248144e-07 
2 1 11 24 -6.9338241919458253894291e-05 
2 1 12 24 2.8606811774327950827039e-05 
2 1 13 24 -5.4507469613807183535670e-05 
2 1 14 24 -4.7635280705801055219995e-06 
2 1 15 24 -4.3995870174540525226504e-05 
2 1 16 24 -1.9580863080231184002004e-05 
2 1 17 24 1.5836476542457765981798e-05 
2 1 18 24 7.7475810138883501531574e-06 
2 1 19 24 -5.2798241365358416523051e-06 
2 1 20 24 -1.8213411135968528200418e-05 
2 1 21 24 2.3637260160326881177598e-06 
2 1 22 24 -1.1468506197844707740919e-06 
2 1 23 24 -1.7596990513564907693758e-07 
2 1 24 24 1.4247133888093865266710e-06 
2 1 1 25 6.3735410520675782591188e-04 
2 1 2 25 -5.1257728837323115968130e-05 
2 1 3 25 2.8450292904409494525002e-05 
2 1 4 25 -3.1613106412104724344571e-05 
2 1 5 25 7.4610503475322500978491e-06 
2 1 6 25 -3.5696036614617755668329e-05 
2 1 7 25 -1.1573066870983506567220e-05 
2 1 8 25 1.9850374715407335181631e-05 
2 1 9 25 -1.1434469698085778543756e-05 
2 1 10 25 -2.3032414025436293189181e-07 
2 1 11 25 3.7149374301733264006065e-05 
2 1 12 25 -1.5326681621504412644189e-05 
2 1 13 25 2.9203486198957049094996e-05 
2 1 14 25 2.5521571124358312313148e-06 
2 1 15 25 2.3571682863009114255234e-05 
2 1 16 25 1.0490845910097727579683e-05 
2 1 17 25 -8.4847146180717764426182e-06 
2 1 18 25 -4.1509242044247121253405e-06 
2 1 19 25 2.8287732362760372680540e-06 
2 1 20 25 9.7582057066296192454147e-06 
2 1 21 25 -1.2664143204344513742206e-06 
2 1 22 25 6.1444856480818990078377e-07 
2 1 23 25 9.4279456389444712097433e-08 
2 1 24 25 -7.5819845856491646585368e-07 
2 1 25 25 4.1577796109740645625973e-07 
2 1 1 26 6.8819278706960069699750e-04 
2 1 2 26 -5.5346312168534669124163e-05 
2 1 3 26 3.0719636396900457087598e-05 
2 1 4 26 -3.4134732374492501611341e-05 
2 1 5 26 8.0561825701881397071916e-06 
2 1 6 26 -3.8543338355945055235738e-05 
2 1 7 26 -1.2496194964164963734808e-05 
2 1 8 26 2.1433743964783163381228e-05 
2 1 9 26 -1.2346542539444522589443e-05 
2 1 10 26 -2.4869600948920379781791e-07 
2 1 11 26 4.0112601818225589341265e-05 
2 1 12 26 -1.6549217553320905551087e-05 
2 1 13 26 3.1532908307275133081606e-05 
2 1 14 26 2.7557304525811231187026e-06 
2 1 15 26 2.5451883019219753083277e-05 
2 1 16 26 1.1327650405689665625208e-05 
2 1 17 26 -9.1614996256472738746408e-06 
2 1 18 26 -4.4820235529626981774544e-06 
2 1 19 26 3.0544109244806888240286e-06 
2 1 20 26 1.0536570976465942458709e-05 
2 1 21 26 -1.3674301200861168023603e-06 
2 1 22 26 6.6346016301118241859471e-07 
2 1 23 26 1.0179968411972555626603e-07 
2 1 24 26 -8.1867631588035135480796e-07 
2 1 25 26 4.3862249837158054428012e-07 
2 1 26 26 4.8316701775550297402631e-07 
2 1 1 27 5.2217719576793959063155e-04 
2 1 2 27 -4.1994892456987344586845e-05 
2 1 3 27 2.3309011498842737575158e-05 
2 1 4 27 -2.5900269757748527567950e-05 
2 1 5 27 6.1127563406534162135917e-06 
2 1 6 27 -2.9245369481943286503120e-05 
2 1 7 27 -9.4816861607104471678254e-06 
2 1 8 27 1.6263193280740028724436e-05 
2 1 9 27 -9.3681350323722423472511e-06 
2 1 10 27 -1.8870202330876526274963e-07 
2 1 11 27 3.0436073037916160349131e-05 
2 1 12 27 -1.2556981374255327701906e-05 
2 1 13 27 2.3926094467297073803023e-05 
2 1 14 27 2.0909542011458761846506e-06 
2 1 15 27 1.9312020045824345701501e-05 
2 1 16 27 8.5950344598488960350113e-06 
2 1 17 27 -6.9514332013392770366796e-06 
2 1 18 27 -3.4008064548820476199131e-06 
2 1 19 27 2.3175827410956482521175e-06 
2 1 20 27 7.9947904257163531112351e-06 
2 1 21 27 -1.0375592989569500594588e-06 
2 1 22 27 5.0341094669423055584130e-07 
2 1 23 27 7.7242116686519020873362e-08 
2 1 24 27 -6.2118364269071072453622e-07 
2 1 25 27 3.3281177881818895213163e-07 
2 1 26 27 3.5935858033087462113972e-07 
2 1 27 27 2.8222672878659047202124e-07 
2 1 1 28 1.7417194485878845829768e-03 
2 1 2 28 -1.4007375566992257692744e-04 
2 1 3 28 7.7747092340487970892580e-05 
2 1 4 28 -8.6390221413209535277627e-05 
2 1 5 28 2.0389068480709761268382e-05 
2 1 6 28 -9.7547784985889624074368e-05 
2 1 7 28 -3.1626117260081451360975e-05 
2 1 8 28 5.4245800613335738802473e-05 
2 1 9 28 -3.1247367982331042640491e-05 
2 1 10 28 -6.2941470733759540781316e-07 
2 1 11 28 1.0151937078079350748345e-04 
2 1 12 28 -4.1883749158058070007505e-05 
2 1 13 28 7.9805369515864981182392e-05 
2 1 14 28 6.9743673774814037805581e-06 
2 1 15 28 6.4415147161795986078918e-05 
2 1 16 28 2.8668694855755661094789e-05 
2 1 17 28 -2.3186470974390754727244e-05 
2 1 18 28 -1.1343373133693757622074e-05 
2 1 19 28 7.7302857646111511563756e-06 
2 1 20 28 2.6666583779336634096218e-05 
2 1 21 28 -3.4607738989576384476565e-06 
2 1 22 28 1.6791246690309945894577e-06 
2 1 23 28 2.5764071695177182643100e-07 
2 1 24 28 -2.0719549633226052283235e-06 
2 1 25 28 1.1100920406794420768255e-06 
2 1 26 28 1.1986387616129540659426e-06 
2 1 27 28 9.0948617748421832433889e-07 
2 1 28 28 3.0431443438382362478396e-06 
2 1 1 29 -4.7484428978079732189266e-04 
2 1 2 29 3.8188253041241125877378e-05 
2 1 3 29 -2.1196159275998228537505e-05 
2 1 4 29 2.3552532162073177516431e-05 
2 1 5 29 -5.5586637389784875838130e-06 
2 1 6 29 2.6594414343901426762409e-05 
2 1 7 29 8.6222159481875136621820e-06 
2 1 8 29 -1.4789011338236424293342e-05 
2 1 9 29 8.5189576725717225337466e-06 
2 1 10 29 1.7159709196154122421443e-07 
2 1 11 29 -2.7677186218140546991292e-05 
2 1 12 29 1.1418750099602642959274e-05 
2 1 13 29 -2.1757306573334561134890e-05 
2 1 14 29 -1.9014190416113202523006e-06 
2 1 15 29 -1.7561476294314925258953e-05 
2 1 16 29 -7.8159350302673907362298e-06 
2 1 17 29 6.3213184799591552834623e-06 
2 1 18 29 3.0925393756776037387129e-06 
2 1 19 29 -2.1075047774037285227135e-06 
2 1 20 29 -7.2701002606187988154670e-06 
2 1 21 29 9.4350942989210330843130e-07 
2 1 22 29 -4.5777909146777336121516e-07 
2 1 23 29 -7.0240490816448456626543e-08 
2 1 24 29 5.6487626885424593703959e-07 
2 1 25 29 -3.0264395773287675149639e-07 
2 1 26 29 -3.2678441485584493815026e-07 
2 1 27 29 -2.4795286020390041001088e-07 
2 1 28 29 -8.2704553455868269254804e-07 
2 1 29 29 2.3503480520427077722134e-07 
2 1 1 30 -8.6985927192746313914296e-04 
2 1 2 30 6.9956418771165035396832e-05 
2 1 3 30 -3.8828887853613947348224e-05 
2 1 4 30 4.3145487729912766457566e-05 
2 1 5 30 -1.0182822657904342845037e-05 
2 1 6 30 4.8717860565375980012263e-05 
2 1 7 30 1.5794892458204991844781e-05 
2 1 8 30 -2.7091741258886705117758e-05 
2 1 9 30 1.5605735351220315337145e-05 
2 1 10 30 3.1434583460400408828146e-07 
2 1 11 30 -5.0701372157283656236064e-05 
2 1 12 30 2.0917816351334499652475e-05 
2 1 13 30 -3.9856844153116297306723e-05 
2 1 14 30 -3.4831775782528034829930e-06 
2 1 15 30 -3.2170573202047050907597e-05 
2 1 16 30 -1.4317879991410576887793e-05 
2 1 17 30 1.1579917054270865155348e-05 
2 1 18 30 5.6651709027863397493134e-06 
2 1 19 30 -3.8607025754598498108999e-06 
2 1 20 30 -1.3317974441587627563283e-05 
2 1 21 30 1.7283990633628711722653e-06 
2 1 22 30 -8.3859781474749240442134e-07 
2 1 23 30 -1.2867237724092808623266e-07 
2 1 24 30 1.0347873411336189772639e-06 
2 1 25 30 -5.5440837875155829699237e-07 
2 1 26 30 -5.9863087574596111664865e-07 
2 1 27 30 -4.5422067679798345698594e-07 
2 1 28 30 -1.5150508114411528455626e-06 
2 1 29 30 4.1304770736658146309885e-07 
2 1 30 30 7.6621285674316321654363e-07 
2 1 1 31 -3.3277536764452099850645e-05 
2 1 2 31 2.6762688777504701042177e-06 
2 1 3 31 -1.4854468816867401332579e-06 
2 1 4 31 1.6505837214511041768900e-06 
2 1 5 31 -3.8955641019406170950587e-07 
2 1 6 31 1.8637617003972392157470e-06 
2 1 7 31 6.0425304462365723522468e-07 
2 1 8 31 -1.0364278963697179317268e-06 
2 1 9 31 5.9701660772241815699834e-07 
2 1 10 31 1.2025685867330134852623e-08 
2 1 11 31 -1.9396433772346960387203e-06 
2 1 12 31 8.0023680250633402553381e-07 
2 1 13 31 -1.5247726149149452635524e-06 
2 1 14 31 -1.3325324408337874084408e-07 
2 1 15 31 -1.2307248619064256297731e-06 
2 1 16 31 -5.4774811626326198212684e-07 
2 1 17 31 4.4300397572996637935610e-07 
2 1 18 31 2.1672808250260397947194e-07 
2 1 19 31 -1.4769592708958715540963e-07 
2 1 20 31 -5.0949550053684581368721e-07 
2 1 21 31 6.6122032885856396369570e-08 
2 1 22 31 -3.2081592169677459325973e-08 
2 1 23 31 -4.9225197491506778292281e-09 
2 1 24 31 3.9587062955552368897324e-08 
2 1 25 31 -2.1209574665511244761882e-08 
2 1 26 31 -2.2901360775587173994215e-08 
2 1 27 31 -1.7376770825364726277343e-08 
2 1 28 31 -5.7960132983772334585505e-08 
2 1 29 31 1.5801648313006588155579e-08 
2 1 30 31 2.8946773908100579860689e-08 
2 1 31 31 1.0665100398923840126580e-08 
2 1 1 32 -1.9963159415904564004084e-04 
2 1 2 32 1.6054908938999047656902e-05 
2 1 3 32 -8.9111802695142072478895e-06 
2 1 4 32 9.9018344397470634666138e-06 
2 1 5 32 -2.3369448205623150791553e-06 
2 1 6 32 1.1180686900900506846939e-05 
2 1 7 32 3.6249076809473594737356e-06 
2 1 8 32 -6.2175200847002283583635e-06 
2 1 9 32 3.5814963706679004044691e-06 
2 1 10 32 7.2141964430427217090021e-08 
2 1 11 32 -1.1635900284345045249852e-05 
2 1 12 32 4.8006121887008968880119e-06 
2 1 13 32 -9.1470949306747821090256e-06 
2 1 14 32 -7.9938481424381779321455e-07 
2 1 15 32 -7.3831055435160319270343e-06 
2 1 16 32 -3.2859352069854323887118e-06 
2 1 17 32 2.6575762054296216252273e-06 
2 1 18 32 1.3001494960050515227484e-06 
2 1 19 32 -8.8602631852368821570998e-07 
2 1 20 32 -3.0564581645850017674055e-06 
2 1 21 32 3.9666538202702585145981e-07 
2 1 22 32 -1.9245713396769048124956e-07 
2 1 23 32 -2.9530144809440129483098e-08 
2 1 24 32 2.3748237566711999178211e-07 
2 1 25 32 -1.2723601609301744628869e-07 
2 1 26 32 -1.3738502314071926410733e-07 
2 1 27 32 -1.0424306607171852149143e-07 
2 1 28 32 -3.4770223009910869086227e-07 
2 1 29 32 9.4793922519979527076660e-08 
2 1 30 32 1.7365139307730268236278e-07 
2 1 31 32 6.6432477141864352390516e-09 
2 1 32 32 4.9410479333898297580465e-08 
2 1 1 33 1.9295235820874229583193e-04 
2 1 2 33 -1.5517746845949935684825e-05 
2 1 3 33 8.6130316930833421523294e-06 
2 1 4 33 -9.5705407442468140593759e-06 
2 1 5 33 2.2587557647486597293442e-06 
2 1 6 33 -1.0806605602858298273254e-05 
2 1 7 33 -3.5036262088532810819003e-06 
2 1 8 33 6.0094954791140081236628e-06 
2 1 9 33 -3.4616673455974397121120e-06 
2 1 10 33 -6.9728252584110917777102e-08 
2 1 11 33 1.1246588543302523402695e-05 
2 1 12 33 -4.6399942182463760838892e-06 
2 1 13 33 8.8410531662796289578427e-06 
2 1 14 33 7.7263914901547057908848e-07 
2 1 15 33 7.1360830009820088278482e-06 
2 1 16 33 3.1759950111878862729481e-06 
2 1 17 33 -2.5686595255310635033444e-06 
2 1 18 33 -1.2566493415642093986077e-06 
2 1 19 33 8.5638181840830288836633e-07 
2 1 20 33 2.9541957675694733999707e-06 
2 1 21 33 -3.8339382703174833633364e-07 
2 1 22 33 1.8601793941632596682593e-07 
2 1 23 33 2.8542130965829430763540e-08 
2 1 24 33 -2.2953673547159294288539e-07 
2 1 25 33 1.2297897765187454604245e-07 
2 1 26 33 1.3278842112346969265477e-07 
2 1 27 33 1.0075532139340170380191e-07 
2 1 28 33 3.3606887494262544222292e-07 
2 1 29 33 -9.1622325457661059118547e-08 
2 1 30 33 -1.6784139772599880608070e-07 
2 1 31 33 -6.4209791943825197242736e-09 
2 1 32 33 -3.8519386862689285522156e-08 
2 1 33 33 4.6788318483094564816177e-08 
2 1 1 34 2.9052889445347208473985e-04 
2 1 2 34 -2.3365113945389620120959e-05 
2 1 3 34 1.2968665420468528174909e-05 
2 1 4 34 -1.4410389422300452837112e-05 
2 1 5 34 3.4010147440975017927645e-06 
2 1 6 34 -1.6271535667128127157412e-05 
2 1 7 34 -5.2754195837817909975429e-06 
2 1 8 34 9.0485138096162396221253e-06 
2 1 9 34 -5.2122420075620633895348e-06 
2 1 10 34 -1.0499002168811696594053e-07 
2 1 11 34 1.6934019185885923215046e-05 
2 1 12 34 -6.9864520084817274565153e-06 
2 1 13 34 1.3311997977325287282582e-05 
2 1 14 34 1.1633648837772812010741e-06 
2 1 15 34 1.0744819727925757150413e-05 
2 1 16 34 4.7821043909120829231416e-06 
2 1 17 34 -3.8676376855541563193840e-06 
2 1 18 34 -1.8921403578124056306961e-06 
2 1 19 34 1.2894564507900705045918e-06 
2 1 20 34 4.4481406608275032569708e-06 
2 1 21 34 -5.7727713586912793563557e-07 
2 1 22 34 2.8008772028236695938869e-07 
2 1 23 34 4.2975965120621984189512e-08 
2 1 24 34 -3.4561409156869998500074e-07 
2 1 25 34 1.8516978364856226525472e-07 
2 1 26 34 1.9993988949777696056232e-07 
2 1 27 34 1.5170756354899672915266e-07 
2 1 28 34 5.0601982584532482720987e-07 
2 1 29 34 -1.3795598646170195980839e-07 
2 1 30 34 -2.5271925236932901214171e-07 
2 1 31 34 -9.6680859670048690564954e-09 
2 1 32 34 -5.7998746341521269471802e-08 
2 1 33 34 5.6058235301892286826007e-08 
2 1 34 34 9.3964744442057435016285e-08 
2 1 1 35 1.0366851646976221504553e-05 
2 1 2 35 -8.3373005099165366972054e-07 
2 1 3 35 4.6275683087163791556984e-07 
2 1 4 35 -5.1420141737304764702627e-07 
2 1 5 35 1.2135734508510836192655e-07 
2 1 6 35 -5.8061211656526321072070e-07 
2 1 7 35 -1.8824114658773186101259e-07 
2 1 8 35 3.2287528739513456331873e-07 
2 1 9 35 -1.8598680087744966101220e-07 
2 1 10 35 -3.7463261169518265293643e-09 
2 1 11 35 6.0425130869614329977426e-07 
2 1 12 35 -2.4929538127024132450248e-07 
2 1 13 35 4.7500785908070586057545e-07 
2 1 14 35 4.1511985182775952282557e-08 
2 1 15 35 3.8340404077059875486219e-07 
2 1 16 35 1.7063833487454213190464e-07 
2 1 17 35 -1.3800770551070114076111e-07 
2 1 18 35 -6.7516652445884869986603e-08 
2 1 19 35 4.6011271126878194666223e-08 
2 1 20 35 1.5872161154244209825221e-07 
2 1 21 35 -2.0598799434135497526221e-08 
2 1 22 35 9.9942824735098509890674e-09 
2 1 23 35 1.5334979269583752142032e-09 
2 1 24 35 -1.2332439502655339422748e-08 
2 1 25 35 6.6073554592237164943095e-09 
2 1 26 35 7.1343925235310788008178e-09 
2 1 27 35 5.4133335289098687706304e-09 
2 1 28 35 1.8056147134119451864054e-08 
2 1 29 35 -4.9226403036903860291923e-09 
2 1 30 35 -9.0177020152477686909440e-09 
2 1 31 35 -3.4498328684524688740963e-10 
2 1 32 35 -2.0695511203577983992765e-09 
2 1 33 35 2.0003084720014781607505e-09 
2 1 34 35 3.0118699468536537726497e-09 
2 1 35 35 9.6651775587545011259902e-09 
2 1 1 36 -2.5801181825067050126105e-04 
2 1 2 36 2.0750003348210044936545e-05 
2 1 3 36 -1.1517164073104066510794e-05 
2 1 4 36 1.2797524953772579668415e-05 
2 1 5 36 -3.0203605037900029598428e-06 
2 1 6 36 1.4450364777053305672576e-05 
2 1 7 36 4.6849749699918257934690e-06 
2 1 8 36 -8.0357704343511767927644e-06 
2 1 9 36 4.6288684642507986306760e-06 
2 1 10 36 9.3239146668012856985008e-08 
2 1 11 36 -1.5038700672603657942841e-05 
2 1 12 36 6.2045022721361396228186e-06 
2 1 13 36 -1.1822069571263222806639e-05 
2 1 14 36 -1.0331567519541108702256e-06 
2 1 15 36 -9.5422194751205483643835e-06 
2 1 16 36 -4.2468734520654940624404e-06 
2 1 17 36 3.4347572675657843579565e-06 
2 1 18 36 1.6803649591169876205388e-06 
2 1 19 36 -1.1451356808140497970245e-06 
2 1 20 36 -3.9502881879408407135644e-06 
2 1 21 36 5.1266612824502411317675e-07 
2 1 22 36 -2.4873925992902801421002e-07 
2 1 23 36 -3.8165934705645742396026e-08 
2 1 24 36 3.0693167486482195644682e-07 
2 1 25 36 -1.6444489160377550344048e-07 
2 1 26 36 -1.7756187224160238156421e-07 
2 1 27 36 -1.3472788781673259432744e-07 
2 1 28 36 -4.4938420181216066402350e-07 
2 1 29 36 1.2251543854336537179981e-07 
2 1 30 36 2.2443397223893424420837e-07 
2 1 31 36 8.5859977678954867932135e-09 
2 1 32 36 5.1507310584988216058453e-08 
2 1 33 36 -4.9783988771104199626689e-08 
2 1 34 36 -7.4959888298357464163906e-08 
2 1 35 36 -2.6747702423413604614404e-09 
2 1 36 36 7.6127804301457102447741e-08 
2 1 1 37 -5.1731682757114947203252e-05 
2 1 2 37 4.1604008598774700741557e-06 
2 1 3 37 -2.3092053775534951367990e-06 
2 1 4 37 2.5659192878312561622589e-06 
2 1 5 37 -6.0558594746893292457137e-07 
2 1 6 37 2.8973156801624667482087e-06 
2 1 7 37 9.3934317268474414558508e-07 
2 1 8 37 -1.6111817283270776699465e-06 
2 1 9 37 9.2809374669344282274763e-07 
2 1 10 37 1.8694565026028147825141e-08 
2 1 11 37 -3.0152777403925911875265e-06 
2 1 12 37 1.2440102382364818018223e-06 
2 1 13 37 -2.3703392995425406234529e-06 
2 1 14 37 -2.0714918305739601097590e-07 
2 1 15 37 -1.9132265885528732783660e-06 
2 1 16 37 -8.5150328315848883016758e-07 
2 1 17 37 6.8867300038529248594927e-07 
2 1 18 37 3.3691521795286123312061e-07 
2 1 19 37 -2.2960109524946458961779e-07 
2 1 20 37 -7.9203757262538520107575e-07 
2 1 21 37 1.0279018099313206238032e-07 
2 1 22 37 -4.9872520286497087391425e-08 
2 1 23 37 -7.6523175491120802840589e-09 
2 1 24 37 6.1540173505379110401077e-08 
2 1 25 37 -3.2971400507735470340735e-08 
2 1 26 37 -3.5601370783487345518374e-08 
2 1 27 37 -2.7013105268643797078572e-08 
2 1 28 37 -9.0102077964757857637590e-08 
2 1 29 37 2.4564494027186713024445e-08 
2 1 30 37 4.4999283542464535199017e-08 
2 1 31 37 1.7215029758937688770399e-09 
2 1 32 37 1.0327278285929020654127e-08 
2 1 33 37 -9.9817501658214126812838e-09 
2 1 34 37 -1.5029548562392936179726e-08 
2 1 35 37 -5.3629467890763756539779e-10 
2 1 36 37 1.3347385508102770911761e-08 
2 1 37 37 1.2233872890132233003519e-08 
2 2 1 1 1.0016552700259350717114e-12 
2 2 2 2 1.0016552700259350717114e-12 
2 2 3 3 1.1274597463336459568506e-01 
2 2 4 4 5.4340730880694061363800e-04 
2 2 5 5 5.4340730880694061363800e-04 
2 2 6 6 5.4340730880694061363800e-04 
2 3 1 1 7.1456805578748458854244e-03 
2 3 1 2 2.7469680536125827552407e-02 
2 3 2 2 1.0560029407651105870514e-01 
2 3 1 3 5.8508155006372370571244e-03 
2 3 2 3 2.2492169802995058691675e-02 
2 3 3 3 4.7908892228308488231425e-03 
2 3 1 4 -2.7531117346996369921186e-03 
2 3 2 4 -1.0583647434603452031077e-02 
2 3 3 4 -2.2542476800942283510221e-03 
2 3 4 4 1.0607325686697349938215e-03 
2 3 1 5 2.1595300480458639452719e-03 
2 3 2 5 8.3018057489676749804985e-03 
2 3 3 5 1.7682760696817482679033e-03 
2 3 4 5 -8.3203736297083946346631e-04 
2 3 5 5 6.5266068120649030695479e-04 
2 3 1 6 -6.7766183244022289156039e-03 
2 3 2 6 -2.6051008846174152078223e-02 
2 3 3 6 -5.5486940142626724886687e-03 
2 3 4 6 2.6109273213911045677382e-03 
2 3 5 6 -2.0480095996961442464390e-03 
2 3 6 6 6.4266406262439524851859e-03 
2 4 1 1 5.0997551707587192304505e-02 
2 4 1 2 -5.6116101523529346439823e-02 
2 4 2 2 6.1748422926774980401543e-02 
2 4 1 3 2.7274844711157084087283e-02 
2 4 2 3 -3.0012389669510974865574e-02 
2 4 3 3 1.4587401656105147482179e-02 
2 4 1 4 -5.2807980920747763647904e-03 
2 4 2 4 5.8108269447821898207041e-03 
2 4 3 4 -2.8243116529609582285310e-03 
2 4 4 4 5.4682792087152568179242e-04 
2 4 1 5 7.6420195011681034402695e-03 
2 4 2 5 -8.4090417877370343679999e-03 
2 4 3 5 4.0871964052136521006187e-03 
2 4 4 5 -7.9133164531676176804698e-04 
2 4 5 5 1.1451819130773388880074e-03 
2 4 1 6 2.5596776931643881736189e-02 
2 4 2 6 -2.8165901908411776488617e-02 
2 4 3 6 1.3689839879799249600101e-02 
2 4 4 6 -2.6505483698018609747815e-03 
2 4 5 6 3.8356970896708166701705e-03 
2 4 6 6 1.2847584515229342264075e-02 
2 5 1 1 4.3367925691718111486095e-03 
2 5 1 2 2.1682585085740474495353e-02 
2 5 2 2 1.0840918206500232967571e-01 
2 5 1 3 -3.0351566277350338837748e-03 
2 5 2 3 -1.5175096766473290116339e-02 
2 5 3 3 2.1242669050941516244169e-03 
2 5 1 4 8.6787257135031970443906e-05 
2 5 2 4 4.3393752103709917018401e-04 
2 5 3 4 -6.0736524611401929748655e-05 
2 5 4 4 1.9654838136654499507455e-06 
2 5 1 5 -2.5720896102212394834785e-04 
2 5 2 5 -1.2859798777274950975363e-03 
2 5 3 5 1.8001524716757086493069e-04 
2 5 4 5 -5.1470928097293536934709e-06 
2 5 5 5 1.5482348277962627196899e-05 
2 5 1 6 -1.7134467622061126581418e-03 
2 5 2 6 -8.5668777297716516144765e-03 
2 5 3 6 1.1991926205924729933322e-03 
2 5 4 6 -3.4291065144249492690001e-05 
2 5 5 6 1.0161917357517187207594e-04 
2 5 6 6 6.7718630873183185189118e-04 
2 6 1 1 4.4719826352818090549660e-06 
2 6 1 2 -1.6101567537307422735976e-04 
2 6 2 2 6.4565874916307150477301e-03 
2 6 1 3 1.1998450033340846788759e-05 
2 6 2 3 -4.8275631116899105684664e-04 
2 6 3 3 3.6163611338758952441948e-05 
2 6 1 4 -1.6482141088325419147568e-05 
2 6 2 4 6.6097111132326039507207e-04 
2 6 3 4 -4.9422691918249253854780e-05 
2 6 4 4 6.7668410854392462287950e-05 
2 6 1 5 -4.5180966772010117256411e-07 
2 6 2 5 1.6287134341539051177574e-05 
2 6 3 5 -1.2137460216704751678380e-06 
2 6 4 5 1.6672117107518162999546e-06 
2 6 5 5 4.9327739554077943096487e-08 
2 6 1 6 7.9959803866300600318296e-08 
2 6 2 6 -2.6253449067150399462737e-06 
2 6 3 6 1.9500674678638231661471e-07 
2 6 4 6 -2.6871981322622762097661e-07 
2 6 5 6 -8.0709205996469405644483e-09 
2 6 6 6 5.2075770142226553253302e-09 
2 7 1 1 7.1234392351058769784263e-06 
2 7 1 2 1.3942610781374558144162e-05 
2 7 2 2 3.3512154738934746452117e-05 
2 7 1 3 -1.0879712965245317378015e-05 
2 7 2 3 -2.3858731506318725464110e-05 
2 7 3 3 1.8582889219281330511063e-05 
2 7 1 4 1.2320612682342136391396e-06 
2 7 2 4 2.8468429428199309882855e-06 
2 7 3 4 -2.1065688786280455514592e-06 
2 7 4 4 4.3860184914780561522086e-07 
2 7 1 5 6.3091061162396857657334e-09 
2 7 2 5 9.6648528009200831695644e-08 
2 7 3 5 -7.4310882212081186260363e-08 
2 7 4 5 8.4855001350739999829637e-09 
2 7 5 5 1.9491249516182446754309e-07 
2 7 1 6 8.1471445079298675602850e-07 
2 7 2 6 1.7994230340579311207760e-06 
2 7 3 6 -1.3287097962434140208489e-06 
2 7 4 6 1.5524009559547541780382e-07 
2 7 5 6 3.4960434230389823580735e-09 
2 7 6 6 2.9269977979242961631999e-07 
2 8 1 1 7.3956983709444852267967e-03 
2 9 1 1 7.3956983709444852267967e-03 
2 10 1 1 7.3956983709444852267967e-03 
2 11 1 1 7.3956983709444852267967e-03 
2 12 1 1 7.3956983709444852267967e-03 
2 13 1 1 7.3956983709444852267967e-03 
2 14 1 1 2.1308420326720082400933e-09 
2 15 1 1 1.6322016252676019339014e-09 
2 16 1 1 7.3140394596562537003299e-09 
2 17 1 1 7.4693356801423565057557e-09 
2 18 1 1 1.4200231801156471683756e-02 
2 19 1 1 3.6959365897733436893875e-09 
2 20 1 1 1.5057622672378472300490e-09 
2 21 1 1 5.9213009203805446247315e-09 
2 22 1 1 8.5886254801772814228052e-09 
2 23 1 1 8.2188254213635982525187e-09 
2 24 1 1 4.3041670008125969129401e-09 
2 25 1 1 1.7402499671137734869822e-07 
2 26 1 1 1.4344733973204081529067e-06 
2 27 1 1 5.5505208790472200552132e-06 
2 28 1 1 2.4445894088904194033085e-03 
2 29 1 1 1.1402576157079730056663e-06 
2 30 1 1 1.9321584437009176742105e-06 
2 31 1 1 2.7800374773003400531018e-06 
2 32 1 1 3.6936066657610752734979e-08 
2 33 1 1 3.6652856630207889520433e-08 
2 34 1 1 2.7930458085075720926434e-08 
2 35 1 1 5.3898316937998950903658e-08 
2 36 1 1 1.8397538496500186085670e-08 
2 37 1 1 2.9270763844569430874032e-03 
2 38 1 1 1.1294208195851592930223e-05 
2 39 1 1 2.3256418681463220415504e-06 
2 40 1 1 1.9290679078873064318457e-06 
2 41 1 1 6.9097924415411097684436e-03 
2 42 1 1 1.9408361340977057920372e-06 
2 43 1 1 8.7814090840644383560015e-05 
2 44 1 1 6.0676409463862645068954e-03 
