2.7292886474837590782272e+01 8.9373410955048107791321e-04 4.4365433806607451529963e-04 -8.8940974150776216933245e-03 1.4686711408310869353411e-02 7.8477308034606507725073e-02 3.7482472915871104836294e-03 5.7735026922011850401759e+06 2.6497554852455200923543e-05 -0 5.7735026918970644474030e+06 -0 -0 8.8930952695528711626771e-02 1.0003762315759163899459e-06  
1 1 1 1 5.1154888032407086484454e-02 
1 1 1 2 -1.8937396597359837380203e-01 
1 1 2 2  1 
1 1 1 3 4.6743566187990165383681e-02 
1 1 3 3  1 
1 1 1 4 9.5858631892164855581306e-02 
1 1 4 4  1 
1 1 1 5 6.0453285599173264656947e-04 
1 1 5 5  1 
1 1 1 6 9.7139285640940407212662e-03 
1 1 6 6  1 
1 1 1 7 -6.1837043438395217220815e-02 
1 1 7 7  1 
1 2 1 1 5.7735026922001847997308e+06 
1 2 1 2 2.6497554852455200923543e-05 
1 2 2 2 5.7735026918960642069578e+06 
1 2 3 3 8.9173373331890518761478e-04 
1 2 3 4 -8.8940974150776216933245e-03 
1 2 4 4 8.8929952695528710626682e-02 
1 2 3 5 -4.4365433806607451529963e-04 
1 2 5 5 8.8929952695528710626682e-02 
1 2 1 6 8.8940974150776216933245e-03 
1 2 2 6 4.4365433806607451529963e-04 
1 2 6 6 8.8929952695528710626682e-02 
1 3 1 1 3.7623157591643519774647e-10 
1 4 1 1 1.4685711408310870088045e-02 
1 5 1 1 7.8476308034606506724984e-02 
1 6 1 1 8.8730910154371806647378e-04 
1 7 1 1 4.2541156903587451498794e-10 
1 8 1 1 8.8910931240281220605537e-03 
1 9 1 1 2.1455247509183372756070e-09 
1 10 1 1 8.8830952695528712665524e-04 
1 11 1 1 8.8830952695528712665524e-04 
1 12 1 1 1.6106804730447127349535e-01 
2 1 1 1 9.9999999418123153294147e-01 
2 1 1 2 1.8937364701729786364837e-01 
2 1 2 2 3.5862389978299130666173e-02 
2 1 1 3 -4.6743544535272657514113e-02 
2 1 2 3 -8.8519955546787053995983e-03 
2 1 3 3 2.1849705534263217515667e-03 
2 1 1 4 -9.5858483938769611931718e-02 
2 1 2 4 -1.8153070806651874086191e-02 
2 1 3 4 4.4807653391539976894808e-03 
2 1 4 4 9.1888605814984623126884e-03 
2 1 1 5 -6.0452870888163406665888e-04 
2 1 2 5 -1.1448180699262931379022e-04 
2 1 3 5 2.8257814790853579207160e-05 
2 1 4 5 5.7949205867553592059355e-05 
2 1 5 5 3.7703994737711157471139e-07 
2 1 1 6 -9.7139304059515128170199e-03 
2 1 2 6 -1.8395624385555389875002e-03 
2 1 3 6 4.5406354118617659430812e-04 
2 1 4 6 9.3116264722158397122709e-04 
2 1 5 6 5.8723498406653859245981e-06 
2 1 6 6 9.4372029466415713956813e-05 
2 1 1 7 6.1837049138391927960434e-02 
2 1 2 7 1.1710307584290216564860e-02 
2 1 3 7 -2.8904828771552492500119e-03 
2 1 4 7 -5.9276058161575433114177e-03 
2 1 5 7 -3.7382271694301140083343e-05 
2 1 6 7 -6.0068079533616056640832e-04 
2 1 7 7 3.8238322533906891724509e-03 
2 2 1 1 1.0020064051286916867011e-12 
2 2 2 2 1.0020064051284891324642e-12 
2 2 3 3 5.9841462294544257360940e+01 
2 2 3 4 5.9848876512690187823296e+00 
2 2 4 4 5.9856304675625804367911e-01 
2 2 3 5 2.9853748113844391642857e-01 
2 2 4 5 2.9857446923905496538598e-02 
2 2 5 5 1.4894760123592080524463e-03 
2 2 1 6 -2.0066536167941553323352e-16 
2 2 2 6 -1.0009566974592220249430e-17 
2 2 6 6 1.3026064633928573449037e-07 
2 3 1 1 5.9841462294544250255512e+01 
2 4 1 1 7.8879393789455170610318e-07 
2 5 1 1 1.4761224331945862818241e-07 
2 6 1 1 1.3055185830083591578600e-05 
2 7 1 1 2.6546087459383482354269e+01 
2 8 1 1 1.3028760261505024166439e-06 
2 9 1 1 7.3278360506401352125749e+00 
2 10 1 1 1.3040482760502393084503e-05 
2 11 1 1 1.3040482760502393084503e-05 
2 12 1 1 7.1920826878455225987286e-08 
