SDPA start at [Tue Nov 20 17:12:24 2018]
set   is STABLE_BUT_SLOW
data   is tmp/sdpa_dat/sdp.dat-s  : sparse
out    is tmp/sdpa_dat/sdpa.out
NumThreads  is set as 1
Schur computation : DENSE 
   mu      thetaP  thetaD  objP      objD      alphaP  alphaD  beta 
 0 1.0e+08 1.0e+00 1.0e+00 -0.00e+00 -8.50e+02 8.0e-01 8.0e-01 3.00e-01
 1 3.0e+07 2.0e-01 2.0e-01 -0.00e+00 -1.26e+03 8.0e-01 8.0e-01 3.00e-01
 2 8.8e+06 4.0e-02 4.0e-02 -0.00e+00 -1.86e+03 8.0e-01 8.0e-01 3.00e-01
 3 2.6e+06 8.0e-03 8.0e-03 -0.00e+00 -2.75e+03 8.0e-01 8.0e-01 3.00e-01
 4 7.7e+05 1.6e-03 1.6e-03 -0.00e+00 -4.07e+03 8.0e-01 8.0e-01 3.00e-01
 5 2.3e+05 3.2e-04 3.2e-04 -0.00e+00 -5.98e+03 8.0e-01 8.0e-01 3.00e-01
 6 6.8e+04 6.4e-05 6.4e-05 -0.00e+00 -8.52e+03 7.9e-01 8.0e-01 3.00e-01
 7 2.1e+04 1.3e-05 1.3e-05 -0.00e+00 -1.06e+04 7.7e-01 8.0e-01 3.00e-01
 8 6.9e+03 3.0e-06 2.6e-06 -0.00e+00 -8.17e+03 6.8e-01 8.0e-01 3.00e-01
 9 2.4e+03 9.8e-07 5.1e-07 -0.00e+00 -1.36e+03 4.2e-01 8.0e-01 3.00e-01
10 1.0e+03 5.7e-07 1.0e-07 -0.00e+00 +1.44e+04 4.2e-01 8.0e-01 3.00e-01

phase.value  = pdINF     
   Iteration = 10
          mu = +1.0481263619768795e+03
relative gap = +2.0000000000000000e+00
        gap  = -1.4436169268323643e+04
     digits  = -3.0102999566398120e-01
objValPrimal = -0.0000000000000000e+00
objValDual   = +1.4436169268323643e+04
p.feas.error = +5.7387227013544111e-03
d.feas.error = +3.0720089125285954e-03
total time   = 0.002947
** Parameters **
maxIteration = 1000
epsilonStar  = +9.9999999999999995e-08
lambdaStar   = +1.0000000000000000e+04
omegaStar    = +2.0000000000000000e+00
lowerBound   = -1.0000000000000000e+05
upperBound   = +1.0000000000000000e+05
betaStar     = +1.0000000000000001e-01
betaBar      = +2.9999999999999999e-01
gammaStar    = +8.0000000000000004e-01
epsilonDash  = +9.9999999999999995e-08
xPrint       = %+8.3e 
XPrint       = %+8.3e 
YPrint       = %+8.3e 
infPrint     = %+10.16e 

                         Time(sec)  Ratio(% : MainLoop) 
 Predictor time  =       0.002458,  86.427567
 Corrector time  =       0.000047,  1.652602
 Make bMat time  =       0.000634,  22.292546
 Make bDia time  =       0.000002,  0.070323
 Make bF1  time  =       0.000000,  0.000000
 Make bF2  time  =       0.000000,  0.000000
 Make bF3  time  =       0.000000,  0.000000
 Make bPRE time  =       0.000005,  0.175809
 Make rMat time  =       0.000018,  0.632911
 Make gVec Mul   =       0.001064,  37.412096
 Make gVec time  =       0.001074,  37.763713
 Cholesky bMat   =       0.000710,  24.964838
 Ste Pre time    =       0.000001,  0.035162
 Ste Cor time    =       0.000077,  2.707454
 solve           =       0.000016,  0.562588
 sumDz           =       0.000014,  0.492264
 makedX          =       0.000025,  0.879044
 symmetriseDx    =       0.000004,  0.140647
 makedXdZ        =       0.000044,  1.547117
 xMatTime        =       0.000024,  0.843882
 zMatTime        =       0.000016,  0.562588
 invzMatTime     =       0.000000,  0.000000
 xMatzMatTime    =       0.000000,  0.000000
 EigxMatTime     =       0.000049,  1.722925
 EigzMatTime     =       0.000027,  0.949367
 EigxMatzMatTime =       0.000000,  0.000000
 updateRes       =       0.000015,  0.527426
 EigTime         =       0.000076,  2.672293
 sub_total_bMat  =       0.002210,  77.707454
 Main Loop       =       0.002844,  100.000000
 File Check      =       0.000000,  0.000000
 File Change     =       0.000001,  0.035162
 File Read       =       0.000102,  3.586498
 Total           =       0.002947,  103.621660

xVec = 
{+4.586e+05,+9.115e-10,-0.000e+00,+4.586e+05,-0.000e+00,-0.000e+00,+4.586e+05,-4.715e-03}
xMat = 
{
{ {+4.586e+05,+9.115e-10,+0.000e+00,+0.000e+00,+0.000e+00,+1.053e-02 },
  {+9.115e-10,+4.586e+05,+0.000e+00,+0.000e+00,+0.000e+00,+6.552e-04 },
  {+0.000e+00,+0.000e+00,+1.024e-03,-1.053e-02,-6.552e-04,+0.000e+00 },
  {+0.000e+00,+0.000e+00,-1.053e-02,+4.586e+05,+0.000e+00,+0.000e+00 },
  {+0.000e+00,+0.000e+00,-6.552e-04,+0.000e+00,+4.586e+05,+0.000e+00 },
  {+1.053e-02,+6.552e-04,+0.000e+00,+0.000e+00,+0.000e+00,+4.586e+05 }   }
{+1.024e-03}
{+1.610e-02}
{+8.980e-02}
}
yMat = 
{
{ {+1.024e-03,+5.568e-32,+0.000e+00,+0.000e+00,+0.000e+00,+9.782e-17 },
  {+5.568e-32,+1.024e-03,+0.000e+00,+0.000e+00,+0.000e+00,+6.087e-18 },
  {+0.000e+00,+0.000e+00,+1.807e+06,+4.326e-02,+2.692e-03,+0.000e+00 },
  {+0.000e+00,+0.000e+00,+4.326e-02,+1.024e-03,+6.223e-11,+0.000e+00 },
  {+0.000e+00,+0.000e+00,+2.692e-03,+6.223e-11,+1.024e-03,+0.000e+00 },
  {+9.782e-17,+6.087e-18,+0.000e+00,+0.000e+00,+0.000e+00,+1.024e-03 }   }
{+1.807e+06}
{+1.211e+05}
{+1.598e+04}
}
    main loop time = 0.002844
        total time = 0.002947
  file  check time = 0.000000
  file change time = 0.000001
  file   read time = 0.000102
SDPA end at [Tue Nov 20 17:12:24 2018]
ALL TIME = 0.016378
