1.7296875518312766928375e+01 6.1573338352095014630594e-03 -9.9265580661066525267056e-04 9.0101952753392211808298e-04 5.1778085492912434562029e-02 1.4173811653391057974183e-02 -1.3180292286075014074331e-02 5.7735026918997084721923e+06 5.4625424446804597043920e-06 -0 5.7735026918984204530716e+06 -0 -0 9.9686053699386920068370e-02 3.0696525310957684627711e-03  
1 1 1 1 5.9065971669269856647588e-08 
1 1 1 2 -6.0850325798479654171302e-07 
1 1 2 2  1 
1 1 1 3 -8.0501210590555594137641e-05 
1 1 3 3  1 
1 1 1 4 -2.3856250748993668153730e-05 
1 1 4 4  1 
1 1 1 5 -1.7789679284802278197430e-06 
1 1 5 5  1 
1 1 1 6 -2.0913738239668189233811e-05 
1 1 6 6  1 
1 1 1 7 1.5890875575008678310951e-04 
1 1 7 7  1 
1 2 1 1 5.7735026918987082317472e+06 
1 2 1 2 5.4625424446804597043920e-06 
1 2 2 2 5.7735026918974202126265e+06 
1 2 3 3 3.0866813041137328675612e-03 
1 2 3 4 9.0101952753392211808298e-04 
1 2 4 4 9.9685053699386919068282e-02 
1 2 3 5 9.9265580661066525267056e-04 
1 2 5 5 9.9685053699386919068282e-02 
1 2 1 6 -9.0101952753392211808298e-04 
1 2 2 6 -9.9265580661066525267056e-04 
1 2 6 6 9.9685053699386919068282e-02 
1 3 1 1 3.0686525310957683300439e-03 
1 4 1 1 5.1777085492912433561941e-02 
1 5 1 1 1.4172811653391058708817e-02 
1 6 1 1 3.2047303832041448834467e-06 
1 7 1 1 1.9885163436045346502246e-03 
1 8 1 1 2.0837230267411306627867e-02 
1 9 1 1 1.0917015464538164844915e-03 
1 10 1 1 9.9586053699386939755400e-04 
1 11 1 1 9.9586053699386939755400e-04 
1 12 1 1 3.1294630061308448265578e-04 
2 1 1 1 1.0000000000266415778327e+00 
2 1 1 2 4.8953664191649702684564e-08 
2 1 2 2 3.4039191414101321194039e-08 
2 1 1 3 1.1650516038781556066826e-05 
2 1 2 3 -3.7955042720166070559344e-11 
2 1 3 3 2.9434818496939721493036e-08 
2 1 1 4 3.4664123748107551195238e-06 
2 1 2 4 -1.1239432192762945080831e-11 
2 1 3 4 -1.3634690409312220575835e-09 
2 1 4 4 3.3635772619202853532947e-08 
2 1 1 5 2.6074878900352339568085e-07 
2 1 2 5 -8.3675429415383427913455e-13 
2 1 3 5 -1.0149258428967086538768e-10 
2 1 4 5 -3.0052380042519047662932e-11 
2 1 5 5 3.4037265113963423287388e-08 
2 1 1 6 3.0453141283664314183707e-06 
2 1 2 6 -9.8491901682773889198387e-12 
2 1 3 6 -1.1947739295535800660388e-09 
2 1 4 6 -3.5377796506211198414701e-10 
2 1 5 6 -2.6334121507827518587004e-11 
2 1 6 6 3.3729495471296893556726e-08 
2 1 1 7 -2.2994291487141339672476e-05 
2 1 2 7 7.4925228447563445929351e-11 
2 1 3 7 9.0899099026763065421507e-09 
2 1 4 7 2.6915662625562022589064e-09 
2 1 5 7 2.0035220732296545745502e-10 
2 1 6 7 2.3585524496529888856386e-09 
2 1 7 7 1.6095497957857949738831e-08 
2 2 1 1 1.0058956415083985948260e-12 
2 2 2 2 1.0058956415084018260003e-12 
2 2 3 3 1.1092407455111656230050e-05 
2 2 3 4 -1.0022665820374787758973e-07 
2 2 4 4 3.4227460027074276996040e-07 
2 2 3 5 -1.1048799111656565356644e-07 
2 2 4 5 9.9832648625490780891812e-10 
2 2 5 5 3.4246952761849668203490e-07 
2 2 1 6 5.3270716976107945939317e-17 
2 2 2 6 5.8724641077832523164267e-17 
2 2 6 6 3.4136899138440693568736e-07 
2 3 1 1 1.1092407455111656230050e-05 
2 4 1 1 6.5741003743664223887898e-07 
2 5 1 1 2.4016010971095781847224e-06 
2 6 1 1 1.1531757236047950401781e-02 
2 7 1 1 1.7110526875572661283098e-05 
2 8 1 1 1.6331251145389354304617e-06 
2 9 1 1 3.1162173103318182773840e-05 
2 10 1 1 3.4170726846505956322223e-05 
2 11 1 1 3.4170726846505956322223e-05 
2 12 1 1 1.1814807151041317235564e-04 
