SDPA start at [Wed Nov 14 18:10:45 2018]
set   is STABLE_BUT_SLOW
data   is tmp/sdpa_dat/sdp.dat-s  : sparse
out    is tmp/sdpa_dat/sdpa.out
NumThreads  is set as 1
Schur computation : DENSE 
   mu      thetaP  thetaD  objP      objD      alphaP  alphaD  beta 
 0 1.0e+08 1.0e+00 1.0e+00 -0.00e+00 -5.22e+03 8.0e-01 8.0e-01 3.00e-01
 1 3.0e+07 2.0e-01 2.0e-01 -0.00e+00 -7.72e+03 8.0e-01 8.0e-01 3.00e-01
 2 8.8e+06 4.0e-02 4.0e-02 -0.00e+00 -1.14e+04 8.0e-01 8.0e-01 3.00e-01
 3 2.6e+06 8.0e-03 8.0e-03 -0.00e+00 -1.69e+04 8.0e-01 8.0e-01 3.00e-01
 4 7.7e+05 1.6e-03 1.6e-03 -0.00e+00 -2.48e+04 8.0e-01 8.0e-01 3.00e-01
 5 2.3e+05 3.2e-04 3.2e-04 -0.00e+00 -3.57e+04 8.0e-01 8.0e-01 3.00e-01
 6 7.0e+04 6.3e-05 6.4e-05 -0.00e+00 -4.59e+04 8.2e-01 8.0e-01 3.00e-01
 7 2.2e+04 1.2e-05 1.3e-05 -0.00e+00 -4.19e+04 8.9e-01 8.0e-01 3.00e-01
 8 7.2e+03 1.3e-06 2.6e-06 -0.00e+00 -2.55e+04 1.0e+00 8.0e-01 3.00e-01
 9 2.6e+03 0.0e+00 5.1e-07 -0.00e+00 -1.23e+04 8.0e+01 8.0e-01 3.00e-01
10 1.5e+04 0.0e+00 1.0e-07 -0.00e+00 -4.94e+03 8.0e+01 8.0e-01 3.00e-01
11 8.2e+04 0.0e+00 2.0e-08 -0.00e+00 -1.49e+04 8.0e+01 8.0e-01 3.00e-01
12 4.6e+05 0.0e+00 4.1e-09 -0.00e+00 -8.15e+04 8.0e+01 9.6e-01 3.00e-01
13 1.5e+05 0.0e+00 8.2e-10 -0.00e+00 -5.37e+05 6.4e+00 1.0e+00 3.00e-01
14 4.5e+04 0.0e+00 2.3e-10 -0.00e+00 -1.80e+05 3.7e+00 1.0e+00 3.00e-01
15 1.4e+04 0.0e+00 6.8e-11 -0.00e+00 -5.40e+04 4.0e+00 1.0e+00 3.00e-01
16 4.1e+03 0.0e+00 2.0e-11 -0.00e+00 -1.62e+04 3.9e+00 1.0e+00 3.00e-01
17 1.2e+03 0.0e+00 6.1e-12 -0.00e+00 -4.86e+03 3.9e+00 1.0e+00 3.00e-01
18 3.6e+02 0.0e+00 1.8e-12 -0.00e+00 -1.46e+03 2.0e+01 8.9e-01 1.00e-01
19 7.3e+01 0.0e+00 3.7e-13 -0.00e+00 -2.92e+02 2.0e+01 8.9e-01 1.00e-01
20 1.5e+01 0.0e+00 7.3e-14 -0.00e+00 -5.84e+01 2.0e+01 8.9e-01 1.00e-01
21 2.9e+00 0.0e+00 1.5e-14 -0.00e+00 -1.17e+01 2.0e+01 8.9e-01 1.00e-01
22 5.8e-01 0.0e+00 2.9e-15 -0.00e+00 -2.33e+00 2.0e+01 8.9e-01 1.00e-01
23 1.2e-01 0.0e+00 5.9e-16 -0.00e+00 -4.67e-01 2.0e+01 8.9e-01 1.00e-01
24 2.3e-02 0.0e+00 1.2e-16 -0.00e+00 -9.34e-02 2.0e+01 8.9e-01 1.00e-01
25 4.7e-03 0.0e+00 2.3e-17 -0.00e+00 -1.87e-02 2.0e+01 8.9e-01 1.00e-01
26 9.3e-04 0.0e+00 4.7e-18 -0.00e+00 -3.74e-03 2.0e+01 8.9e-01 1.00e-01
27 1.9e-04 0.0e+00 9.4e-19 -0.00e+00 -7.47e-04 2.0e+01 8.9e-01 1.00e-01
28 3.7e-05 0.0e+00 1.9e-19 -0.00e+00 -1.49e-04 2.0e+01 8.9e-01 1.00e-01
29 7.5e-06 0.0e+00 3.8e-20 -0.00e+00 -2.99e-05 2.0e+01 8.9e-01 1.00e-01
30 1.5e-06 0.0e+00 7.5e-21 -0.00e+00 -5.98e-06 2.0e+01 8.9e-01 1.00e-01
31 3.0e-07 0.0e+00 1.5e-21 -0.00e+00 -1.20e-06 2.0e+01 8.9e-01 1.00e-01
32 6.0e-08 0.0e+00 3.0e-22 -0.00e+00 -2.39e-07 2.0e+01 8.9e-01 1.00e-01
33 1.2e-08 0.0e+00 6.0e-23 -0.00e+00 -4.78e-08 2.0e+01 8.9e-01 1.00e-01

phase.value  = pdOPT     
   Iteration = 33
          mu = +1.1953730869304616e-08
relative gap = +4.7814923477218462e-08
        gap  = +4.7814923477218462e-08
     digits  = -3.0102999566398120e-01
objValPrimal = -0.0000000000000000e+00
objValDual   = -4.7814923477218462e-08
p.feas.error = +0.0000000000000000e+00
d.feas.error = +1.8036680059458366e-18
total time   = 0.009279
** Parameters **
maxIteration = 1000
epsilonStar  = +9.9999999999999995e-08
lambdaStar   = +1.0000000000000000e+04
omegaStar    = +2.0000000000000000e+00
lowerBound   = -1.0000000000000000e+05
upperBound   = +1.0000000000000000e+05
betaStar     = +1.0000000000000001e-01
betaBar      = +2.9999999999999999e-01
gammaStar    = +8.0000000000000004e-01
epsilonDash  = +9.9999999999999995e-08
xPrint       = %+8.3e 
XPrint       = %+8.3e 
YPrint       = %+8.3e 
infPrint     = %+10.16e 

                         Time(sec)  Ratio(% : MainLoop) 
 Predictor time  =       0.008098,  88.107932
 Corrector time  =       0.000167,  1.816995
 Make bMat time  =       0.006930,  75.399848
 Make bDia time  =       0.000004,  0.043521
 Make bF1  time  =       0.000000,  0.000000
 Make bF2  time  =       0.000000,  0.000000
 Make bF3  time  =       0.000000,  0.000000
 Make bPRE time  =       0.000025,  0.272005
 Make rMat time  =       0.000047,  0.511370
 Make gVec Mul   =       0.000031,  0.337286
 Make gVec time  =       0.000078,  0.848656
 Cholesky bMat   =       0.000975,  10.608204
 Ste Pre time    =       0.000005,  0.054401
 Ste Cor time    =       0.000235,  2.556849
 solve           =       0.000037,  0.402568
 sumDz           =       0.000062,  0.674573
 makedX          =       0.000086,  0.935698
 symmetriseDx    =       0.000017,  0.184964
 makedXdZ        =       0.000169,  1.838755
 xMatTime        =       0.000071,  0.772495
 zMatTime        =       0.000055,  0.598411
 invzMatTime     =       0.000000,  0.000000
 xMatzMatTime    =       0.000000,  0.000000
 EigxMatTime     =       0.000145,  1.577630
 EigzMatTime     =       0.000073,  0.794255
 EigxMatzMatTime =       0.000000,  0.000000
 updateRes       =       0.000051,  0.554891
 EigTime         =       0.000218,  2.371886
 sub_total_bMat  =       0.002261,  24.600152
 Main Loop       =       0.009191,  100.000000
 File Check      =       0.000000,  0.000000
 File Change     =       0.000002,  0.021760
 File Read       =       0.000086,  0.935698
 Total           =       0.009279,  100.957458

xVec = 
{+1.988e+10,+9.310e-13,-0.000e+00,+1.988e+10,-0.000e+00,-0.000e+00,+1.988e+10,+2.145e-02}
xMat = 
{
{ {+1.988e+10,+9.310e-13,+0.000e+00,+0.000e+00,+0.000e+00,-4.433e-05 },
  {+9.310e-13,+1.988e+10,+0.000e+00,+0.000e+00,+0.000e+00,-1.589e-04 },
  {+0.000e+00,+0.000e+00,+4.291e-03,+4.433e-05,+1.589e-04,+0.000e+00 },
  {+0.000e+00,+0.000e+00,+4.433e-05,+1.988e+10,+0.000e+00,+0.000e+00 },
  {+0.000e+00,+0.000e+00,+1.589e-04,+0.000e+00,+1.988e+10,+0.000e+00 },
  {-4.433e-05,-1.589e-04,+0.000e+00,+0.000e+00,+0.000e+00,+1.988e+10 }   }
{+2.145e-02}
{+4.209e-01}
{+7.507e-02}
}
yMat = 
{
{ {+6.012e-19,-2.815e-41,+0.000e+00,+0.000e+00,+0.000e+00,+1.341e-33 },
  {-2.815e-41,+6.012e-19,+0.000e+00,+0.000e+00,+0.000e+00,+4.805e-33 },
  {+0.000e+00,+0.000e+00,+9.287e-07,-2.071e-21,-7.422e-21,+0.000e+00 },
  {+0.000e+00,+0.000e+00,-2.071e-21,+6.012e-19,+1.655e-35,+0.000e+00 },
  {+0.000e+00,+0.000e+00,-7.422e-21,+1.655e-35,+6.012e-19,+0.000e+00 },
  {+1.341e-33,+4.805e-33,+0.000e+00,+0.000e+00,+0.000e+00,+6.012e-19 }   }
{+9.287e-07}
{+2.840e-08}
{+1.592e-07}
}
    main loop time = 0.009191
        total time = 0.009279
  file  check time = 0.000000
  file change time = 0.000002
  file   read time = 0.000086
SDPA end at [Wed Nov 14 18:10:45 2018]
ALL TIME = 0.009651
