1.4816335062704329317285e+01 6.2198002738186857624170e-03 4.3356208022872483450957e-04 -1.3987717373923505212452e-02 3.9694207348594167869549e-03 8.4927739851157285633221e-02 -1.1732120955107451856780e-02 5.7735026921848990023136e+06 1.3579515757395708010040e-05 -0 5.7735026918967058882117e+06 -0 -0 2.2602897541288302640794e-01 2.6766867644430819214718e-03  
1 1 1 1 7.1858288208659359952435e-09 
1 1 1 2 -3.7153553450464116281182e-07 
1 1 2 2  1 
1 1 1 3 -9.4723683197184271875813e-07 
1 1 3 3  1 
1 1 1 4 -1.8516028910120496675518e-07 
1 1 4 4  1 
1 1 1 5 -1.5836590907783074620718e-06 
1 1 5 5  1 
1 1 1 6 1.7868103286320345668425e-06 
1 1 6 6  1 
1 1 1 7 1.6480106262983795772925e-06 
1 1 7 7  1 
1 2 1 1 5.7735026921838987618685e+06 
1 2 1 2 1.3579515757395708010040e-05 
1 2 2 2 5.7735026918957056477666e+06 
1 2 3 3 3.5421135093756037082180e-03 
1 2 3 4 -1.3987717373923505212452e-02 
1 2 4 4 2.2602797541288302540785e-01 
1 2 3 5 -4.3356208022872483450957e-04 
1 2 5 5 2.2602797541288302540785e-01 
1 2 1 6 1.3987717373923505212452e-02 
1 2 2 6 4.3356208022872483450957e-04 
1 2 6 6 2.2602797541288302540785e-01 
1 3 1 1 2.6756867644430817887446e-03 
1 4 1 1 3.9684207348594166542277e-03 
1 5 1 1 8.4926739851157284633132e-02 
1 6 1 1 1.5627069572931400181365e-03 
1 7 1 1 6.9558279683569045753755e-04 
1 8 1 1 2.2175918692137783910789e-02 
1 9 1 1 1.6247007128052336905055e-02 
1 10 1 1 2.2592897541288303915608e-03 
1 11 1 1 2.2592897541288303915608e-03 
1 12 1 1 2.3970024587116972591971e-02 
2 1 1 1 9.9999999997649768879171e-01 
2 1 1 2 -1.0117345065193840940180e-08 
2 1 2 2 2.3651628130180420376885e-08 
2 1 1 3 -2.9196926947397182594513e-08 
2 1 2 3 -3.7236336040700359950526e-13 
2 1 3 3 2.3650821116315236324815e-08 
2 1 1 4 -5.4212182750653496347360e-09 
2 1 2 4 -7.2681132745205845028164e-14 
2 1 3 4 -1.8593193470951277096554e-13 
2 1 4 4 2.3651737394818879424276e-08 
2 1 1 5 -5.0671861858430295767492e-08 
2 1 2 5 -6.2323444951747188901618e-13 
2 1 3 5 -1.5943364527141882231686e-12 
2 1 4 5 -3.1119855327422794612300e-13 
2 1 5 5 2.3649105216715125825360e-08 
2 1 1 6 5.8434380280957368711345e-08 
2 1 2 6 7.0365175586171235267634e-13 
2 1 3 6 1.8000531228744467040871e-12 
2 1 4 6 3.5135273256401605941944e-13 
2 1 5 6 3.0127795640482310466747e-12 
2 1 6 6 2.3648372173281332266750e-08 
2 1 1 7 5.0853211082621721094311e-08 
2 1 2 7 6.4786177603364481553770e-13 
2 1 3 7 1.6573432450971714059827e-12 
2 1 4 7 3.2349634459006703494467e-13 
2 1 5 7 2.7739289267934966600762e-12 
2 1 6 7 -3.1318479311407411199088e-12 
2 1 7 7 2.3648890134451415975545e-08 
2 2 1 1 1.0040964341677847884779e-12 
2 2 2 2 1.0040964341673756410363e-12 
2 2 3 3 8.8390125086596570244853e-06 
2 2 3 4 5.4693082848495487072307e-07 
2 2 4 4 1.3846640610874702072092e-07 
2 2 3 5 1.6952487406023401884528e-08 
2 2 4 5 1.0489677278374111150867e-09 
2 2 5 5 1.0465652374057724974911e-07 
2 2 1 6 -2.5347473960353043014041e-16 
2 2 2 6 -7.8566193527313901710879e-18 
2 2 6 6 1.0462401029890640700721e-07 
2 3 1 1 8.8390125086596587185512e-06 
2 4 1 1 5.9597137427991552199435e-06 
2 5 1 1 2.7848547763349102292146e-07 
2 6 1 1 1.5133114735261180689146e-05 
2 7 1 1 3.3994096366496210617682e-05 
2 8 1 1 1.0662840128640418830950e-06 
2 9 1 1 1.4556752528486026095051e-06 
2 10 1 1 1.0466885921579570188893e-05 
2 11 1 1 1.0466885921579570188893e-05 
2 12 1 1 9.8788070867531269039655e-07 
