SDPA start at [Wed Nov 21 15:49:55 2018]
set   is STABLE_BUT_SLOW
data   is tmp/sdpa_dat/sdp.dat-s  : sparse
out    is tmp/sdpa_dat/sdpa.out
NumThreads  is set as 1
Schur computation : DENSE 
   mu      thetaP  thetaD  objP      objD      alphaP  alphaD  beta 
 0 1.0e+08 1.0e+00 1.0e+00 -0.00e+00 -9.51e+02 8.0e-01 8.0e-01 3.00e-01
 1 3.0e+07 2.0e-01 2.0e-01 -0.00e+00 -1.41e+03 8.0e-01 8.0e-01 3.00e-01
 2 8.8e+06 4.0e-02 4.0e-02 -0.00e+00 -2.08e+03 8.0e-01 8.0e-01 3.00e-01
 3 2.6e+06 8.0e-03 8.0e-03 -0.00e+00 -3.08e+03 8.0e-01 8.0e-01 3.00e-01
 4 7.7e+05 1.6e-03 1.6e-03 -0.00e+00 -4.56e+03 8.0e-01 8.0e-01 3.00e-01
 5 2.3e+05 3.2e-04 3.2e-04 -0.00e+00 -6.70e+03 8.0e-01 8.0e-01 3.00e-01
 6 6.8e+04 6.4e-05 6.4e-05 -0.00e+00 -9.59e+03 8.0e-01 8.0e-01 3.00e-01
 7 2.1e+04 1.2e-05 1.3e-05 -0.00e+00 -1.22e+04 8.2e-01 8.0e-01 3.00e-01
 8 6.5e+03 2.2e-06 2.6e-06 -0.00e+00 -1.06e+04 9.1e-01 8.0e-01 3.00e-01
 9 2.0e+03 2.0e-07 5.1e-07 -0.00e+00 -6.42e+03 1.0e+00 8.0e-01 3.00e-01
10 7.1e+02 0.0e+00 1.0e-07 -0.00e+00 -3.32e+03 8.0e+01 8.0e-01 3.00e-01
11 4.0e+03 0.0e+00 2.0e-08 -0.00e+00 -1.35e+03 8.0e+01 8.0e-01 3.00e-01
12 2.3e+04 0.0e+00 4.1e-09 -0.00e+00 -4.13e+03 3.3e+01 8.0e-01 3.00e-01
13 5.6e+04 0.0e+00 8.2e-10 -0.00e+00 -2.26e+04 6.7e-02 9.7e-01 3.00e-01
14 1.8e+04 1.1e-23 1.6e-10 -0.00e+00 -6.63e+04 3.0e+00 1.0e+00 3.00e-01
15 5.4e+03 0.0e+00 4.6e-11 -0.00e+00 -2.18e+04 4.1e+00 1.0e+00 3.00e-01
16 1.6e+03 0.0e+00 1.4e-11 -0.00e+00 -6.53e+03 3.9e+00 1.0e+00 3.00e-01
17 4.9e+02 0.0e+00 4.1e-12 -0.00e+00 -1.96e+03 3.9e+00 1.0e+00 3.00e-01
18 1.5e+02 0.0e+00 1.2e-12 -0.00e+00 -5.88e+02 2.0e+01 8.9e-01 1.00e-01
19 2.9e+01 0.0e+00 2.5e-13 -0.00e+00 -1.18e+02 2.0e+01 8.9e-01 1.00e-01
20 5.9e+00 0.0e+00 5.0e-14 -0.00e+00 -2.35e+01 2.0e+01 8.9e-01 1.00e-01
21 1.2e+00 0.0e+00 9.9e-15 -0.00e+00 -4.71e+00 2.0e+01 8.9e-01 1.00e-01
22 2.4e-01 0.0e+00 2.0e-15 -0.00e+00 -9.41e-01 2.0e+01 8.9e-01 1.00e-01
23 4.7e-02 0.0e+00 4.0e-16 -0.00e+00 -1.88e-01 2.0e+01 8.9e-01 1.00e-01
24 9.4e-03 0.0e+00 7.9e-17 -0.00e+00 -3.76e-02 2.0e+01 8.9e-01 1.00e-01
25 1.9e-03 0.0e+00 1.6e-17 -0.00e+00 -7.53e-03 2.0e+01 8.9e-01 1.00e-01
26 3.8e-04 0.0e+00 3.2e-18 -0.00e+00 -1.51e-03 2.0e+01 8.9e-01 1.00e-01
27 7.5e-05 0.0e+00 6.4e-19 -0.00e+00 -3.01e-04 2.0e+01 8.9e-01 1.00e-01
28 1.5e-05 0.0e+00 1.3e-19 -0.00e+00 -6.02e-05 2.0e+01 8.9e-01 1.00e-01
29 3.0e-06 0.0e+00 2.5e-20 -0.00e+00 -1.20e-05 2.0e+01 8.9e-01 1.00e-01
30 6.0e-07 0.0e+00 5.1e-21 -0.00e+00 -2.41e-06 2.0e+01 8.9e-01 1.00e-01
31 1.2e-07 0.0e+00 1.0e-21 -0.00e+00 -4.82e-07 2.0e+01 8.9e-01 1.00e-01
32 2.4e-08 0.0e+00 2.0e-22 -0.00e+00 -9.64e-08 2.0e+01 8.9e-01 1.00e-01

phase.value  = pdOPT     
   Iteration = 32
          mu = +2.4094062963190189e-08
relative gap = +9.6376251852632695e-08
        gap  = +9.6376251852632695e-08
     digits  = -3.0102999566398120e-01
objValPrimal = -0.0000000000000000e+00
objValDual   = -9.6376251852632695e-08
p.feas.error = +0.0000000000000000e+00
d.feas.error = +6.1014525055926004e-18
total time   = 0.004739
** Parameters **
maxIteration = 1000
epsilonStar  = +9.9999999999999995e-08
lambdaStar   = +1.0000000000000000e+04
omegaStar    = +2.0000000000000000e+00
lowerBound   = -1.0000000000000000e+05
upperBound   = +1.0000000000000000e+05
betaStar     = +1.0000000000000001e-01
betaBar      = +2.9999999999999999e-01
gammaStar    = +8.0000000000000004e-01
epsilonDash  = +9.9999999999999995e-08
xPrint       = %+8.3e 
XPrint       = %+8.3e 
YPrint       = %+8.3e 
infPrint     = %+10.16e 

                         Time(sec)  Ratio(% : MainLoop) 
 Predictor time  =       0.003574,  77.142240
 Corrector time  =       0.000137,  2.957047
 Make bMat time  =       0.001284,  27.714224
 Make bDia time  =       0.000003,  0.064753
 Make bF1  time  =       0.000000,  0.000000
 Make bF2  time  =       0.000000,  0.000000
 Make bF3  time  =       0.000000,  0.000000
 Make bPRE time  =       0.000025,  0.539607
 Make rMat time  =       0.000045,  0.971293
 Make gVec Mul   =       0.001413,  30.498597
 Make gVec time  =       0.001457,  31.448306
 Cholesky bMat   =       0.000730,  15.756529
 Ste Pre time    =       0.000003,  0.064753
 Ste Cor time    =       0.000204,  4.403194
 solve           =       0.000027,  0.582776
 sumDz           =       0.000049,  1.057630
 makedX          =       0.000064,  1.381394
 symmetriseDx    =       0.000022,  0.474854
 makedXdZ        =       0.000143,  3.086553
 xMatTime        =       0.000060,  1.295057
 zMatTime        =       0.000053,  1.143967
 invzMatTime     =       0.000000,  0.000000
 xMatzMatTime    =       0.000000,  0.000000
 EigxMatTime     =       0.000125,  2.698036
 EigzMatTime     =       0.000073,  1.575653
 EigxMatzMatTime =       0.000000,  0.000000
 updateRes       =       0.000047,  1.014461
 EigTime         =       0.000198,  4.273689
 sub_total_bMat  =       0.003349,  72.285776
 Main Loop       =       0.004633,  100.000000
 File Check      =       0.000000,  0.000000
 File Change     =       0.000001,  0.021584
 File Read       =       0.000105,  2.266350
 Total           =       0.004739,  102.287934

xVec = 
{+1.185e+10,+8.014e-10,-0.000e+00,+1.185e+10,-0.000e+00,-0.000e+00,+1.185e+10,+5.183e-03}
xMat = 
{
{ {+1.185e+10,+8.014e-10,+0.000e+00,+0.000e+00,+0.000e+00,+1.399e-02 },
  {+8.014e-10,+1.185e+10,+0.000e+00,+0.000e+00,+0.000e+00,+4.336e-04 },
  {+0.000e+00,+0.000e+00,+1.037e-03,-1.399e-02,-4.336e-04,+0.000e+00 },
  {+0.000e+00,+0.000e+00,-1.399e-02,+1.185e+10,+0.000e+00,+0.000e+00 },
  {+0.000e+00,+0.000e+00,-4.336e-04,+0.000e+00,+1.185e+10,+0.000e+00 },
  {+1.399e-02,+4.336e-04,+0.000e+00,+0.000e+00,+0.000e+00,+1.185e+10 }   }
{+5.183e-03}
{+3.969e-03}
{+8.493e-02}
}
yMat = 
{
{ {+2.034e-18,-1.376e-37,+0.000e+00,+0.000e+00,+0.000e+00,-2.401e-30 },
  {-1.376e-37,+2.034e-18,+0.000e+00,+0.000e+00,+0.000e+00,-7.443e-32 },
  {+0.000e+00,+0.000e+00,+7.748e-06,+9.148e-18,+2.835e-19,+0.000e+00 },
  {+0.000e+00,+0.000e+00,+9.148e-18,+2.034e-18,+3.348e-31,+0.000e+00 },
  {+0.000e+00,+0.000e+00,+2.835e-19,+3.348e-31,+2.034e-18,+0.000e+00 },
  {-2.401e-30,-7.443e-32,+0.000e+00,+0.000e+00,+0.000e+00,+2.034e-18 }   }
{+7.748e-06}
{+6.070e-06}
{+2.837e-07}
}
    main loop time = 0.004633
        total time = 0.004739
  file  check time = 0.000000
  file change time = 0.000001
  file   read time = 0.000105
SDPA end at [Wed Nov 21 15:49:55 2018]
ALL TIME = 0.014950
