1.8058719690529201340468e+00 1.9633908729596985520693e-01 7.7168956581128556049265e-01 -1.2159992467310673514014e-01 -7.6106429994383453796480e-03 2.8556341700133741623446e-03 1.1756384836029354357123e+00 1.6302502614224887445005e+00 9.9585091013545645743932e-01 -6.0970884845489503600646e-01 -4.8874364987562890841333e-03 -4.4280839521546001488761e-04 -3.5848667779751568727986e-04 6.1928672205658208405055e-01 2.4654468207543760449596e+00 2.6250695531428109089078e-03 -2.1050241143464576420996e-01 1.4144444034770857140937e-02 -3.4705837130165170974216e-03 -1.4503644719225284795416e-02 2.3347799365071819632789e-01 1.0783657220183417990711e+00 1.5489951070807500554949e-02 1.8752734442650114549123e-02 -1.8944617557600190813766e-03 -2.0130297638147414372722e-03 -1.8553539993886706844367e-03 1.1074061065144354815137e-02 9.8989972331021454246894e-05 -7.5477255019206004882371e-02 -8.5922960969560355660307e-04 6.2866537392535003312549e-04 3.9303637313689429241825e-03 -2.4194532886227118422505e-04 1.4871773856168392716204e-02 -9.5463021468350117704205e-02 1.1744570781885071628081e-03 5.7735026918965913355350e+06 -0 -0 5.7735026918965913355350e+06 -0 -0 -0 -0 1.8911277078748101043715e+00 9.7092198471527002556769e-03 4.4998985942695031436944e-02 4.4999989592759321865856e+00 9.0969958108730458734570e-02 -1.3560736695776950955228e-01 5.4999989935733353263458e+00 1.1354157990869147287771e-01 -6.0935621212574210547874e-02 4.4150334186170594463761e+00 5.2294605202559060752598e-03 9.8756214701444625949332e-05 9.9989985614768114863260e-03 9.8743665400206764859448e-03 7.5378265405311201119432e-02 1.5075853159478420639772e+00  
1 1 1 1 1.2020226154286506314861e-01 
1 1 1 2 1.6843226126585905677580e-01 
1 1 2 2  1 
1 1 1 3 -7.8123298273310493033961e-02 
1 1 3 3  1 
1 1 1 4 -5.2589376957422238889617e-02 
1 1 4 4  1 
1 1 1 5 6.8617220004581536141330e-02 
1 1 5 5  1 
1 1 1 6 -1.3700068958187955336925e-01 
1 1 6 6  1 
1 1 1 7 4.3232314444246237872260e-02 
1 1 7 7  1 
1 1 1 8 1.4222948854091498060992e-02 
1 1 8 8  1 
1 1 1 9 4.7391531910454441633984e-02 
1 1 9 9  1 
1 1 1 10 -1.5364477848250695027343e-02 
1 1 10 10  1 
1 1 1 11 1.4897633121136255943129e-02 
1 1 11 11  1 
1 1 1 12 4.0146528713099240148754e-02 
1 1 12 12  1 
1 1 1 13 1.1368443842714527625137e-01 
1 1 13 13  1 
1 1 1 14 -7.6984971693204715115222e-02 
1 1 14 14  1 
1 1 1 15 7.1977975332041907452485e-02 
1 1 15 15  1 
1 1 1 16 3.9910966565660746518951e-02 
1 1 16 16  1 
1 1 1 17 -1.7020069631788432851227e-02 
1 1 17 17  1 
1 1 1 18 3.2764649853925298383928e-02 
1 1 18 18  1 
1 1 1 19 1.5651945785975121365474e-03 
1 1 19 19  1 
1 1 1 20 -2.9516618623875202909179e-02 
1 1 20 20  1 
1 1 1 21 -6.9036096148823250517879e-02 
1 1 21 21  1 
1 1 1 22 -6.8564753135314113197119e-02 
1 1 22 22  1 
1 1 1 23 1.4602348438640496558483e-02 
1 1 23 23  1 
1 1 1 24 1.2248146923821173759350e-02 
1 1 24 24  1 
1 1 1 25 -3.9682460290789527135313e-03 
1 1 25 25  1 
1 1 1 26 1.2983512077020047462139e-02 
1 1 26 26  1 
1 1 1 27 1.6771018537499217393449e-02 
1 1 27 27  1 
1 1 1 28 -3.9880183415666198981642e-03 
1 1 28 28  1 
1 1 1 29 -1.2041950296120813856948e-01 
1 1 29 29  1 
1 1 1 30 -6.1730428689928317984026e-03 
1 1 30 30  1 
1 1 1 31 -1.3327240430220850878062e-02 
1 1 31 31  1 
1 1 1 32 -9.9233857875637571099858e-03 
1 1 32 32  1 
1 1 1 33 1.1777877152667625033911e-03 
1 1 33 33  1 
1 1 1 34 6.1455905791336622873144e-03 
1 1 34 34  1 
1 1 1 35 5.1627561713497860385047e-03 
1 1 35 35  1 
1 1 1 36 5.5313466431479996199272e-03 
1 1 36 36  1 
1 1 1 37 3.8287283901547453091041e-03 
1 1 37 37  1 
1 2 1 1 5.7735026918955910950899e+06 
1 2 2 2 5.7735026918955910950899e+06 
1 2 3 3 1.1319892245786888906878e-10 
1 2 4 4 1.8911267078748101866381e+00 
1 2 5 5 1.8911267078748101866381e+00 
1 2 6 6 1.8911267078748101866381e+00 
1 3 1 1 1.9859513434574704859870e-03 
1 3 1 2 -2.6388407458547962630702e-03 
1 3 2 2 9.7082198471527009903115e-03 
1 3 1 3 -7.6106429994383453796480e-03 
1 3 2 3 2.8556341700133741623446e-03 
1 3 3 3 3.8327305989295457067101e-02 
1 3 2 4 -4.4998985942695031436944e-02 
1 3 3 4 4.4998988408560605667397e-02 
1 3 4 4 4.4999979592759320468076e+00 
1 3 1 5 4.4998985942695031436944e-02 
1 3 3 5 -1.9991558274508750003839e-01 
1 3 5 5 4.4999979592759320468076e+00 
1 3 1 6 -4.4998988408560605667397e-02 
1 3 2 6 1.9991558274508750003839e-01 
1 3 6 6 4.4999979592759320468076e+00 
1 4 1 1 1.4804224649497654819896e-02 
1 4 1 2 -4.8874364987562890841333e-03 
1 4 2 2 9.0968958108730457734481e-02 
1 4 1 3 1.7801559048996603434878e-02 
1 4 2 3 -3.5848667779751568727986e-04 
1 4 3 3 8.5741607060919766691853e-02 
1 4 2 4 1.3560736695776950955228e-01 
1 4 3 4 2.6250695531428109089078e-03 
1 4 4 4 5.4999979935733351865679e+00 
1 4 1 5 -1.3560736695776950955228e-01 
1 4 3 5 -6.8631408876710664479504e-01 
1 4 5 5 5.4999979935733351865679e+00 
1 4 1 6 -2.6250695531428109089078e-03 
1 4 2 6 6.8631408876710664479504e-01 
1 4 6 6 5.4999979935733351865679e+00 
1 5 1 1 3.9520614577897003605322e-02 
1 5 1 2 1.4144444034770857140937e-02 
1 5 2 2 1.1354057990869147187762e-01 
1 5 1 3 -3.4409677117897010355241e-03 
1 5 2 3 -1.4503644719225284795416e-02 
1 5 3 3 9.6994547546866899390139e-02 
1 5 2 4 6.0935621212574210547874e-02 
1 5 3 4 1.5489951070807500554949e-02 
1 5 4 4 4.4150324186170593065981e+00 
1 5 1 5 -6.0935621212574210547874e-02 
1 5 3 5 -6.2325736194014225155513e-01 
1 5 5 5 4.4150324186170593065981e+00 
1 5 1 6 -1.5489951070807500554949e-02 
1 5 2 6 6.2325736194014225155513e-01 
1 5 6 6 4.4150324186170593065981e+00 
1 6 1 1 1.4106828422885343138349e-02 
1 6 1 2 -1.8944617557600190813766e-03 
1 6 2 2 5.2284605202559059425327e-03 
1 6 1 3 -2.0130297638147414372722e-03 
1 6 2 3 -1.8553539993886706844367e-03 
1 6 3 3 1.1986945251236790638272e-03 
1 6 2 4 -9.8756214701444625949332e-05 
1 6 3 4 -9.8989613894803762939034e-05 
1 6 4 4 9.9979985614768122209606e-03 
1 6 1 5 9.8756214701444625949332e-05 
1 6 3 5 -9.8989972331021454246894e-05 
1 6 5 5 9.9979985614768122209606e-03 
1 6 1 6 9.8989613894803762939034e-05 
1 6 2 6 9.8989972331021454246894e-05 
1 6 6 6 9.9979985614768122209606e-03 
1 7 1 1 9.0141369303250729050347e-03 
1 7 1 2 6.2866537392535003312549e-04 
1 7 2 2 9.8733665400206772205793e-03 
1 7 1 3 3.9303637313689429241825e-03 
1 7 2 3 -2.4194532886227118422505e-04 
1 7 3 3 1.4870773856168393450838e-02 
1 7 2 4 -7.5378265405311201119432e-02 
1 7 3 4 1.1744570781885071628081e-03 
1 7 4 4 1.5075843159478421462438e+00 
1 7 1 5 7.5378265405311201119432e-02 
1 7 3 5 9.5463021468350117704205e-02 
1 7 5 5 1.5075843159478421462438e+00 
1 7 1 6 -1.1744570781885071628081e-03 
1 7 2 6 -9.5463021468350117704205e-02 
1 7 6 6 1.5075843159478421462438e+00 
1 8 1 1 3.9112670787481018663811e-01 
1 9 1 1 6.0887129212518975585056e-01 
1 10 1 1 1.8910277078748101431405e-02 
1 11 1 1 1.8910277078748101431405e-02 
1 12 1 1 1.8910277078748101431405e-02 
1 13 1 1 1.8910277078748101431405e-02 
1 14 1 1 1.8911177078748100943706e-01 
1 15 1 1 1.8911177078748100943706e-01 
1 16 1 1 9.9999795927593204680761e-01 
1 17 1 1 4.0724067673636454856023e-08 
1 18 1 1 6.4991447867268081761694e-01 
1 19 1 1 2.5008331318250581754015e-01 
1 20 1 1 8.9997978001319992036322e-02 
1 21 1 1 1.1841986558014383490445e-09 
1 22 1 1 8.9997975535454355355824e-02 
1 23 1 1 3.6500642924819359791400e-09 
1 24 1 1 9.9999799357333518656787e-01 
1 25 1 1 6.4266645338761918537784e-09 
1 26 1 1 1.7863128874817733038327e+00 
1 27 1 1 9.6368460930489385773967e-01 
1 28 1 1 1.1262404942460951806638e-01 
1 29 1 1 1.0737391031832388410550e-01 
1 30 1 1 2.9391602849430542576670e-02 
1 31 1 1 3.0060633676496956168123e-01 
1 32 1 1 9.1503241861705930659809e-01 
1 33 1 1 8.4965581382940413845972e-02 
1 34 1 1 1.5062630456635541786881e+00 
1 35 1 1 7.0125166364497570903325e-01 
1 36 1 1 5.9639285256978091798175e-02 
1 37 1 1 2.8659383115363090688277e-02 
1 38 1 1 7.1514381345937572120874e-02 
1 39 1 1 1.9338562377108597933884e-01 
1 40 1 1 9.8979985614768110913086e-03 
1 41 1 1 1.4385231894564753929444e-09 
1 42 1 1 1.9797995794578956973986e-04 
1 43 1 1 1.3283746661246070841500e-11 
1 44 1 1 3.7171996036811094654695e-10 
1 45 1 1 1.9797959950956789398901e-04 
1 46 1 1 1.9774620031621272788977e-04 
1 47 1 1 2.3377091332348954363235e-07 
1 48 1 1 7.5843159478421462438291e-03 
1 49 1 1 9.9241368405215779624484e-01 
1 50 1 1 5.5294510126434104346771e-02 
1 51 1 1 2.4622055306313433975518e-01 
1 52 1 1 1.6249310237666927253519e-02 
1 53 1 1 1.3900396081289912927903e-02 
1 54 1 1 1.5075653120270332552266e-01 
1 55 1 1 3.9208090940601181273450e-10 
1 56 1 1 1.7625560614954549620848e-01 
2 1 1 1 1.0000000001013709116648e+00 
2 1 1 2 -1.6843251792627839114047e-01 
2 1 2 2 2.8369514175376520787042e-02 
2 1 1 3 7.8123130015508496226673e-02 
2 1 2 3 -1.3158475496837671037120e-02 
2 1 3 3 6.1032245216205835078305e-03 
2 1 1 4 5.2589410781239215308958e-02 
2 1 2 4 -8.8577668741328455248585e-03 
2 1 3 4 4.1084493759064900919586e-03 
2 1 4 4 2.7656472042114229291376e-03 
2 1 1 5 -6.8617391672412958447680e-02 
2 1 2 5 1.1557400052875244772510e-02 
2 1 3 5 -5.3606054109773485644164e-03 
2 1 4 5 -3.6085481973922063636540e-03 
2 1 5 5 4.7083475179887160355641e-03 
2 1 1 6 1.3700078978328766865502e-01 
2 1 2 6 -2.3075387981062504827445e-02 
2 1 3 6 1.0702930512481573926964e-02 
2 1 4 6 7.2047908112619803155940e-03 
2 1 5 6 -9.4006368519736968614176e-03 
2 1 6 6 1.8769217480730383817988e-02 
2 1 1 7 -4.3232326083430833163490e-02 
2 1 2 7 7.2817295380390965886530e-03 
2 1 3 7 -3.3774446314895640447462e-03 
2 1 4 7 -2.2735625554291304453725e-03 
2 1 5 7 2.9664894517750324196004e-03 
2 1 6 7 -5.9228628175970899488734e-03 
2 1 7 7 1.8690350963899205784247e-03 
2 1 1 8 -1.4222958002089648721356e-02 
2 1 2 8 2.3956086286490707593089e-03 
2 1 3 8 -1.1111419972032730331402e-03 
2 1 4 8 -7.4797698089578150588974e-04 
2 1 5 8 9.7594227996821662080018e-04 
2 1 6 8 -1.9485564793394463331544e-03 
2 1 7 8 6.1489155821700712881150e-04 
2 1 8 8 2.0229361196869474997899e-04 
2 1 1 9 -4.7391628942518415623653e-02 
2 1 2 9 7.9822913913907937721870e-03 
2 1 3 9 -3.7023823895383761034550e-03 
2 1 4 9 -2.4922978420460154685978e-03 
2 1 5 9 3.2518899651262540839713e-03 
2 1 6 9 -6.4926905942320027598225e-03 
2 1 7 9 2.0488503560667208763801e-03 
2 1 8 9 6.7404914809925629837206e-04 
2 1 9 9 2.2459675716590072128143e-03 
2 1 1 10 1.5364525157185358883449e-02 
2 1 2 10 -2.5878856589541176722036e-03 
2 1 3 10 1.2003247964891970885060e-03 
2 1 4 10 8.0801132494825577551323e-04 
2 1 5 10 -1.0542736405634287912003e-03 
2 1 6 10 2.1049520811747919266099e-03 
2 1 7 10 -6.6424416171196481485650e-04 
2 1 8 10 -2.1852899603225965988185e-04 
2 1 9 10 -7.2814987512277002355832e-04 
2 1 10 10 2.3606971094652679388909e-04 
2 1 1 11 -1.4897831444598913508415e-02 
2 1 2 11 2.5092792618039740093483e-03 
2 1 3 11 -1.1638652229284960140654e-03 
2 1 4 11 -7.8346817758262769434974e-04 
2 1 5 11 1.0222503352694720622773e-03 
2 1 6 11 -2.0410146739482087213657e-03 
2 1 7 11 6.4406790694634496845239e-04 
2 1 8 11 2.1189123095691816262010e-04 
2 1 9 11 7.0603249985122843411511e-04 
2 1 10 11 -2.2889810600861546299734e-04 
2 1 11 11 2.2194645935372922713504e-04 
2 1 1 12 -4.0146375644855972208980e-02 
2 1 2 12 6.7619551355170004480755e-03 
2 1 3 12 -3.1363605241283894903281e-03 
2 1 4 12 -2.1112742401700659161667e-03 
2 1 5 12 2.7547395818772624914716e-03 
2 1 6 12 -5.5000851702966518236293e-03 
2 1 7 12 1.7356212029478517919201e-03 
2 1 8 12 5.7100021473439617307466e-04 
2 1 9 12 1.9026021379628423046970e-03 
2 1 10 12 -6.1682999857248267672194e-04 
2 1 11 12 5.9809393749872758264119e-04 
2 1 12 12 1.6117325551751368172687e-03 
2 1 1 13 -1.1368373365595113577697e-01 
2 1 2 13 1.9148037507114551436516e-02 
2 1 3 13 -8.8813291049303841329099e-03 
2 1 4 13 -5.9785605684004785448371e-03 
2 1 5 13 7.8006812791734797540855e-03 
2 1 6 13 -1.5574761296450113923218e-02 
2 1 7 13 4.9148122438021669966535e-03 
2 1 8 13 1.6169189693157597770279e-03 
2 1 9 13 5.3876573222894456882681e-03 
2 1 10 13 -1.7466965857527994021581e-03 
2 1 11 13 1.6936411021384696271030e-03 
2 1 12 13 4.5639898759524989702019e-03 
2 1 13 13 1.2923992376368867093794e-02 
2 1 1 14 7.6985172653514788443374e-02 
2 1 2 14 -1.2966806472967697116960e-02 
2 1 3 14 6.0143226525083207101297e-03 
2 1 4 14 4.0486048687315718402902e-03 
2 1 5 14 -5.2825217449006395264988e-03 
2 1 6 14 1.0547029455111846946158e-02 
2 1 7 14 -3.3282480877434052202180e-03 
2 1 8 14 -1.0949568774326896673788e-03 
2 1 9 14 -3.6484527364508065327975e-03 
2 1 10 14 1.1828406219557235749817e-03 
2 1 11 14 -1.1469121258852474701251e-03 
2 1 12 14 -3.0906756604630325480088e-03 
2 1 13 14 -8.7519618635372893600266e-03 
2 1 14 14 5.9267178866614436683058e-03 
2 1 1 15 -7.1978106030287702932213e-02 
2 1 2 15 1.2123453634209389179199e-02 
2 1 3 15 -5.6231549356955210644538e-03 
2 1 4 15 -3.7852861852763781264075e-03 
2 1 5 15 4.9389498932962058730389e-03 
2 1 6 15 -9.8610573732400702562373e-03 
2 1 7 15 3.1117809507668391447166e-03 
2 1 8 15 1.0237415791376561213788e-03 
2 1 9 15 3.4111596929592650356833e-03 
2 1 10 15 -1.1059094208624555347176e-03 
2 1 11 15 1.0723176913145135956407e-03 
2 1 12 15 2.8896600829166141713444e-03 
2 1 13 15 8.1827398350950084071620e-03 
2 1 14 15 -5.5412469199873862907291e-03 
2 1 15 15 5.1808488258272304347041e-03 
2 1 1 16 -3.9910788173352945706895e-02 
2 1 2 16 6.7222745445038693812290e-03 
2 1 3 16 -3.1179556934572087018021e-03 
2 1 4 16 -2.0988848338564739665069e-03 
2 1 5 16 2.7385741840761194942910e-03 
2 1 6 16 -5.4678095006392840593534e-03 
2 1 7 16 1.7254362085587825539901e-03 
2 1 8 16 5.6764946402151515367218e-04 
2 1 9 16 1.8914372639315365012824e-03 
2 1 10 16 -6.1321030894084392788568e-04 
2 1 11 16 5.9458419506280444852275e-04 
2 1 12 16 1.6022734942618193851316e-03 
2 1 13 16 4.5372074125717420933768e-03 
2 1 14 16 -3.0725389182982790897691e-03 
2 1 15 16 2.8727029429162671825271e-03 
2 1 16 16 1.5928720903645280943667e-03 
2 1 1 17 1.7020226960467225996165e-02 
2 1 2 17 -2.8667596825872037474836e-03 
2 1 3 17 1.3296734037524828020427e-03 
2 1 4 17 8.9508370720824863633891e-04 
2 1 5 17 -1.1678835796726013546154e-03 
2 1 6 17 2.3317845358590489138195e-03 
2 1 7 17 -7.3582400196688644601617e-04 
2 1 8 17 -2.4207797324333427818610e-04 
2 1 9 17 -8.0661628061256748778440e-04 
2 1 10 17 2.6150770530759988308223e-04 
2 1 11 17 -2.5356447237460998187647e-04 
2 1 12 17 -6.8330042513973349681267e-04 
2 1 13 17 -1.9349229486480502490653e-03 
2 1 14 17 1.3103051111218741789366e-03 
2 1 15 17 -1.2250837007992021639169e-03 
2 1 16 17 -6.7929067290941995416187e-04 
2 1 17 17 2.8968920340934263026045e-04 
2 1 1 18 -3.2764603948563605917421e-02 
2 1 2 18 5.5186247419249222917470e-03 
2 1 3 18 -2.5596734141721637356692e-03 
2 1 4 18 -1.7230712161367140594637e-03 
2 1 5 18 2.2482216621386606411614e-03 
2 1 6 18 -4.4887766178933370675441e-03 
2 1 7 18 1.4164900418990387757912e-03 
2 1 8 18 4.6600958591599115667103e-04 
2 1 9 18 1.5527679527835612852127e-03 
2 1 10 18 -5.0341258163512521937866e-04 
2 1 11 18 4.8812154698379809671105e-04 
2 1 12 18 1.3153800979667728231204e-03 
2 1 13 18 3.7248025085982322535116e-03 
2 1 14 18 -2.5223886919131929471027e-03 
2 1 15 18 2.3583341370561399993888e-03 
2 1 16 18 1.3076611677661615328050e-03 
2 1 17 18 -5.5766099548145006345456e-04 
2 1 18 18 1.0735203496307619587535e-03 
2 1 1 19 -1.5651712389507855573145e-03 
2 1 2 19 2.6362573276828243744319e-04 
2 1 3 19 -1.2227607619313713305936e-04 
2 1 4 19 -8.2311433228946754171035e-05 
2 1 5 19 1.0739796794152057070673e-04 
2 1 6 19 -2.1442969588467641027518e-04 
2 1 7 19 6.7665993378991380179793e-05 
2 1 8 19 2.2261364797895080150023e-05 
2 1 9 19 7.4176014590141936370926e-05 
2 1 10 19 -2.4048112877262710026550e-05 
2 1 11 19 2.3317657304452343207737e-05 
2 1 12 19 6.2835952503872071709529e-05 
2 1 13 19 1.7793451023836363931313e-04 
2 1 14 19 -1.2049497806763845124400e-04 
2 1 15 19 1.1265806139581152145804e-04 
2 1 16 19 6.2467217768614579764125e-05 
2 1 17 19 -2.6639569722610627680592e-05 
2 1 18 19 5.1282215754832038154612e-05 
2 1 19 19 2.4508386262673295670586e-06 
2 1 1 20 2.9516767523726922251015e-02 
2 1 2 20 -4.9715834750260895491536e-03 
2 1 3 20 2.3059422669175957260057e-03 
2 1 4 20 1.5522694122339420787215e-03 
2 1 5 20 -2.0253635980537025573778e-03 
2 1 6 20 4.0438204625836797478922e-03 
2 1 7 20 -1.2760785185123124478579e-03 
2 1 8 20 -4.1981574484604750226169e-04 
2 1 9 20 -1.3988476940520956810776e-03 
2 1 10 20 4.5351111716989984251613e-04 
2 1 11 20 -4.3973582732813559607876e-04 
2 1 12 20 -1.1849912368516401194041e-03 
2 1 13 20 -3.3555763376549377352553e-03 
2 1 14 20 2.2723534439571943174818e-03 
2 1 15 20 -2.1245610224740691177048e-03 
2 1 16 20 -1.1780374562274762047231e-03 
2 1 17 20 5.0238208236942942172543e-04 
2 1 18 20 -9.6710519776322051779816e-04 
2 1 19 20 -4.6198795598399465035279e-05 
2 1 20 20 8.7124064273340839307386e-04 
2 1 1 21 6.9036110296512187556317e-02 
2 1 2 21 -1.1627925885072519507357e-02 
2 1 3 21 5.3933170204593042923458e-03 
2 1 4 21 3.6305683631204233030587e-03 
2 1 5 21 -4.7370778197522531854924e-03 
2 1 6 21 9.4580016341854131201039e-03 
2 1 7 21 -2.9845916318692964491754e-03 
2 1 8 21 -9.8189769737473892377566e-04 
2 1 9 21 -3.2717337228051444897314e-03 
2 1 10 21 1.0607070534041571074901e-03 
2 1 11 21 -1.0284883347850982265870e-03 
2 1 12 21 -2.7715496170252207353002e-03 
2 1 13 21 -7.8482827755993987695060e-03 
2 1 14 21 5.3147568705002364713996e-03 
2 1 15 21 -4.9690884668379398103610e-03 
2 1 16 21 -2.7552855743575750679941e-03 
2 1 17 21 1.1750102657121382597472e-03 
2 1 18 21 -2.2619408120152862187724e-03 
2 1 19 21 -1.0805333428544230782442e-04 
2 1 20 21 2.0377228183615344117574e-03 
2 1 21 21 4.7659856029659440276869e-03 
2 1 1 22 6.8564725195021908321635e-02 
2 1 2 22 -1.1548529305528233007694e-02 
2 1 3 22 5.3564909408821397701628e-03 
2 1 4 22 3.6057784983835484277082e-03 
2 1 5 22 -4.7047326036232135770820e-03 
2 1 6 22 9.3934215029922683848351e-03 
2 1 7 22 -2.9642125574519621183933e-03 
2 1 8 22 -9.7519320687366453301315e-04 
2 1 9 22 -3.2493940149906606895680e-03 
2 1 10 22 1.0534644451553293147128e-03 
2 1 11 22 -1.0214657190056974749026e-03 
2 1 12 22 -2.7526252136611632781449e-03 
2 1 13 22 -7.7946939572414129793199e-03 
2 1 14 22 5.2784672070837167223711e-03 
2 1 15 22 -4.9351590600277325110445e-03 
2 1 16 22 -2.7364722234165458902844e-03 
2 1 17 22 1.1669871843053378906996e-03 
2 1 18 22 -2.2464960658547007688046e-03 
2 1 19 22 -1.0731553588113728735925e-04 
2 1 20 22 2.0238090539127862391156e-03 
2 1 21 22 4.7334419310131777003381e-03 
2 1 22 22 4.7011226191557365164386e-03 
2 1 1 23 -1.4602345794769135134406e-02 
2 1 2 23 2.4595098698437225723246e-03 
2 1 3 23 -1.1407809590553634297716e-03 
2 1 4 23 -7.6792876137075395670539e-04 
2 1 5 23 1.0019748807363164366802e-03 
2 1 6 23 -2.0005329065720771353210e-03 
2 1 7 23 6.3129337498235549817893e-04 
2 1 8 23 2.0768855097104323842450e-04 
2 1 9 23 6.9202895359617416087827e-04 
2 1 10 23 -2.2435810931775647565634e-04 
2 1 11 23 2.1754328634668816926795e-04 
2 1 12 23 5.8623125957244274185365e-04 
2 1 13 23 1.6600491900821820120959e-03 
2 1 14 23 -1.1241641121568471568815e-03 
2 1 15 23 1.0510491939068819511327e-03 
2 1 16 23 5.8279112984841027408911e-04 
2 1 17 23 -2.4853523958253548320485e-04 
2 1 18 23 4.7844007668541486087699e-04 
2 1 19 23 2.2855171659121098547227e-05 
2 1 20 23 -4.3101404612546191999489e-04 
2 1 21 23 -1.0080891548753532008242e-03 
2 1 22 23 -1.0012058266207859470731e-03 
2 1 23 23 2.1322958035066861886761e-04 
2 1 1 24 -1.2248115036440986036492e-02 
2 1 2 24 2.0629808554467176512359e-03 
2 1 3 24 -9.5686108343124437469740e-04 
2 1 4 24 -6.4412115294825789471589e-04 
2 1 5 24 8.4043370670992562782020e-04 
2 1 6 24 -1.6780014333518051064531e-03 
2 1 7 24 5.2951450316310083761551e-04 
2 1 8 24 1.7420442576835813881797e-04 
2 1 9 24 5.8045812305532401911834e-04 
2 1 10 24 -1.8818647160698563159179e-04 
2 1 11 24 1.8247035333324602285332e-04 
2 1 12 24 4.9171742718947175285193e-04 
2 1 13 24 1.3924114475672428985209e-03 
2 1 14 24 -9.4292325076692851473781e-04 
2 1 15 24 8.8159612276810525935411e-04 
2 1 16 24 4.8883192473643988402998e-04 
2 1 17 24 -2.0846569776313580817095e-04 
2 1 18 24 4.0130463828392712831439e-04 
2 1 19 24 1.9170397385647772279128e-05 
2 1 20 24 -3.6152476413909607772662e-04 
2 1 21 24 -8.4556222058013077308436e-04 
2 1 22 24 -8.3978864162962199579887e-04 
2 1 23 24 1.7885121109611443754664e-04 
2 1 24 24 1.5001739957917176290954e-04 
2 1 1 25 3.9682531809022078550520e-03 
2 1 2 25 -6.6838287502629439504331e-04 
2 1 3 25 3.1001235918724399324292e-04 
2 1 4 25 2.0868809661417993175231e-04 
2 1 5 25 -2.7229118276799650980036e-04 
2 1 6 25 5.4365381984279766147683e-04 
2 1 7 25 -1.7155681549822939229583e-04 
2 1 8 25 -5.6440298333558373052726e-05 
2 1 9 25 -1.8806198229855564801882e-04 
2 1 10 25 6.0970325827705779478394e-05 
2 1 11 25 -5.9118367017144173242507e-05 
2 1 12 25 -1.5931098285546478479993e-04 
2 1 13 25 -4.5112583770196695853727e-04 
2 1 14 25 3.0549665626311897897310e-04 
2 1 15 25 -2.8562734820901066520177e-04 
2 1 16 25 -1.5837611212245173396285e-04 
2 1 17 25 6.7540569774397714091982e-05 
2 1 18 25 -1.3001824384018065977608e-04 
2 1 19 25 -6.2109957477890529538214e-06 
2 1 20 25 1.1713000661486648980650e-04 
2 1 21 25 2.7395276428102892200822e-04 
2 1 22 25 2.7208218885292937642278e-04 
2 1 23 25 -5.7945805148738643765988e-05 
2 1 24 25 -4.8603621453638192503703e-05 
2 1 25 25 1.5748110928585228490998e-05 
2 1 1 26 -1.2983534345485332750503e-02 
2 1 2 26 2.1868493813862752497834e-03 
2 1 3 26 -1.0143143417367644215643e-03 
2 1 4 26 -6.8279642108604065610378e-04 
2 1 5 26 8.9089626147259874319739e-04 
2 1 6 26 -1.7787544595072079037235e-03 
2 1 7 26 5.6130839053891495513127e-04 
2 1 8 26 1.8466426371434730823590e-04 
2 1 9 26 6.1531084206138978928702e-04 
2 1 10 26 -1.9948584007928348623556e-04 
2 1 11 26 1.9342650622971902006977e-04 
2 1 12 26 5.2124184703502998532165e-04 
2 1 13 26 1.4760166604600999384900e-03 
2 1 14 26 -9.9953963323550117092697e-04 
2 1 15 26 9.3453021176411864984201e-04 
2 1 16 26 5.1818308900793770728488e-04 
2 1 17 26 -2.2098270130561318419504e-04 
2 1 18 26 4.2540036068327950757872e-04 
2 1 19 26 2.0321454537999650389202e-05 
2 1 20 26 -3.8323196490841146284040e-04 
2 1 21 26 -8.9633270911296247795974e-04 
2 1 22 26 -8.9021246445874970681933e-04 
2 1 23 26 1.8959005815110145307112e-04 
2 1 24 26 1.5902382224378819189706e-04 
2 1 25 26 -5.1521951465648005907480e-05 
2 1 26 26 1.6857324173597551617704e-04 
2 1 1 27 -1.6771062679285304863885e-02 
2 1 2 27 2.8247923153594143783063e-03 
2 1 3 27 -1.3102079101992561080414e-03 
2 1 4 27 -8.8198030447704219361715e-04 
2 1 5 27 1.1507865766195671947125e-03 
2 1 6 27 -2.2976488325623699651712e-03 
2 1 7 27 7.2505205051571976378189e-04 
2 1 8 27 2.3853412013747818908038e-04 
2 1 9 27 7.9480797946399409092955e-04 
2 1 10 27 -2.5767941444651521702008e-04 
2 1 11 27 2.4985246493399490119031e-04 
2 1 12 27 6.7329738229266280526153e-04 
2 1 13 27 1.9065970227898224390040e-03 
2 1 14 27 -1.2911231559382990892459e-03 
2 1 15 27 1.2071493277642821040363e-03 
2 1 16 27 6.6934633004258866154079e-04 
2 1 17 27 -2.8544729316264106071949e-04 
2 1 18 27 5.4949722648520247375581e-04 
2 1 19 27 2.6249584953282100244221e-05 
2 1 20 27 -4.9502755822344738159679e-04 
2 1 21 27 -1.1578089329158953307841e-03 
2 1 22 27 -1.1499033038345381207979e-03 
2 1 23 27 2.4489685658876723765853e-04 
2 1 24 27 2.0541390498067513530750e-04 
2 1 25 27 -6.6551822823848126283244e-05 
2 1 26 27 2.1774766830567893194370e-04 
2 1 27 27 2.8126962103796232820760e-04 
2 1 1 28 3.9880585392297364377701e-03 
2 1 2 28 -6.7171874138943613898045e-04 
2 1 3 28 3.1155961577637963748344e-04 
2 1 4 28 2.0972964873775890373708e-04 
2 1 5 28 -2.7365017479198444540905e-04 
2 1 6 28 5.4636716957240090246362e-04 
2 1 7 28 -1.7241304720731483006435e-04 
2 1 8 28 -5.6721989112968614716800e-05 
2 1 9 28 -1.8900059048828114164481e-04 
2 1 10 28 6.1274625752418871880642e-05 
2 1 11 28 -5.9413423900647597446570e-05 
2 1 12 28 -1.6010609621573679544476e-04 
2 1 13 28 -4.5337738480635521656770e-04 
2 1 14 28 3.0702137518679795732263e-04 
2 1 15 28 -2.8705290038638024262968e-04 
2 1 16 28 -1.5916655958920865711684e-04 
2 1 17 28 6.7877661462981950029824e-05 
2 1 18 28 -1.3066715856340735965949e-04 
2 1 19 28 -6.2419945257923671957673e-06 
2 1 20 28 1.1771459676740344277648e-04 
2 1 21 28 2.7532004918255409322420e-04 
2 1 22 28 2.7344013780494270688531e-04 
2 1 23 28 -5.8235009839722936273235e-05 
2 1 24 28 -4.8846199761829039716170e-05 
2 1 25 28 1.5825625983631092549668e-05 
2 1 26 28 -5.1779095014984466817734e-05 
2 1 27 28 -6.6883979728300796277832e-05 
2 1 28 28 1.5905688531623166407595e-05 
2 1 1 29 1.2041950455455074919797e-01 
2 1 2 29 -2.0282560359560344864782e-02 
2 1 3 29 9.4075486107165588733903e-03 
2 1 4 29 6.3327907910909718436354e-03 
2 1 5 29 -8.2628723090187178312860e-03 
2 1 6 29 1.6497567229284235135189e-02 
2 1 7 29 -5.2060152877068579385655e-03 
2 1 8 29 -1.7127215559122471733033e-03 
2 1 9 29 -5.7068764772907031035398e-03 
2 1 10 29 1.8501885071444141434016e-03 
2 1 11 29 -1.7939894814954478532987e-03 
2 1 12 29 -4.8344066648140244374376e-03 
2 1 13 29 -1.3689738882759650007159e-02 
2 1 14 29 9.2705163489823425027048e-03 
2 1 15 29 -8.6675678669411865273631e-03 
2 1 16 29 -4.8060373382161174216076e-03 
2 1 17 29 2.0495672979848758923915e-03 
2 1 18 29 -3.9454973744119433559652e-03 
2 1 19 29 -1.8847714513749299833356e-04 
2 1 20 29 3.5543945212578482995003e-03 
2 1 21 29 8.3132941982760576171696e-03 
2 1 22 29 8.2565302379023729206775e-03 
2 1 23 29 -1.7584072459405171093283e-03 
2 1 24 29 -1.4749119444151998804815e-03 
2 1 25 29 4.7785508199107182107646e-04 
2 1 26 29 -1.5634707732497094521962e-03 
2 1 27 29 -2.0195630586922266869188e-03 
2 1 28 29 4.8024003342858113431435e-04 
2 1 29 29 1.4500858156233946069658e-02 
2 1 1 30 6.1730529735045357175860e-03 
2 1 2 30 -1.0397428556170123202518e-03 
2 1 3 30 4.8225822004322534304610e-04 
2 1 4 30 3.2463721859759154132058e-04 
2 1 5 30 -4.2357879369580783701643e-04 
2 1 6 30 8.4571313274332728798788e-04 
2 1 7 30 -2.6687543908065569989163e-04 
2 1 8 30 -8.7799073186735810021830e-05 
2 1 9 30 -2.9255103596184748454556e-04 
2 1 10 30 9.4846027707576595908515e-05 
2 1 11 30 -9.1965102695837976391410e-05 
2 1 12 30 -2.4782570355147089981307e-04 
2 1 13 30 -7.0177571009092938429663e-04 
2 1 14 30 4.7523354896243609132855e-04 
2 1 15 30 -4.4432466145614903270389e-04 
2 1 16 30 -2.4637140961016458333421e-04 
2 1 17 30 1.0506676264643787736125e-04 
2 1 18 30 -2.0225763583085602272116e-04 
2 1 19 30 -9.6618849708846641732938e-06 
2 1 20 30 1.8220856952904122480486e-04 
2 1 21 30 4.2616356594485068146061e-04 
2 1 22 30 4.2325368074287131499311e-04 
2 1 23 30 -9.0141054128586585144148e-05 
2 1 24 30 -7.5608262945839051043240e-05 
2 1 25 30 2.4496237097907608911036e-05 
2 1 26 30 -8.0148045297744795406950e-05 
2 1 27 30 -1.0352865834072696050311e-04 
2 1 28 30 2.4618496623702936540283e-05 
2 1 29 30 7.4335598065830132269438e-04 
2 1 30 30 3.8107660636741532615788e-05 
2 1 1 31 1.3327282521710094587153e-02 
2 1 2 31 -2.2447477522350911191551e-03 
2 1 3 31 1.0411690252037919535155e-03 
2 1 4 31 7.0087393513039442094481e-04 
2 1 5 31 -9.1448336471407600314909e-04 
2 1 6 31 1.8258482311351012170042e-03 
2 1 7 31 -5.7616942378409296068864e-04 
2 1 8 31 -1.8955337958791071114109e-04 
2 1 9 31 -6.3160162807669056363180e-04 
2 1 10 31 2.0476736757969586123773e-04 
2 1 11 31 -1.9854760861457625229637e-04 
2 1 12 31 -5.3504209044810029441419e-04 
2 1 13 31 -1.5150952365850919520418e-03 
2 1 14 31 1.0260031459273263702847e-03 
2 1 15 31 -9.5927255443765523795774e-04 
2 1 16 31 -5.3190234965764843395875e-04 
2 1 17 31 2.2683337327906050867599e-04 
2 1 18 31 -4.3666313353636328556395e-04 
2 1 19 31 -2.0859479297331659671238e-05 
2 1 20 31 3.9337829990989661363421e-04 
2 1 21 31 9.2006374612065705553832e-04 
2 1 22 31 9.1378146369844402002736e-04 
2 1 23 31 -1.9460958788674052920634e-04 
2 1 24 31 -1.6323408945036595391401e-04 
2 1 25 31 5.2886031259245254833659e-05 
2 1 26 31 -1.7303523035159591074786e-04 
2 1 27 31 -2.2351269051426299414725e-04 
2 1 28 31 5.3149982863741893675952e-05 
2 1 29 31 1.6048647583225732551893e-03 
2 1 30 31 8.2270020998970801607425e-05 
2 1 31 31 1.7761753704880831462691e-04 
2 1 1 32 9.9234067802776299016543e-03 
2 1 2 32 -1.6714243904031381160458e-03 
2 1 3 32 7.7524759809568946980485e-04 
2 1 4 32 5.2186611551651969700960e-04 
2 1 5 32 -6.8091828976330837433495e-04 
2 1 6 32 1.3595145662362757843500e-03 
2 1 7 32 -4.2901195778316677208186e-04 
2 1 8 32 -1.4114019787332432757584e-04 
2 1 9 32 -4.7028641197432042436732e-04 
2 1 10 32 1.5246843311956446943498e-04 
2 1 11 32 -1.4783724156456267903592e-04 
2 1 12 32 -3.9838881628098069681565e-04 
2 1 13 32 -1.1281299333832754683282e-03 
2 1 14 32 7.6395518428641921368505e-04 
2 1 15 32 -7.1426802540962720106110e-04 
2 1 16 32 -3.9605098596923789949775e-04 
2 1 17 32 1.6889863561801748319605e-04 
2 1 18 32 -3.2513649297713335690335e-04 
2 1 19 32 -1.5531830885383097128841e-05 
2 1 20 32 2.9290689097348856801545e-04 
2 1 21 32 6.8507340499976594749842e-04 
2 1 22 32 6.8039565888841353584471e-04 
2 1 23 32 -1.4490501726780222841937e-04 
2 1 24 32 -1.2154302779886796926842e-04 
2 1 25 32 3.9378590521057848985315e-05 
2 1 26 32 -1.2884089275539334015774e-04 
2 1 27 32 -1.6642607710310380409249e-04 
2 1 28 32 3.9575127147479298938236e-05 
2 1 29 32 1.1949717279742420525390e-03 
2 1 30 32 6.1257715732065032201298e-05 
2 1 31 32 1.3225204573765722603287e-04 
2 1 32 32 9.8475079755561606203659e-05 
2 1 1 33 -1.1777951472089227130668e-03 
2 1 2 33 1.9837900224390530353608e-04 
2 1 3 33 -9.2013043418278956265405e-05 
2 1 4 33 -6.1939552812474783349134e-05 
2 1 5 33 8.0817230924651534476610e-05 
2 1 6 33 -1.6135886536984220002849e-04 
2 1 7 33 5.0918823863516337853777e-05 
2 1 8 33 1.6751730913755914081920e-05 
2 1 9 33 5.5817630586108745111354e-05 
2 1 10 33 -1.8096263168955138147479e-05 
2 1 11 33 1.7546593577915231543501e-05 
2 1 12 33 4.7284206413686263371400e-05 
2 1 13 33 1.3389614982181813947898e-04 
2 1 14 33 -9.0672762756862257827600e-05 
2 1 15 33 8.4775463986799733410657e-05 
2 1 16 33 4.7006732633175023444543e-05 
2 1 17 33 -2.0046340717262025438693e-05 
2 1 18 33 3.8589991531183350154978e-05 
2 1 19 33 1.8434510899607269368496e-06 
2 1 20 33 -3.4764705549621596736808e-05 
2 1 21 33 -8.1310395689290868460192e-05 
2 1 22 33 -8.0755200604620624256144e-05 
2 1 23 33 1.7198572014967856568142e-05 
2 1 24 33 1.4425770452613638928502e-05 
2 1 25 33 -4.6737893393097697052573e-06 
2 1 26 33 1.5291943745565053820734e-05 
2 1 27 33 1.9752876236870642290798e-05 
2 1 28 33 -4.6971159939913887347573e-06 
2 1 29 33 -1.4182950809362760997284e-04 
2 1 30 33 -7.2705918355841719718201e-06 
2 1 31 33 -1.5696808679240623464555e-05 
2 1 32 33 -1.1687740349434300543173e-05 
2 1 33 33 1.3882790282005509939690e-06 
2 1 1 34 -6.1456141857913239301414e-03 
2 1 2 34 1.0351212715097673176812e-03 
2 1 3 34 -4.8011461606548900583891e-04 
2 1 4 34 -3.2319422891873841267169e-04 
2 1 5 34 4.2169601564996292940302e-04 
2 1 6 34 -8.4195399715423883957310e-04 
2 1 7 34 2.6568919646272179304475e-04 
2 1 8 34 8.7408812461335378546368e-05 
2 1 9 34 2.9125066711451494741447e-04 
2 1 10 34 -9.4424443762798035721315e-05 
2 1 11 34 9.1556324258744138872360e-05 
2 1 12 34 2.4672413567469893801165e-04 
2 1 13 34 6.9865636626618770818609e-04 
2 1 14 34 -4.7312116915022460125750e-04 
2 1 15 34 4.4234966948296849595379e-04 
2 1 16 34 2.4527630596836002413452e-04 
2 1 17 34 -1.0459974824989165878564e-04 
2 1 18 34 2.0135861481914384390340e-04 
2 1 19 34 9.6189385698373911404331e-06 
2 1 20 34 -1.8139866520892823816002e-04 
2 1 21 34 -4.2426929876954047951565e-04 
2 1 22 34 -4.2137234780389456155480e-04 
2 1 23 34 8.9740383462215693628761e-05 
2 1 24 34 7.5272189517879234486181e-05 
2 1 25 34 -2.4387353041189803860931e-05 
2 1 26 34 7.9791792854753187122854e-05 
2 1 27 34 1.0306848071151984876093e-04 
2 1 28 34 -2.4509069131504332352163e-05 
2 1 29 34 -7.4005181543626303436456e-04 
2 1 30 34 -3.7937201923363730567476e-05 
2 1 31 34 -8.1904336522466109982502e-05 
2 1 32 34 -6.0985429479735358063164e-05 
2 1 33 34 7.2382745644677538962748e-06 
2 1 34 34 3.7769651343131194849625e-05 
2 1 1 35 -5.1627755431364885652101e-03 
2 1 2 35 8.6957928421361714924065e-04 
2 1 3 35 -4.0333218500050445169680e-04 
2 1 4 35 -2.7150732380853135391335e-04 
2 1 5 35 3.5425619155681224627802e-04 
2 1 6 35 -7.0730432688141707878171e-04 
2 1 7 35 2.2319879577613441386241e-04 
2 1 8 35 7.3429939724066863385166e-05 
2 1 9 35 2.4467234285189252453174e-04 
2 1 10 35 -7.9323594712481124103728e-05 
2 1 11 35 7.6914159824071216386282e-05 
2 1 12 35 2.0726672632772854317634e-04 
2 1 13 35 5.8692359978488499797078e-04 
2 1 14 35 -3.9745716655576910844583e-04 
2 1 15 35 3.7160680545185388774787e-04 
2 1 16 35 2.0605044109207762501740e-04 
2 1 17 35 -8.7871611487056193630363e-05 
2 1 18 35 1.6915629594702784798885e-04 
2 1 19 35 8.0806277937253343218033e-06 
2 1 20 35 -1.5238844548098678076398e-04 
2 1 21 35 -3.5641794183174566306577e-04 
2 1 22 35 -3.5398428635917162255603e-04 
2 1 23 35 7.5388633741684093949459e-05 
2 1 24 35 6.3234268760255923913505e-05 
2 1 25 35 -2.0487200471191427571249e-05 
2 1 26 35 6.7031073581871717954189e-05 
2 1 27 35 8.6585232232139767083109e-05 
2 1 28 35 -2.0589451090149786982759e-05 
2 1 29 35 -6.2169887303062994904357e-04 
2 1 30 35 -3.1870086917894761445111e-05 
2 1 31 35 -6.8805768258730032414100e-05 
2 1 32 35 -5.1232321829388591813773e-05 
2 1 33 35 6.0806919806911934885769e-06 
2 1 34 35 3.1728426615485591966333e-05 
2 1 35 35 2.6655328930411033858464e-05 
2 1 1 36 -5.5313534621153747500300e-03 
2 1 2 36 9.3165979116281759722651e-04 
2 1 3 36 -4.3212664568362062732232e-04 
2 1 4 36 -2.9089061939508180278796e-04 
2 1 5 36 3.7954704698733843486885e-04 
2 1 6 36 -7.5779979287952329430889e-04 
2 1 7 36 2.3913327655682202824150e-04 
2 1 8 36 7.8672207986320828471821e-05 
2 1 9 36 2.6213985082577180747709e-04 
2 1 10 36 -8.4986619421614914213214e-05 
2 1 11 36 8.2405171537710191842843e-05 
2 1 12 36 2.2206379391563645705338e-04 
2 1 13 36 6.2882491374867681595273e-04 
2 1 14 36 -4.2583220128717064537072e-04 
2 1 15 36 3.9813634598622024869663e-04 
2 1 16 36 2.2076067633959508152569e-04 
2 1 17 36 -9.4144891322675198054928e-05 
2 1 18 36 1.8123260548601042609074e-04 
2 1 19 36 8.6575153515341067957459e-06 
2 1 20 36 -1.6326767423171335488763e-04 
2 1 21 36 -3.8186312769941405803609e-04 
2 1 22 36 -3.7925573008654113633942e-04 
2 1 23 36 8.0770735966930953678503e-05 
2 1 24 36 6.7748653511412861103619e-05 
2 1 25 36 -2.1949810970678871582720e-05 
2 1 26 36 7.1816517652217550437763e-05 
2 1 27 36 9.2766675614089263426573e-05 
2 1 28 36 -2.2059361407810864166325e-05 
2 1 29 36 -6.6608284342394344888783e-04 
2 1 30 36 -3.4145337936755407941096e-05 
2 1 31 36 -7.3717910316748656808158e-05 
2 1 32 36 -5.4889870449908789371007e-05 
2 1 33 36 6.5148012651266963362294e-06 
2 1 34 36 3.3993564303235403894522e-05 
2 1 35 36 2.8557136374507042131561e-05 
2 1 36 36 3.0596948745193941932193e-05 
2 1 1 37 -3.8287136520095133018771e-03 
2 1 2 37 6.4487988083036709013873e-04 
2 1 3 37 -2.9911109442551137189981e-04 
2 1 4 37 -2.0134979500969487579282e-04 
2 1 5 37 2.6271634426396040743606e-04 
2 1 6 37 -5.2453679418068468315317e-04 
2 1 7 37 1.6552419708388345668745e-04 
2 1 8 37 5.4455633474697142954596e-05 
2 1 9 37 1.8144897672461233724753e-04 
2 1 10 37 -5.8826367226656061824516e-05 
2 1 11 37 5.7039530640166349797354e-05 
2 1 12 37 1.5370897650787126781022e-04 
2 1 13 37 4.3526246304939945029611e-04 
2 1 14 37 -2.9475418154368984800101e-04 
2 1 15 37 2.7558355720585939532818e-04 
2 1 16 37 1.5280697953906613841338e-04 
2 1 17 37 -6.5165575326128782505594e-05 
2 1 18 37 1.2544628643982404020071e-04 
2 1 19 37 5.9925924899581418432313e-06 
2 1 20 37 -1.1301125078341523995731e-04 
2 1 21 37 -2.6431949797398805561410e-04 
2 1 22 37 -2.6251469939995411735645e-04 
2 1 23 37 5.5908200695753440014057e-05 
2 1 24 37 4.6894525250928311278613e-05 
2 1 25 37 -1.5193305128452101976193e-05 
2 1 26 37 4.9710235200185699582995e-05 
2 1 27 37 6.4211596639530369324406e-05 
2 1 28 37 -1.5269134174749868671384e-05 
2 1 29 37 -4.6105180105607788954014e-04 
2 1 30 37 -2.3634852194376146665346e-05 
2 1 31 37 -5.1026348535660750148357e-05 
2 1 32 37 -3.7993883014385799947073e-05 
2 1 33 37 4.5094403594983204386793e-06 
2 1 34 37 2.3529796933460288082228e-05 
2 1 35 37 1.9766789204544340228555e-05 
2 1 36 37 2.1177968514588018170142e-05 
2 1 37 37 1.4660125849655793767059e-05 
2 2 1 1 1.0001864759386359168776e-12 
2 2 2 2 1.0001864759386359168776e-12 
2 2 3 3 2.8568842427108505077626e+00 
2 2 4 4 5.7030088747452672379175e-10 
2 2 5 5 5.7030088747452672379175e-10 
2 2 6 6 5.7030088747452672379175e-10 
2 3 1 1 4.4955171149946432374023e-01 
2 3 1 2 -7.8031881121475432649959e-01 
2 3 2 2 2.4073325312124755903653e+00 
2 3 1 3 1.7595902355094095170784e-01 
2 3 2 3 -4.2545612098673135648141e-01 
2 3 3 3 8.2556148845283269799289e-02 
2 3 1 4 -9.5625656848294660061782e-03 
2 3 2 4 2.8327256453438948158308e-02 
2 3 3 4 -5.0800097125458035240975e-03 
2 3 4 4 3.3406547153143920049143e-04 
2 3 1 5 3.3216876478759094215576e-03 
2 3 2 5 -1.1098176282300219186450e-02 
2 3 3 5 1.9080645383639568274381e-03 
2 3 4 5 -1.3005951531470163204732e-04 
2 3 5 5 5.1551227086369458545590e-05 
2 3 1 6 3.9161635733710037365896e-02 
2 3 2 6 -1.1475047452943465398079e-01 
2 3 3 6 2.0660741967128776197526e-02 
2 3 4 6 -1.3540820471426200446996e-03 
2 3 5 6 5.2626051231371246894031e-04 
2 3 6 6 5.4894793414222049776630e-03 
2 4 1 1 2.4494883782045433900931e-02 
2 4 1 2 1.1150682004172862704650e-01 
2 4 2 2 5.0761297656258741461954e-01 
2 4 1 3 2.5885659165382668422950e-01 
2 4 2 3 1.1784059201062317967512e+00 
2 4 3 3 2.7356626474644678559400e+00 
2 4 1 4 -2.8728460808343462412617e-03 
2 4 2 4 -1.3078075273079081686234e-02 
2 4 3 4 -3.0360314484217901243035e-02 
2 4 4 4 3.3694204949381574391853e-04 
2 4 1 5 3.2905212501170871819411e-02 
2 4 2 5 1.4979599773569984844102e-01 
2 4 3 5 3.4775041313553178845552e-01 
2 4 4 5 -3.8593267743396841157333e-03 
2 4 5 5 4.4205140685927582500092e-02 
2 4 1 6 -1.3902622896101161920068e-02 
2 4 2 6 -6.3288970658676169112056e-02 
2 4 3 6 -1.4692315165489899797535e-01 
2 4 4 6 1.6305688797412449045354e-03 
2 4 5 6 -1.8676501627806992023029e-02 
2 4 6 6 7.8908422201512222471376e-03 
2 5 1 1 1.2348179871391716522222e-02 
2 5 1 2 8.0112802218035961132614e-02 
2 5 2 2 5.1975968047382392622779e-01 
2 5 1 3 1.4824151698521931264096e-01 
2 5 2 3 9.6176800496742620438795e-01 
2 5 3 3 1.7796644058866402104968e+00 
2 5 1 4 -1.6257998384199357291835e-03 
2 5 2 4 -1.0547940697177050906053e-02 
2 5 3 4 -1.9518005415462419405159e-02 
2 5 4 4 2.1405889244428632058395e-04 
2 5 1 5 2.1097253531716542163110e-02 
2 5 2 5 1.3687570989852404501619e-01 
2 5 3 5 2.5327607937262175408222e-01 
2 5 4 5 -2.7777393669242093215965e-03 
2 5 5 5 3.6045432284434894554259e-02 
2 5 1 6 -1.1265969646405672721645e-02 
2 5 2 6 -7.3091899284794065172477e-02 
2 5 3 6 -1.3524991006010600447240e-01 
2 5 4 6 1.4833182481310868208735e-03 
2 5 5 6 -1.9248329488596505054687e-02 
2 5 6 6 1.0278646207764764383685e-02 
2 6 1 1 9.5559410223189825139833e-02 
2 6 1 2 2.0424560850183084981246e-01 
2 6 2 2 4.3654845012213672195145e-01 
2 6 1 3 4.7748071995341834217186e-01 
2 6 2 3 1.0205526380161782373790e+00 
2 6 3 3 2.3858249944873120007571e+00 
2 6 1 4 6.7444169326758675667155e-03 
2 6 2 4 1.4415311305470100700088e-02 
2 6 3 4 3.3699785420116507017596e-02 
2 6 4 4 4.7611727569212290754955e-04 
2 6 1 5 3.7838733719324597545852e-03 
2 6 2 5 8.0875362329211504530679e-03 
2 6 3 5 1.8906860906749263506743e-02 
2 6 4 5 2.6705946729315278680150e-04 
2 6 5 5 1.4993820742414170547711e-04 
2 6 1 6 -2.9683544581101338998008e-03 
2 6 2 6 -6.3444698449074653223700e-03 
2 6 3 6 -1.4831953165597093480255e-02 
2 6 4 6 -2.0950140830324249260723e-04 
2 6 5 6 -1.1753823127650902375350e-04 
2 6 6 6 9.2313490973778934765674e-05 
2 7 1 1 2.6527867250338021259948e-02 
2 7 1 2 -2.5518933466719284641755e-01 
2 7 2 2 2.4548565374601727384629e+00 
2 7 1 3 -2.7649881972955040604356e-03 
2 7 2 3 2.6598675198974158773169e-02 
2 7 3 3 2.8832384557556193236186e-04 
2 7 1 4 -1.2757151703667229947214e-02 
2 7 2 4 1.2272055672640691525999e-01 
2 7 3 4 1.3296923636280013475419e-03 
2 7 4 4 6.1349152462475582681112e-03 
2 7 1 5 -1.1512924721923710816296e-03 
2 7 2 5 1.1075028548313645138101e-02 
2 7 3 5 1.1999046766000544218464e-04 
2 7 4 5 5.5365096305199788979945e-04 
2 7 5 5 4.9966594609297857148677e-05 
2 7 1 6 -1.6138393260326719391706e-02 
2 7 2 6 1.5524724279542140292776e-01 
2 7 3 6 1.6821231553535804723043e-03 
2 7 4 6 7.7609537565084749100031e-03 
2 7 5 6 7.0039433972009538728609e-04 
2 7 6 6 9.8179701272644911286269e-03 
2 8 1 1 2.7536198103247924995516e-09 
2 9 1 1 1.7692175248265293214324e-09 
2 10 1 1 5.6934069181252270075359e-08 
2 11 1 1 5.6934069181252270075359e-08 
2 12 1 1 5.6934069181252270075359e-08 
2 13 1 1 5.6934069181252270075359e-08 
2 14 1 1 5.6940359683085115514861e-09 
2 15 1 1 5.6940359683085115514861e-09 
2 16 1 1 1.0776215558698443617822e-09 
2 17 1 1 7.8241492779521984446411e-03 
2 18 1 1 1.6575553742796474746121e-09 
2 19 1 1 4.3060427997529858924606e-09 
2 20 1 1 1.1963705923868386916787e-08 
2 21 1 1 2.8028555328682736025314e-01 
2 22 1 1 1.1963706475606997489786e-08 
2 23 1 1 9.2604535748665048333628e-02 
2 24 1 1 1.0776214928868984567376e-09 
2 25 1 1 5.1042387866669716722789e-02 
2 26 1 1 6.0370478892836604130364e-10 
2 27 1 1 1.1181905339083569733733e-09 
2 28 1 1 9.5604077162374794937806e-09 
2 29 1 1 1.0027825447930817929566e-08 
2 30 1 1 3.6631077454099074953903e-08 
2 31 1 1 3.5824933194384324648816e-09 
2 32 1 1 1.1775914819319031098625e-09 
2 33 1 1 1.2672237913106738660684e-08 
2 34 1 1 7.1576183064609247686504e-10 
2 35 1 1 1.5362823944598907766213e-09 
2 36 1 1 1.8053183694954082707660e-08 
2 37 1 1 3.7567032979793323053736e-08 
2 38 1 1 1.5055569812858037364153e-08 
2 39 1 1 5.5682170087062665135734e-09 
2 40 1 1 1.0877242845649361722086e-07 
2 41 1 1 2.0085364609888239906255e-01 
2 42 1 1 5.4380236348106302635792e-06 
2 43 1 1 2.4761629120203789256038e+01 
2 44 1 1 1.0060644050125362447545e+00 
2 45 1 1 5.4380398904263293975757e-06 
2 46 1 1 5.4447884958494023431444e-06 
2 47 1 1 4.3644680337323422600337e-03 
2 48 1 1 1.4195419010594103399582e-07 
2 49 1 1 1.0858493491763720538592e-09 
2 50 1 1 1.9471636500499639116004e-08 
2 51 1 1 4.3735810458947791661410e-09 
2 52 1 1 6.6257309209560151450679e-08 
2 53 1 1 7.7453420098148540185082e-08 
2 54 1 1 7.1424439812944648098312e-09 
2 55 1 1 8.3165155547416980130748e-01 
2 56 1 1 6.1092349088349737610299e-09 
