SDPA start at [Thu Nov 22 19:21:22 2018]
set   is STABLE_BUT_SLOW
data   is tmp/sdpa_dat/sdp.dat-s  : sparse
out    is tmp/sdpa_dat/sdpa.out
NumThreads  is set as 1
Schur computation : DENSE 
   mu      thetaP  thetaD  objP      objD      alphaP  alphaD  beta 
 0 1.0e+08 1.0e+00 1.0e+00 -0.00e+00 -2.16e+04 6.3e-01 6.7e-01 3.00e-01
 1 5.0e+07 3.7e-01 3.3e-01 -0.00e+00 -1.11e+05 6.7e-01 7.2e-01 3.00e-01
 2 2.2e+07 1.2e-01 9.2e-02 -0.00e+00 -1.65e+05 6.5e-01 6.8e-01 3.00e-01
 3 1.1e+07 4.3e-02 2.9e-02 -0.00e+00 -2.11e+05 6.6e-01 7.2e-01 3.00e-01
 4 5.0e+06 1.5e-02 8.1e-03 -0.00e+00 -2.79e+05 7.5e-01 7.8e-01 3.00e-01
 5 1.8e+06 3.7e-03 1.8e-03 -0.00e+00 -3.87e+05 7.9e-01 7.8e-01 3.00e-01
 6 5.6e+05 7.7e-04 3.9e-04 -0.00e+00 -5.38e+05 7.9e-01 8.0e-01 3.00e-01
 7 1.9e+05 1.6e-04 7.8e-05 -0.00e+00 -7.07e+05 7.5e-01 8.0e-01 3.00e-01
 8 7.3e+04 4.1e-05 1.6e-05 -0.00e+00 -6.97e+05 7.2e-01 8.0e-01 3.00e-01
 9 2.9e+04 1.1e-05 3.2e-06 -0.00e+00 -4.07e+05 6.2e-01 8.0e-01 3.00e-01
10 1.3e+04 4.3e-06 6.3e-07 -0.00e+00 -1.62e+05 4.9e-01 7.2e-01 3.00e-01
11 7.4e+03 2.2e-06 1.8e-07 -0.00e+00 -2.10e+04 2.9e-01 4.0e-01 3.00e-01
12 6.1e+03 1.6e-06 1.1e-07 -0.00e+00 +1.83e+05 2.9e-01 4.0e-01 3.00e-01

phase.value  = pdINF     
   Iteration = 12
          mu = +6.1493064233298837e+03
relative gap = +2.0000000000000000e+00
        gap  = -1.8312595536586584e+05
     digits  = -3.0102999566398120e-01
objValPrimal = -0.0000000000000000e+00
objValDual   = +1.8312595536586584e+05
p.feas.error = +1.5668657424392378e-02
d.feas.error = +3.1784174117943822e-03
total time   = 0.015492
** Parameters **
maxIteration = 1000
epsilonStar  = +9.9999999999999995e-08
lambdaStar   = +1.0000000000000000e+04
omegaStar    = +2.0000000000000000e+00
lowerBound   = -1.0000000000000000e+05
upperBound   = +1.0000000000000000e+05
betaStar     = +1.0000000000000001e-01
betaBar      = +2.9999999999999999e-01
gammaStar    = +8.0000000000000004e-01
epsilonDash  = +9.9999999999999995e-08
xPrint       = %+8.3e 
XPrint       = %+8.3e 
YPrint       = %+8.3e 
infPrint     = %+10.16e 

                         Time(sec)  Ratio(% : MainLoop) 
 Predictor time  =       0.013103,  86.895683
 Corrector time  =       0.000401,  2.659328
 Make bMat time  =       0.010861,  72.027323
 Make bDia time  =       0.000000,  0.000000
 Make bF1  time  =       0.000000,  0.000000
 Make bF2  time  =       0.000000,  0.000000
 Make bF3  time  =       0.000000,  0.000000
 Make bPRE time  =       0.000093,  0.616752
 Make rMat time  =       0.000139,  0.921812
 Make gVec Mul   =       0.001180,  7.825453
 Make gVec time  =       0.001246,  8.263147
 Cholesky bMat   =       0.000650,  4.310631
 Ste Pre time    =       0.000003,  0.019895
 Ste Cor time    =       0.000574,  3.806618
 solve           =       0.000060,  0.397904
 sumDz           =       0.000185,  1.226872
 makedX          =       0.000281,  1.863519
 symmetriseDx    =       0.000020,  0.132635
 makedXdZ        =       0.000494,  3.276079
 xMatTime        =       0.000151,  1.001393
 zMatTime        =       0.000166,  1.100869
 invzMatTime     =       0.000000,  0.000000
 xMatzMatTime    =       0.000000,  0.000000
 EigxMatTime     =       0.000352,  2.334372
 EigzMatTime     =       0.000199,  1.319716
 EigxMatzMatTime =       0.000000,  0.000000
 updateRes       =       0.000121,  0.802440
 EigTime         =       0.000551,  3.654088
 sub_total_bMat  =       0.004218,  27.972677
 Main Loop       =       0.015079,  100.000000
 File Check      =       0.000000,  0.000000
 File Change     =       0.000002,  0.013263
 File Read       =       0.000411,  2.725645
 Total           =       0.015492,  102.738908

xVec = 
{+2.195e+06,-0.000e+00,-0.000e+00,+2.195e+06,-0.000e+00,-0.000e+00,-0.000e+00,-0.000e+00,+2.195e+06,+1.367e+03,+5.478e+04,+2.195e+06,+1.615e-01,+9.733e-02,+6.554e+00,+1.401e-01,+1.793e-02,+3.878e+00,-8.659e-03,-9.553e-03,+4.626e-01,+9.295e-03,+4.458e-02,+7.595e-01}
xMat = 
{
{ {+2.195e+06,+0.000e+00,+0.000e+00,+0.000e+00,+0.000e+00,+0.000e+00 },
  {+0.000e+00,+2.195e+06,+0.000e+00,+0.000e+00,+0.000e+00,+0.000e+00 },
  {+0.000e+00,+0.000e+00,+1.922e-03,+0.000e+00,+0.000e+00,+0.000e+00 },
  {+0.000e+00,+0.000e+00,+0.000e+00,+2.195e+06,+0.000e+00,+0.000e+00 },
  {+0.000e+00,+0.000e+00,+0.000e+00,+0.000e+00,+2.195e+06,+0.000e+00 },
  {+0.000e+00,+0.000e+00,+0.000e+00,+0.000e+00,+0.000e+00,+2.195e+06 }   }
{ {+1.367e+03,-5.212e-03,-1.862e-02,+0.000e+00,+5.478e+04,-2.001e-01 },
  {-5.212e-03,+1.367e+03,+2.866e-02,-5.478e+04,+0.000e+00,+1.747e-01 },
  {-1.862e-02,+2.866e-02,+6.059e-02,+2.001e-01,-1.747e-01,+0.000e+00 },
  {+0.000e+00,-5.478e+04,+2.001e-01,+2.195e+06,+0.000e+00,+0.000e+00 },
  {+5.478e+04,+0.000e+00,-1.747e-01,+0.000e+00,+2.195e+06,+0.000e+00 },
  {-2.001e-01,+1.747e-01,+0.000e+00,+0.000e+00,+0.000e+00,+2.195e+06 }   }
{ {+1.530e-02,-1.116e-02,-7.110e-03,+0.000e+00,+9.733e-02,-9.345e-03 },
  {-1.116e-02,+1.772e-01,-1.674e-02,-9.733e-02,+0.000e+00,+9.504e-01 },
  {-7.110e-03,-1.674e-02,+1.505e-01,+9.345e-03,-9.504e-01,+0.000e+00 },
  {+0.000e+00,-9.733e-02,+9.345e-03,+6.570e+00,+0.000e+00,+0.000e+00 },
  {+9.733e-02,+0.000e+00,-9.504e-01,+0.000e+00,+6.570e+00,+0.000e+00 },
  {-9.345e-03,+9.504e-01,+0.000e+00,+0.000e+00,+0.000e+00,+6.570e+00 }   }
{ {+5.534e-02,+1.093e-02,-6.636e-03,+0.000e+00,+1.793e-02,-1.413e-02 },
  {+1.093e-02,+1.558e-01,-1.812e-02,-1.793e-02,+0.000e+00,+7.168e-01 },
  {-6.636e-03,-1.812e-02,+1.505e-01,+1.413e-02,-7.168e-01,+0.000e+00 },
  {+0.000e+00,-1.793e-02,+1.413e-02,+3.893e+00,+0.000e+00,+0.000e+00 },
  {+1.793e-02,+0.000e+00,-7.168e-01,+0.000e+00,+3.893e+00,+0.000e+00 },
  {-1.413e-02,+7.168e-01,+0.000e+00,+0.000e+00,+0.000e+00,+3.893e+00 }   }
{ {+1.681e-02,-2.063e-03,-2.158e-03,+0.000e+00,-9.553e-03,+3.093e-02 },
  {-2.063e-03,+7.009e-03,-1.973e-03,+9.553e-03,+0.000e+00,+1.268e-03 },
  {-2.158e-03,-1.973e-03,+1.735e-02,-3.093e-02,-1.268e-03,+0.000e+00 },
  {+0.000e+00,+9.553e-03,-3.093e-02,+4.783e-01,+0.000e+00,+0.000e+00 },
  {-9.553e-03,+0.000e+00,-1.268e-03,+0.000e+00,+4.783e-01,+0.000e+00 },
  {+3.093e-02,+1.268e-03,+0.000e+00,+0.000e+00,+0.000e+00,+4.783e-01 }   }
{ {+2.431e-02,+5.656e-04,+3.954e-03,+0.000e+00,+4.458e-02,-1.149e-03 },
  {+5.656e-04,+2.496e-02,-1.940e-04,-4.458e-02,+0.000e+00,-9.549e-02 },
  {+3.954e-03,-1.940e-04,+3.060e-02,+1.149e-03,+9.549e-02,+0.000e+00 },
  {+0.000e+00,-4.458e-02,+1.149e-03,+7.752e-01,+0.000e+00,+0.000e+00 },
  {+4.458e-02,+0.000e+00,+9.549e-02,+0.000e+00,+7.752e-01,+0.000e+00 },
  {-1.149e-03,-9.549e-02,+0.000e+00,+0.000e+00,+0.000e+00,+7.752e-01 }   }
}
yMat = 
{
{ {+1.059e-03,+0.000e+00,+0.000e+00,+0.000e+00,+0.000e+00,+0.000e+00 },
  {+0.000e+00,+1.059e-03,+0.000e+00,+0.000e+00,+0.000e+00,+0.000e+00 },
  {+0.000e+00,+0.000e+00,+4.647e+06,+0.000e+00,+0.000e+00,+0.000e+00 },
  {+0.000e+00,+0.000e+00,+0.000e+00,+1.059e-03,+0.000e+00,+0.000e+00 },
  {+0.000e+00,+0.000e+00,+0.000e+00,+0.000e+00,+1.059e-03,+0.000e+00 },
  {+0.000e+00,+0.000e+00,+0.000e+00,+0.000e+00,+0.000e+00,+1.059e-03 }   }
{ {+9.673e+04,-2.014e+05,+1.405e+05,-5.026e+03,-2.414e+03,+2.215e-02 },
  {-2.014e+05,+4.551e+06,-2.713e+06,+1.136e+05,+5.026e+03,-4.592e-01 },
  {+1.405e+05,-2.713e+06,+1.694e+06,-6.771e+04,-3.506e+03,+2.724e-01 },
  {-5.026e+03,+1.136e+05,-6.771e+04,+2.835e+03,+1.254e+02,-1.146e-02 },
  {-2.414e+03,+5.026e+03,-3.506e+03,+1.254e+02,+6.026e+01,-5.528e-04 },
  {+2.215e-02,-4.592e-01,+2.724e-01,-1.146e-02,-5.528e-04,+1.060e-03 }   }
{ {+8.503e+05,+1.966e+04,-4.951e+05,+6.654e+02,-8.329e+04,-2.053e+03 },
  {+1.966e+04,+9.400e+05,+1.602e+06,+1.138e+04,+2.317e+05,-1.378e+05 },
  {-4.951e+05,+1.602e+06,+3.825e+06,+2.042e+04,+5.630e+05,-2.329e+05 },
  {+6.654e+02,+1.138e+04,+2.042e+04,+8.608e+02,+2.973e+03,-1.688e+03 },
  {-8.329e+04,+2.317e+05,+5.630e+05,+2.973e+03,+8.370e+04,-3.365e+04 },
  {-2.053e+03,-1.378e+05,-2.329e+05,-1.688e+03,-3.365e+04,+2.094e+04 }   }
{ {+1.971e+05,-3.302e+05,-2.778e+05,-8.788e+02,-5.003e+04,+6.003e+04 },
  {-3.302e+05,+1.593e+06,+1.498e+06,+3.775e+03,+2.676e+05,-2.883e+05 },
  {-2.778e+05,+1.498e+06,+1.776e+06,+2.403e+03,+3.232e+05,-2.681e+05 },
  {-8.788e+02,+3.775e+03,+2.403e+03,+1.208e+03,+4.515e+02,-7.413e+02 },
  {-5.003e+04,+2.676e+05,+3.232e+05,+4.515e+02,+5.952e+04,-4.752e+04 },
  {+6.003e+04,-2.883e+05,-2.681e+05,-7.413e+02,-4.752e+04,+5.299e+04 }   }
{ {+6.173e+05,+1.640e+05,+1.152e+05,+3.633e+03,+1.384e+04,-3.841e+04 },
  {+1.640e+05,+1.173e+06,+1.350e+05,-1.567e+04,+3.013e+03,-1.128e+04 },
  {+1.152e+05,+1.350e+05,+6.316e+05,+3.916e+04,+3.761e+03,-6.680e+03 },
  {+3.633e+03,-1.567e+04,+3.916e+04,+1.755e+04,+1.582e+02,-1.689e+02 },
  {+1.384e+04,+3.013e+03,+3.761e+03,+1.582e+02,+1.521e+04,-7.513e+02 },
  {-3.841e+04,-1.128e+04,-6.680e+03,-1.689e+02,-7.513e+02,+1.720e+04 }   }
{ {+3.903e+05,-1.839e+04,+3.873e+04,-1.049e+03,-2.865e+04,-1.551e+03 },
  {-1.839e+04,+8.586e+05,+5.464e+03,+4.892e+04,+3.392e+02,+1.058e+05 },
  {+3.873e+04,+5.464e+03,+4.674e+05,-4.292e+02,-6.278e+04,+7.100e+02 },
  {-1.049e+03,+4.892e+04,-4.292e+02,+1.110e+04,+1.101e+02,+5.779e+03 },
  {-2.865e+04,+3.392e+02,-6.278e+04,+1.101e+02,+1.782e+04,-4.891e+00 },
  {-1.551e+03,+1.058e+05,+7.100e+02,+5.779e+03,-4.891e+00,+2.104e+04 }   }
}
    main loop time = 0.015079
        total time = 0.015492
  file  check time = 0.000000
  file change time = 0.000002
  file   read time = 0.000411
SDPA end at [Thu Nov 22 19:21:22 2018]
ALL TIME = 0.023671
