SDPA start at [Fri Nov 16 19:28:59 2018]
set   is STABLE_BUT_SLOW
data   is tmp/sdpa_dat/sdp.dat-s  : sparse
out    is tmp/sdpa_dat/sdpa.out
NumThreads  is set as 1
Schur computation : DENSE 
   mu      thetaP  thetaD  objP      objD      alphaP  alphaD  beta 
 0 1.0e+08 1.0e+00 1.0e+00 -0.00e+00 -7.21e+02 8.0e-01 8.0e-01 3.00e-01
 1 3.0e+07 2.0e-01 2.0e-01 -0.00e+00 -1.07e+03 8.0e-01 8.0e-01 3.00e-01
 2 8.8e+06 4.0e-02 4.0e-02 -0.00e+00 -1.58e+03 8.0e-01 8.0e-01 3.00e-01
 3 2.6e+06 8.0e-03 8.0e-03 -0.00e+00 -2.34e+03 8.0e-01 8.0e-01 3.00e-01
 4 7.7e+05 1.6e-03 1.6e-03 -0.00e+00 -3.46e+03 8.0e-01 8.0e-01 3.00e-01
 5 2.3e+05 3.2e-04 3.2e-04 -0.00e+00 -5.10e+03 8.0e-01 8.0e-01 3.00e-01
 6 6.8e+04 6.4e-05 6.4e-05 -0.00e+00 -7.42e+03 8.0e-01 8.0e-01 3.00e-01
 7 2.0e+04 1.2e-05 1.3e-05 -0.00e+00 -1.01e+04 8.2e-01 8.0e-01 3.00e-01
 8 6.5e+03 2.3e-06 2.6e-06 -0.00e+00 -1.08e+04 9.1e-01 8.0e-01 3.00e-01
 9 2.1e+03 2.0e-07 5.1e-07 -0.00e+00 -7.42e+03 1.0e+00 8.0e-01 3.00e-01
10 7.5e+02 0.0e+00 1.0e-07 -0.00e+00 -3.57e+03 8.0e+01 8.0e-01 3.00e-01
11 4.2e+03 0.0e+00 2.0e-08 -0.00e+00 -1.43e+03 8.0e+01 8.0e-01 3.00e-01
12 2.4e+04 0.0e+00 4.1e-09 -0.00e+00 -4.33e+03 8.0e+01 8.0e-01 3.00e-01
13 1.3e+05 0.0e+00 8.2e-10 -0.00e+00 -2.37e+04 1.3e+00 9.6e-01 3.00e-01
14 4.4e+04 4.3e-23 1.6e-10 -0.00e+00 -1.56e+05 3.2e+00 1.0e+00 3.00e-01
15 1.3e+04 8.7e-23 4.5e-11 -0.00e+00 -5.24e+04 4.0e+00 1.0e+00 3.00e-01
16 3.9e+03 8.7e-23 1.4e-11 -0.00e+00 -1.57e+04 3.9e+00 1.0e+00 3.00e-01
17 1.2e+03 8.7e-23 4.1e-12 -0.00e+00 -4.71e+03 3.9e+00 1.0e+00 3.00e-01
18 3.5e+02 8.7e-23 1.2e-12 -0.00e+00 -1.41e+03 2.0e+01 8.9e-01 1.00e-01
19 7.1e+01 8.7e-23 2.4e-13 -0.00e+00 -2.83e+02 2.0e+01 8.9e-01 1.00e-01
20 1.4e+01 8.7e-23 4.9e-14 -0.00e+00 -5.65e+01 2.0e+01 8.9e-01 1.00e-01
21 2.8e+00 8.7e-23 9.8e-15 -0.00e+00 -1.13e+01 2.0e+01 8.9e-01 1.00e-01
22 5.7e-01 8.7e-23 2.0e-15 -0.00e+00 -2.26e+00 2.0e+01 8.9e-01 1.00e-01
23 1.1e-01 8.7e-23 3.9e-16 -0.00e+00 -4.52e-01 2.0e+01 8.9e-01 1.00e-01
24 2.3e-02 8.7e-23 7.8e-17 -0.00e+00 -9.05e-02 2.0e+01 8.9e-01 1.00e-01
25 4.5e-03 8.7e-23 1.6e-17 -0.00e+00 -1.81e-02 2.0e+01 8.9e-01 1.00e-01
26 9.0e-04 8.7e-23 3.1e-18 -0.00e+00 -3.62e-03 2.0e+01 8.9e-01 1.00e-01
27 1.8e-04 8.7e-23 6.3e-19 -0.00e+00 -7.24e-04 2.0e+01 8.9e-01 1.00e-01
28 3.6e-05 8.7e-23 1.3e-19 -0.00e+00 -1.45e-04 2.0e+01 8.9e-01 1.00e-01
29 7.2e-06 8.7e-23 2.5e-20 -0.00e+00 -2.90e-05 2.0e+01 8.9e-01 1.00e-01
30 1.4e-06 8.7e-23 5.0e-21 -0.00e+00 -5.79e-06 2.0e+01 8.9e-01 1.00e-01
31 2.9e-07 8.7e-23 1.0e-21 -0.00e+00 -1.16e-06 2.0e+01 8.9e-01 1.00e-01
32 5.8e-08 8.7e-23 2.0e-22 -0.00e+00 -2.32e-07 2.0e+01 8.9e-01 1.00e-01
33 1.2e-08 8.7e-23 4.0e-23 -0.00e+00 -4.63e-08 2.0e+01 8.9e-01 1.00e-01

phase.value  = pdOPT     
   Iteration = 33
          mu = +1.1580004401625949e-08
relative gap = +4.6320017606503565e-08
        gap  = +4.6320017606503565e-08
     digits  = -3.0102999566398120e-01
objValPrimal = -0.0000000000000000e+00
objValDual   = -4.6320017606503565e-08
p.feas.error = +8.6736173798840355e-19
d.feas.error = +1.2024456199687637e-18
total time   = 0.004350
** Parameters **
maxIteration = 1000
epsilonStar  = +9.9999999999999995e-08
lambdaStar   = +1.0000000000000000e+04
omegaStar    = +2.0000000000000000e+00
lowerBound   = -1.0000000000000000e+05
upperBound   = +1.0000000000000000e+05
betaStar     = +1.0000000000000001e-01
betaBar      = +2.9999999999999999e-01
gammaStar    = +8.0000000000000004e-01
epsilonDash  = +9.9999999999999995e-08
xPrint       = %+8.3e 
XPrint       = %+8.3e 
YPrint       = %+8.3e 
infPrint     = %+10.16e 

                         Time(sec)  Ratio(% : MainLoop) 
 Predictor time  =       0.003255,  76.229508
 Corrector time  =       0.000140,  3.278689
 Make bMat time  =       0.001265,  29.625293
 Make bDia time  =       0.000006,  0.140515
 Make bF1  time  =       0.000000,  0.000000
 Make bF2  time  =       0.000000,  0.000000
 Make bF3  time  =       0.000000,  0.000000
 Make bPRE time  =       0.000030,  0.702576
 Make rMat time  =       0.000041,  0.960187
 Make gVec Mul   =       0.001083,  25.362998
 Make gVec time  =       0.001127,  26.393443
 Cholesky bMat   =       0.000760,  17.798595
 Ste Pre time    =       0.000004,  0.093677
 Ste Cor time    =       0.000230,  5.386417
 solve           =       0.000027,  0.632319
 sumDz           =       0.000054,  1.264637
 makedX          =       0.000069,  1.615925
 symmetriseDx    =       0.000014,  0.327869
 makedXdZ        =       0.000145,  3.395785
 xMatTime        =       0.000067,  1.569087
 zMatTime        =       0.000053,  1.241218
 invzMatTime     =       0.000000,  0.000000
 xMatzMatTime    =       0.000000,  0.000000
 EigxMatTime     =       0.000140,  3.278689
 EigzMatTime     =       0.000079,  1.850117
 EigxMatzMatTime =       0.000000,  0.000000
 updateRes       =       0.000047,  1.100703
 EigTime         =       0.000219,  5.128806
 sub_total_bMat  =       0.003005,  70.374707
 Main Loop       =       0.004270,  100.000000
 File Check      =       0.000000,  0.000000
 File Change     =       0.000000,  0.000000
 File Read       =       0.000080,  1.873536
 Total           =       0.004350,  101.873536

xVec = 
{+2.889e+10,+1.183e-10,-0.000e+00,+2.889e+10,-0.000e+00,-0.000e+00,+2.889e+10,+1.026e-03}
xMat = 
{
{ {+2.889e+10,+1.183e-10,+0.000e+00,+0.000e+00,+0.000e+00,-9.009e-04 },
  {+1.183e-10,+2.889e+10,+0.000e+00,+0.000e+00,+0.000e+00,-9.935e-04 },
  {+0.000e+00,+0.000e+00,+5.131e-03,+9.009e-04,+9.935e-04,+0.000e+00 },
  {+0.000e+00,+0.000e+00,+9.009e-04,+2.889e+10,+0.000e+00,+0.000e+00 },
  {+0.000e+00,+0.000e+00,+9.935e-04,+0.000e+00,+2.889e+10,+0.000e+00 },
  {-9.009e-04,-9.935e-04,+0.000e+00,+0.000e+00,+0.000e+00,+2.889e+10 }   }
{+1.026e-03}
{+5.178e-02}
{+1.417e-02}
}
yMat = 
{
{ {+4.008e-19,-1.641e-39,+0.000e+00,+0.000e+00,+0.000e+00,+1.250e-32 },
  {-1.641e-39,+4.008e-19,+0.000e+00,+0.000e+00,+0.000e+00,+1.378e-32 },
  {+0.000e+00,+0.000e+00,+3.761e-06,-1.173e-19,-1.293e-19,+0.000e+00 },
  {+0.000e+00,+0.000e+00,-1.173e-19,+4.008e-19,+4.033e-33,+0.000e+00 },
  {+0.000e+00,+0.000e+00,-1.293e-19,+4.033e-33,+4.008e-19,+0.000e+00 },
  {+1.250e-32,+1.378e-32,+0.000e+00,+0.000e+00,+0.000e+00,+4.008e-19 }   }
{+3.761e-06}
{+2.236e-07}
{+8.170e-07}
}
    main loop time = 0.004270
        total time = 0.004350
  file  check time = 0.000000
  file change time = 0.000000
  file   read time = 0.000080
SDPA end at [Fri Nov 16 19:28:59 2018]
ALL TIME = 0.014331
