1.0896577110920944164718e+00 2.4583052454216672289000e-01 6.8791381723845101969772e-01 1.1384993209112460876842e-01 -2.4313225202005719384479e-03 2.0893308122837045415210e-02 1.2109931108967586510516e+00 1.6403670178088252118442e+00 -1.0074135842910514337945e+00 -5.3061393144360935458792e-01 -6.4938830372852349159807e-02 1.3724850139330866533038e-02 2.3030705202838875310378e-03 5.5572814962537264715792e-01 2.4825305345072385954097e+00 8.9000752139983228816700e-03 -1.6839979966087698093347e-01 1.4633446065534499308525e-02 -3.2481618000389022660537e-04 -2.2636730885142692602232e-05 2.4898316445059870405387e-01 1.0845956513419470201853e+00 -1.9683603985405303399281e-02 2.3197796139915509427976e-02 2.1271373826643675056247e-03 -5.2746849569549030933152e-04 2.7957469342314327691648e-04 1.0054342922511502050886e-02 -8.0018239224457902471210e-05 -7.4525479003303307656836e-02 -3.1510850508391719318468e-03 1.4946860296551398418832e-04 3.3584408289851729045861e-03 1.9570181114782693627963e-03 1.3137170560777121017249e-02 -9.5498175308329852351008e-02 3.5678493988465167932947e-04 5.7735026918965913355350e+06 -0 -0 5.7735026918965913355350e+06 -0 -0 -0 -0 1.8368827209705489633337e-05 1.4828003452531941797066e-02 1.1543676998994027715906e-01 4.6299470873816295224401e+00 1.5468936429585439240597e-01 -1.5601733677774509700953e-01 9.2964786938876073918436e+00 1.0833042685548899264347e-01 6.2570578183957696691980e-04 3.4938271982179598396101e+00 1.4802557269410414157729e-03 8.0005523804946171721915e-05 8.1018633066149078891804e-03 9.9251974873779506836069e-03 7.4445462841194368075470e-02 1.5716246394839974431790e+00  
1 1 1 1 2.1928168038139494999683e-01 
1 1 1 2 -3.2452095516333584468427e-01 
1 1 2 2  1 
1 1 1 3 -1.4675117875417981704034e-03 
1 1 3 3  1 
1 1 1 4 -8.1031926970527606846062e-02 
1 1 4 4  1 
1 1 1 5 -1.5113513142612727910979e-03 
1 1 5 5  1 
1 1 1 6 -3.1830744905621176366051e-02 
1 1 6 6  1 
1 1 1 7 6.2512379790297903370266e-02 
1 1 7 7  1 
1 1 1 8 3.4161113776408486009117e-02 
1 1 8 8  1 
1 1 1 9 -1.2279276217260876383208e-02 
1 1 9 9  1 
1 1 1 10 1.4183959597406278416165e-02 
1 1 10 10  1 
1 1 1 11 6.9729579787721998607175e-02 
1 1 11 11  1 
1 1 1 12 8.9732224190856662258964e-05 
1 1 12 12  1 
1 1 1 13 1.2822598270487832808340e-02 
1 1 13 13  1 
1 1 1 14 -2.0083585277315316175439e-01 
1 1 14 14  1 
1 1 1 15 -5.8205587168442325662898e-02 
1 1 15 15  1 
1 1 1 16 -6.3458090643613374384757e-03 
1 1 16 16  1 
1 1 1 17 9.0976183846164168644854e-03 
1 1 17 17  1 
1 1 1 18 5.1750197434623605718951e-03 
1 1 18 18  1 
1 1 1 19 5.5788118876350711872192e-02 
1 1 19 19  1 
1 1 1 20 5.0299549697521003452372e-03 
1 1 20 20  1 
1 1 1 21 1.1598123497852910745998e-01 
1 1 21 21  1 
1 1 1 22 -9.6136047125517543054940e-02 
1 1 22 22  1 
1 1 1 23 -7.1462800968809803148218e-02 
1 1 23 23  1 
1 1 1 24 1.3820622547082607803337e-02 
1 1 24 24  1 
1 1 1 25 -3.7390018980436191126104e-03 
1 1 25 25  1 
1 1 1 26 1.6865031844130939572834e-03 
1 1 26 26  1 
1 1 1 27 9.9313490198630713368111e-02 
1 1 27 27  1 
1 1 1 28 7.6846440889201408919185e-02 
1 1 28 28  1 
1 1 1 29 -6.2084060165781690399101e-03 
1 1 29 29  1 
1 1 1 30 -1.7852922964838386504782e-02 
1 1 30 30  1 
1 1 1 31 5.7381020833349248577715e-02 
1 1 31 31  1 
1 1 1 32 -1.2519621392998813921849e-02 
1 1 32 32  1 
1 1 1 33 -9.1384658067665443248462e-03 
1 1 33 33  1 
1 1 1 34 -3.4473898620125287273197e-02 
1 1 34 34  1 
1 1 1 35 1.6857236595014431224104e-03 
1 1 35 35  1 
1 1 1 36 -7.6141323634504164824532e-03 
1 1 36 36  1 
1 1 1 37 1.9509177237768543511365e-03 
1 1 37 37  1 
1 2 1 1 5.7735026918955910950899e+06 
1 2 2 2 5.7735026918955910950899e+06 
1 2 3 3 1.0916018956808049011897e-09 
1 2 4 4 1.7368827209705489043315e-05 
1 2 5 5 1.7368827209705489043315e-05 
1 2 6 6 1.7368827209705489043315e-05 
1 3 1 1 4.4479868663839239317781e-03 
1 3 1 2 -4.3105244798405922129758e-03 
1 3 2 2 1.4827003452531942531700e-02 
1 3 1 3 -2.4313225202005719384479e-03 
1 3 2 3 2.0893308122837045415210e-02 
1 3 3 3 6.2845065195150651149447e-02 
1 3 2 4 -1.1543676998994027715906e-01 
1 3 3 4 -6.2961049953546732727006e-02 
1 3 4 4 4.6299460873816293826621e+00 
1 3 1 5 1.1543676998994027715906e-01 
1 3 3 5 1.5746773511663569866670e-01 
1 3 5 5 4.6299460873816293826621e+00 
1 3 1 6 6.2961049953546732727006e-02 
1 3 2 6 -1.5746773511663569866670e-01 
1 3 6 6 4.6299460873816293826621e+00 
1 4 1 1 8.0359472788749747307335e-02 
1 4 1 2 -6.4938830372852349159807e-02 
1 4 2 2 1.5468836429585439140588e-01 
1 4 1 3 1.3513214375881130863144e-02 
1 4 2 3 2.3030705202838875310378e-03 
1 4 3 3 9.9442109688867880157304e-02 
1 4 2 4 1.5601733677774509700953e-01 
1 4 3 4 8.9000752139983228816700e-03 
1 4 4 4 9.2964776938876081402441e+00 
1 4 1 5 -1.5601733677774509700953e-01 
1 4 3 5 -9.6102251511177794185414e-01 
1 4 5 5 9.2964776938876081402441e+00 
1 4 1 6 -8.9000752139983228816700e-03 
1 4 2 6 9.6102251511177794185414e-01 
1 4 6 6 9.2964776938876081402441e+00 
1 5 1 1 8.2000769611273616188640e-02 
1 5 1 2 1.4633446065534499308525e-02 
1 5 2 2 1.0832942685548899164338e-01 
1 5 1 3 -3.0082332347002493835170e-04 
1 5 2 3 -2.2636730885142692602232e-05 
1 5 3 3 1.0691102203393709757506e-01 
1 5 2 4 -6.2570578183957696691980e-04 
1 5 3 4 -1.9683603985405303399281e-02 
1 5 4 4 3.4938261982179596998321e+00 
1 5 1 5 6.2570578183957696691980e-04 
1 5 3 5 -6.1085147042007026385591e-01 
1 5 5 5 3.4938261982179596998321e+00 
1 5 1 6 1.9683603985405303399281e-02 
1 5 2 6 6.1085147042007026385591e-01 
1 5 6 6 3.4938261982179596998321e+00 
1 6 1 1 1.4751854379478599593734e-02 
1 6 1 2 2.1271373826643675056247e-03 
1 6 2 2 1.4792557269410414998861e-03 
1 6 1 3 -5.2746849569549030933152e-04 
1 6 2 3 2.7957469342314327691648e-04 
1 6 3 3 1.2814543513355210191396e-04 
1 6 2 4 -8.0005523804946171721915e-05 
1 6 3 4 -8.0016162108939581365519e-05 
1 6 4 4 8.1008633066149086238150e-03 
1 6 1 5 8.0005523804946171721915e-05 
1 6 3 5 8.0018239224457902471210e-05 
1 6 5 5 8.1008633066149086238150e-03 
1 6 1 6 8.0016162108939581365519e-05 
1 6 2 6 -8.0018239224457902471210e-05 
1 6 6 6 8.1008633066149086238150e-03 
1 7 1 1 6.7731124365387786190329e-03 
1 7 1 2 1.4946860296551398418832e-04 
1 7 2 2 9.9241974873779514182415e-03 
1 7 1 3 3.3584408289851729045861e-03 
1 7 2 3 1.9570181114782693627963e-03 
1 7 3 3 1.3136170560777121751883e-02 
1 7 2 4 -7.4445462841194368075470e-02 
1 7 3 4 3.5678493988465167932947e-04 
1 7 4 4 1.5716236394839975254456e+00 
1 7 1 5 7.4445462841194368075470e-02 
1 7 3 5 9.5498175308329852351008e-02 
1 7 5 5 1.5716236394839975254456e+00 
1 7 1 6 -3.5678493988465167932947e-04 
1 7 2 6 -9.5498175308329852351008e-02 
1 7 6 6 1.5716236394839975254456e+00 
1 8 1 1 8.3688272097054917799221e-07 
1 9 1 1 8.3688272097054917799221e-07 
1 10 1 1 8.3688272097054917799221e-07 
1 11 1 1 8.3688272097054917799221e-07 
1 12 1 1 8.3688272097054917799221e-07 
1 13 1 1 8.3688272097054917799221e-07 
1 14 1 1 3.0552597362152728033280e-01 
1 15 1 1 6.2046144385479873317735e-01 
1 16 1 1 4.0003265878461630178364e-01 
1 17 1 1 5.2595475869170971172650e-01 
1 18 1 1 5.7843047872810327003634e-01 
1 19 1 1 3.4755693874822268796265e-01 
1 20 1 1 1.8906693845005388965319e+00 
1 21 1 1 2.7575679624432645198340e+00 
1 22 1 1 1.8681948139915198758843e+00 
1 23 1 1 1.8503946635635231121597e+00 
1 24 1 1 1.7032774019997765080348e+00 
1 25 1 1 2.0153120755552667020538e+00 
1 26 1 1 1.3096159100636624028624e+00 
1 27 1 1 4.3729568904531762596477e-01 
1 28 1 1 3.2969811583639074825669e-01 
1 29 1 1 3.6906532380720130648299e-01 
1 30 1 1 3.5000742560363562461134e-01 
1 31 1 1 3.4875601403995643012834e-01 
1 32 1 1 3.9384169117976080415344e-10 
1 33 1 1 1.6003687229060699825575e-04 
1 34 1 1 2.4709572027381554448766e-09 
1 35 1 1 1.6003479517508190088648e-04 
1 36 1 1 1.6002415687109525395393e-04 
1 37 1 1 1.3109261202910510099584e-08 
1 38 1 1 6.1663288640069896517915e-02 
1 39 1 1 2.5265963925672962897551e-01 
1 40 1 1 1.5751824888828439008570e-01 
1 41 1 1 1.5680467900851510765214e-01 
1 42 1 1 2.3160692678959410306661e-01 
1 43 1 1 8.2716001107205380793452e-02 
1 44 1 1 1.1488949793747593730586e-06 
2 1 1 1 1.0000000001010964645332e+00 
2 1 1 2 3.2452085363334992607065e-01 
2 1 2 2 1.0531378491766255067752e-01 
2 1 1 3 1.4674516066087209785473e-03 
2 1 2 3 4.7621864803619744395402e-04 
2 1 3 3 2.1538784602255780423316e-06 
2 1 1 4 8.1031913756997184239417e-02 
2 1 2 4 2.6296545823949933617936e-02 
2 1 3 4 1.1891041202847379715940e-04 
2 1 4 4 6.5661715120206680385007e-03 
2 1 1 5 1.5113593048766333672150e-03 
2 1 2 5 4.9046761176585516959353e-04 
2 1 3 5 2.2178466405853670643394e-06 
2 1 4 5 1.2246833684865525882120e-04 
2 1 5 5 2.2846711944941046256645e-06 
2 1 1 6 3.1830752536284326326133e-02 
2 1 2 6 1.0329742984865192267918e-02 
2 1 3 6 4.6710088949406832316627e-05 
2 1 4 6 2.5793067943393225768811e-03 
2 1 5 6 4.8107704026862258559274e-05 
2 1 6 6 1.0131972713735698521376e-03 
2 1 1 7 -6.2512367602832574764449e-02 
2 1 2 7 -2.0286566897104015005926e-02 
2 1 3 7 -9.1733874270982009588651e-05 
2 1 4 7 -5.0654967803356425182226e-03 
2 1 5 7 -9.4478648446498779715427e-05 
2 1 6 7 -1.9898157036231868717568e-03 
2 1 7 7 3.9077965679475690219391e-03 
2 1 1 8 -3.4161111463105839347598e-02 
2 1 2 8 -1.1085993053068048802556e-02 
2 1 3 8 -5.0129777899943659346359e-05 
2 1 4 8 -2.7681402379200427052441e-03 
2 1 5 8 -5.1629713674695136170142e-05 
2 1 6 8 -1.0873738853466583843821e-03 
2 1 7 8 2.1354919575029022646429e-03 
2 1 8 8 1.1669820007573744168744e-03 
2 1 1 9 1.2279263974815726734313e-02 
2 1 2 9 3.9848772270941580989079e-03 
2 1 3 9 1.8019225647085633084396e-05 
2 1 4 9 9.9501225940638155474660e-04 
2 1 5 9 1.8558379865470643024956e-05 
2 1 6 9 3.9085821291020758899010e-04 
2 1 7 9 -7.6760586348555777565228e-04 
2 1 8 9 -4.1947330532862226251667e-04 
2 1 9 9 1.5078078802402628466259e-04 
2 1 1 10 -1.4183996183364928206361e-02 
2 1 2 10 -4.6030025493604556988125e-03 
2 1 3 10 -2.0814327989614750803564e-05 
2 1 4 10 -1.1493563554600151870727e-03 
2 1 5 10 -2.1437114611761655283244e-05 
2 1 6 10 -4.5148727248811549531832e-04 
2 1 7 10 8.8667518349191086490801e-04 
2 1 8 10 4.8454107461215391999820e-04 
2 1 9 10 -1.7416903335374322135676e-04 
2 1 10 10 2.0118621199433797219584e-04 
2 1 1 11 -6.9729542991757667569352e-02 
2 1 2 11 -2.2628690815134855363056e-02 
2 1 3 11 -1.0232472988914949113201e-04 
2 1 4 11 -5.6503183140209634061080e-03 
2 1 5 11 -1.0538639362564979919633e-04 
2 1 6 11 -2.2195438274397365566171e-03 
2 1 7 11 4.3589588242774019929970e-03 
2 1 8 11 2.3820386904127802824016e-03 
2 1 9 11 -8.5622746523838252734329e-04 
2 1 10 11 9.8904357166409344673252e-04 
2 1 11 11 4.8622096305690433101776e-03 
2 1 1 12 -8.9761213440893672333917e-05 
2 1 2 12 -2.9129385611943619843918e-05 
2 1 3 12 -1.3172023861959894368435e-07 
2 1 4 12 -7.2735229066470558642946e-06 
2 1 5 12 -1.3566144491927425207040e-07 
2 1 6 12 -2.8571669721732245722642e-06 
2 1 7 12 5.6111859714471865880851e-06 
2 1 8 12 3.0663428174854815609846e-06 
2 1 9 12 -1.1022016348957127854875e-06 
2 1 10 12 1.2731727077991130482647e-06 
2 1 11 12 6.2590083926854271851106e-06 
2 1 12 12 8.5213204916432575742801e-09 
2 1 1 13 -1.2822594479762604302575e-02 
2 1 2 13 -4.1611993063663680128550e-03 
2 1 3 13 -1.8816536869995787161500e-05 
2 1 4 13 -1.0390393700249935665658e-03 
2 1 5 13 -1.9379547479679635183956e-05 
2 1 6 13 -4.0815283175856822105165e-04 
2 1 7 13 8.0157073974100037302981e-04 
2 1 8 13 4.3803407926940160412727e-04 
2 1 9 13 -1.5745202245901932739530e-04 
2 1 10 13 1.8187563116196087380921e-04 
2 1 11 13 8.9411365304225350232603e-04 
2 1 12 13 1.1509716400742696576910e-06 
2 1 13 13 1.6441939345482586148917e-04 
2 1 1 14 2.0083569347917507030843e-01 
2 1 2 14 6.5175370687859474072567e-02 
2 1 3 14 2.9471666105082355239381e-04 
2 1 4 14 1.6274100593323126417999e-02 
2 1 5 14 3.0353489409226696357086e-04 
2 1 6 14 6.3927512595890988167380e-03 
2 1 7 14 -1.2554714698534717720602e-02 
2 1 8 14 -6.8607705107101742136866e-03 
2 1 9 14 2.4661144957940149373410e-03 
2 1 10 14 -2.8486527097974761318921e-03 
2 1 11 14 -1.4004181122725719438327e-02 
2 1 12 14 -1.8027255553552913662193e-05 
2 1 13 14 -2.5752346545451221260237e-03 
2 1 14 14 4.0334976243508000037785e-02 
2 1 1 15 5.8205589505374147329952e-02 
2 1 2 15 1.8888927592510949826643e-02 
2 1 3 15 8.5413885833413651397714e-05 
2 1 4 15 4.7165103089724979071318e-03 
2 1 5 15 8.7969559294709040713628e-05 
2 1 6 15 1.8527277157742170002330e-03 
2 1 7 15 -3.6385692076993103594162e-03 
2 1 8 15 -1.9883676308687240133488e-03 
2 1 9 15 7.1472179834631134436040e-04 
2 1 10 15 -8.2558785939451542583434e-04 
2 1 11 15 -4.0586491557746936023610e-03 
2 1 12 15 -5.2246043429767270315119e-06 
2 1 13 15 -7.4634667068287008015459e-04 
2 1 14 15 1.1689759932671968389872e-02 
2 1 15 15 3.3878911142518797379453e-03 
2 1 1 16 6.3458051801142840997461e-03 
2 1 2 16 2.0593461140405093338923e-03 
2 1 3 16 9.3121620065505832721268e-06 
2 1 4 16 5.1421273807334159575144e-04 
2 1 5 16 9.5907917059290117791802e-06 
2 1 6 16 2.0199175433170397757354e-04 
2 1 7 16 -3.9669130615517858833713e-04 
2 1 8 16 -2.1677975808103870430585e-04 
2 1 9 16 7.7921816939330787172950e-05 
2 1 10 16 -9.0008876455224595463864e-05 
2 1 11 16 -4.4249009512394282123138e-04 
2 1 12 16 -5.6960717333918067734131e-07 
2 1 13 16 -8.1369686472150011677038e-05 
2 1 14 16 1.2744641840309735118797e-03 
2 1 15 16 3.6936133139478879734013e-04 
2 1 16 16 4.0269707633855758317082e-05 
2 1 1 17 -9.0976309480367938131717e-03 
2 1 2 17 -2.9523709612991801826132e-03 
2 1 3 17 -1.3350333151794917951752e-05 
2 1 4 17 -7.3719844637442993005860e-04 
2 1 5 17 -1.3749789185548020253261e-05 
2 1 6 17 -2.8958443937343483591540e-04 
2 1 7 17 5.6871445013889946554914e-04 
2 1 8 17 3.1078518486613937801821e-04 
2 1 9 17 -1.1171221195658238910069e-04 
2 1 10 17 1.2904076264417900770515e-04 
2 1 11 17 6.3437364831478361849176e-04 
2 1 12 17 8.1661439296929098475653e-07 
2 1 13 17 1.1665523237329737584606e-04 
2 1 14 17 -1.8271290204686513325427e-03 
2 1 15 17 -5.2953297243283541182596e-04 
2 1 16 17 -5.7731793596871235378296e-05 
2 1 17 17 8.2767353120700203950900e-05 
2 1 1 18 -5.1750452301597936466404e-03 
2 1 2 18 -1.6794100956843997438095e-03 
2 1 3 18 -7.5941284388056171518033e-06 
2 1 4 18 -4.1934381877910286741395e-04 
2 1 5 18 -7.8213527615521166589307e-06 
2 1 6 18 -1.6472558408509751408724e-04 
2 1 7 18 3.2350432978925868464370e-04 
2 1 8 18 1.7678529693412566633354e-04 
2 1 9 18 -6.3545746463052993043344e-05 
2 1 10 18 7.3402821792385822578450e-05 
2 1 11 18 3.6085353886157955308894e-04 
2 1 12 18 4.6451833873173978496147e-07 
2 1 13 18 6.6357506400869373307076e-05 
2 1 14 18 -1.0393337975890225288733e-03 
2 1 15 18 -3.0121655833825522518080e-04 
2 1 16 18 -3.2839828828960374626066e-05 
2 1 17 18 4.7080651643064137909685e-05 
2 1 18 18 2.6781557382107635162426e-05 
2 1 1 19 -5.5788096013202281842069e-02 
2 1 2 19 -1.8104400540781821760117e-02 
2 1 3 19 -8.1866331122869376865983e-05 
2 1 4 19 -4.5206161848078641948834e-03 
2 1 5 19 -8.4315858011082316851408e-05 
2 1 6 19 -1.7757770786673635066144e-03 
2 1 7 19 3.4874459658398564848580e-03 
2 1 8 19 1.9057833662217212207513e-03 
2 1 9 19 -6.8503675759836639772016e-04 
2 1 10 19 7.9129814092945057607542e-04 
2 1 11 19 3.8900784393802014318742e-03 
2 1 12 19 5.0076071943658002550066e-06 
2 1 13 19 7.1534813197560121952878e-04 
2 1 14 19 -1.1204240950691377043391e-02 
2 1 15 19 -3.2471790158301759229853e-03 
2 1 16 19 -3.5402038866916253016109e-04 
2 1 17 19 5.0753950882221374012182e-04 
2 1 18 19 2.8870592017336295636437e-04 
2 1 19 19 3.1123121213352156373688e-03 
2 1 1 20 -5.0299365896414073573428e-03 
2 1 2 20 -1.6323193157896298197129e-03 
2 1 3 20 -7.3811885285044916013781e-06 
2 1 4 20 -4.0758538793461208168262e-04 
2 1 5 20 -7.6020414678379722209743e-06 
2 1 6 20 -1.6010666685823025869213e-04 
2 1 7 20 3.1443324511024175809890e-04 
2 1 8 20 1.7182822449103064572223e-04 
2 1 9 20 -6.1763919160565908684363e-05 
2 1 10 20 7.1344601390692900669613e-05 
2 1 11 20 3.5073517967240945992363e-04 
2 1 12 20 4.5149321234974867180666e-07 
2 1 13 20 6.4496837147831132322495e-05 
2 1 14 20 -1.0101908031337949317452e-03 
2 1 15 20 -2.9277042437471026284715e-04 
2 1 16 20 -3.1918997666112275369502e-05 
2 1 17 20 4.5760506784818871729888e-05 
2 1 18 20 2.6030149356691897086051e-05 
2 1 19 20 2.8061058540274508993351e-04 
2 1 20 20 2.5300726343896770109253e-05 
2 1 1 21 -1.1598131972491762531341e-01 
2 1 2 21 -3.7638356882653774271308e-02 
2 1 3 21 -1.7019697397207360074593e-04 
2 1 4 21 -9.3981882973710843820481e-03 
2 1 5 21 -1.7528944675738962260744e-04 
2 1 6 21 -3.6917726869951554904969e-03 
2 1 7 21 7.2502668937058124820627e-03 
2 1 8 21 3.9620507907618899429147e-03 
2 1 9 21 -1.4241652410513657399382e-03 
2 1 10 21 1.6450785963165095310279e-03 
2 1 11 21 8.0873244200018491734117e-03 
2 1 12 21 1.0410623992531082570331e-05 
2 1 13 21 1.4871814300609028682010e-03 
2 1 14 21 -2.3293188777591275484546e-02 
2 1 15 21 -6.7507610861994252898777e-03 
2 1 16 21 -7.3599485950710200748981e-04 
2 1 17 21 1.0551552437225743524135e-03 
2 1 18 21 6.0020857542784911142775e-04 
2 1 19 21 6.4703770005536884180053e-03 
2 1 20 21 5.8337868380087937441453e-04 
2 1 21 21 1.3451666990716841174058e-02 
2 1 1 22 9.6135998653726184581814e-02 
2 1 2 22 3.1198136347987855121477e-02 
2 1 3 22 1.4107492567446338954315e-04 
2 1 4 22 7.7900839518484539525378e-03 
2 1 5 22 1.4529603609926246754122e-04 
2 1 6 22 3.0600811829764292329448e-03 
2 1 7 22 -6.0096888877059096573108e-03 
2 1 8 22 -3.2841125656268774224422e-03 
2 1 9 22 1.1804793049511915891542e-03 
2 1 10 22 -1.3635926379903136329563e-03 
2 1 11 22 -6.7035192511774605722552e-03 
2 1 12 22 -8.6292838959182127623552e-06 
2 1 13 22 -1.2327129256436643225253e-03 
2 1 14 22 1.9307539957921230483473e-02 
2 1 15 22 5.5956524743272211680489e-03 
2 1 16 22 6.1006031825213129660829e-04 
2 1 17 22 -8.7460983657328518828256e-04 
2 1 18 22 -4.9750814128080554383377e-04 
2 1 19 22 -5.3632443232194447826910e-03 
2 1 20 22 -4.8355797720925884370519e-04 
2 1 21 22 -1.1149979996937772752652e-02 
2 1 22 22 9.2421307023190790719269e-03 
2 1 1 23 7.1462793659306952931409e-02 
2 1 2 23 2.3191166801338189418225e-02 
2 1 3 23 1.0486819136768169686245e-04 
2 1 4 23 5.7907669326339537146930e-03 
2 1 5 23 1.0800595814949021642760e-04 
2 1 6 23 2.2747145005214603787069e-03 
2 1 7 23 -4.4673084271563499175750e-03 
2 1 8 23 -2.4412484596607608722252e-03 
2 1 9 23 8.7751050772043293589364e-04 
2 1 10 23 -1.0136279925164826468120e-03 
2 1 11 23 -4.9830679427771305475825e-03 
2 1 12 23 -6.4145870749493789610618e-06 
2 1 13 23 -9.1633842348430583069074e-04 
2 1 14 23 1.4352279722527970517998e-02 
2 1 15 23 4.1595340326413552181628e-03 
2 1 16 23 4.5348896618859011863750e-04 
2 1 17 23 -6.5014212322830379226640e-04 
2 1 18 23 -3.6982318946072556369031e-04 
2 1 19 23 -3.9867731940371950449808e-03 
2 1 20 23 -3.5945332062485818146874e-04 
2 1 21 23 -8.2883491198365265295589e-03 
2 1 22 23 6.8701470350224936450845e-03 
2 1 23 23 5.1069313423502864582315e-03 
2 1 1 24 -1.3820621352934246012234e-02 
2 1 2 24 -4.4850798391945501109035e-03 
2 1 3 24 -2.0281093008619030033284e-05 
2 1 4 24 -1.1199113975385731507839e-03 
2 1 5 24 -2.0887924680936277295300e-05 
2 1 6 24 -4.3992077818290201748214e-04 
2 1 7 24 8.6395976251410055296587e-04 
2 1 8 24 4.7212778652683002212492e-04 
2 1 9 24 -1.6970705788862093261332e-04 
2 1 10 24 1.9603164052174100072043e-04 
2 1 11 24 9.6370561080195071487764e-04 
2 1 12 24 1.2405557431808058550462e-06 
2 1 13 24 1.7721622306700541074620e-04 
2 1 14 24 -2.7756740737282592848545e-03 
2 1 15 24 -8.0443741317774361543336e-04 
2 1 16 24 -8.7702970573801228206662e-05 
2 1 17 24 1.2573491254154985151230e-04 
2 1 18 24 7.1522340610340304125486e-05 
2 1 19 24 7.7102615099953661879917e-04 
2 1 20 24 6.9516849034648078159426e-05 
2 1 21 24 1.6029339039314986249674e-03 
2 1 22 24 -1.3286592357791570957054e-03 
2 1 23 24 -9.8766021198790272285495e-04 
2 1 24 24 1.9101003884609555933012e-04 
2 1 1 25 3.7389856616001629005530e-03 
2 1 2 25 1.2133788186230124589438e-03 
2 1 3 25 5.4867805152241700978460e-06 
2 1 4 25 3.0297716366902056623484e-04 
2 1 5 25 5.6509507705863082799866e-06 
2 1 6 25 1.1901472733118925013095e-04 
2 1 7 25 -2.3373284613939634621338e-04 
2 1 8 25 -1.2772790594481325939999e-04 
2 1 9 25 4.5911991936627103978556e-05 
2 1 10 25 -5.3033758354374623033081e-05 
2 1 11 25 -2.6071776143540424837408e-04 
2 1 12 25 -3.3561589049400152997096e-07 
2 1 13 25 -4.7943496904282801359537e-05 
2 1 14 25 7.5092177825330261135839e-04 
2 1 15 25 2.1762986458554362022635e-04 
2 1 16 25 2.3726874579686005209498e-05 
2 1 17 25 -3.4015911669442099268899e-05 
2 1 18 25 -1.9349419914105153007035e-05 
2 1 19 25 -2.0859089108090901826600e-04 
2 1 20 25 -1.8806860787122122287635e-05 
2 1 21 25 -4.3365249146615984354031e-04 
2 1 22 25 3.5945112052908193868428e-04 
2 1 23 25 2.6719836082989180262373e-04 
2 1 24 25 -5.1675105072987619135409e-05 
2 1 25 25 1.3980478024669864281970e-05 
2 1 1 26 -1.6865710243173484723933e-03 
2 1 2 26 -5.4732746853139479289302e-04 
2 1 3 26 -2.4749613633770335777715e-06 
2 1 4 26 -1.3666607778839079596379e-04 
2 1 5 26 -2.5490148103942936359551e-06 
2 1 6 26 -5.3684824909404384716584e-05 
2 1 7 26 1.0543154786123339061721e-04 
2 1 8 26 5.7615140752304989913389e-05 
2 1 9 26 -2.0709850820701894300252e-05 
2 1 10 26 2.3922316969406910919845e-05 
2 1 11 26 1.1760382675125898434103e-04 
2 1 12 26 1.5138865973033723172560e-07 
2 1 13 26 2.1626216306401690341911e-05 
2 1 14 26 -3.3872366128139832185118e-04 
2 1 15 26 -9.8167860712897869876134e-05 
2 1 16 26 -1.0702651143006789336183e-05 
2 1 17 26 1.5343800746041121236575e-05 
2 1 18 26 8.7280813329895834721487e-06 
2 1 19 26 9.4090586239246100938929e-05 
2 1 20 26 8.4833453074892029011338e-06 
2 1 21 26 1.9561073320437593562465e-04 
2 1 22 26 -1.6214018972646895388849e-04 
2 1 23 26 -1.2052707710307475883794e-04 
2 1 24 26 2.3309459511992201223140e-05 
2 1 25 26 -6.3060648782931338917918e-06 
2 1 26 26 2.8449860616418676098128e-06 
2 1 1 27 -9.9313436485471251469193e-02 
2 1 2 27 -3.2229281185511146623490e-02 
2 1 3 27 -1.4573766192525026562550e-04 
2 1 4 27 -8.0475578202003419936439e-03 
2 1 5 27 -1.5009828633202212358651e-04 
2 1 6 27 -3.1612214202983244387690e-03 
2 1 7 27 6.2083180494811561478397e-03 
2 1 8 27 3.3926573735649848129192e-03 
2 1 9 27 -1.2194959028507823279447e-03 
2 1 10 27 1.4086614040691252357218e-03 
2 1 11 27 6.9250805390710119119335e-03 
2 1 12 27 8.9144945714805758405332e-06 
2 1 13 27 1.2734559224448780204164e-03 
2 1 14 27 -1.9945682888348536393464e-02 
2 1 15 27 -5.7805971164417505048227e-03 
2 1 16 27 -6.3022371970429405876879e-04 
2 1 17 27 9.0351699332708122064384e-04 
2 1 18 27 5.1395152577628092430140e-04 
2 1 19 27 5.5405075300532201365566e-03 
2 1 20 27 4.9954028802035651147390e-04 
2 1 21 27 1.1518503430008278365371e-02 
2 1 22 27 -9.5475963962647122235117e-03 
2 1 23 27 -7.0972156191605878516881e-03 
2 1 24 27 1.3725734009241651566169e-03 
2 1 25 27 -3.7133151502256238427752e-04 
2 1 26 27 1.6749916430543776196989e-04 
2 1 27 27 9.8631591317852561340285e-03 
2 1 1 28 -7.6846376235733301895969e-02 
2 1 2 28 -2.4938251614636856856588e-02 
2 1 3 28 -1.1276833826530833029302e-04 
2 1 4 28 -6.2270089316679346630456e-03 
2 1 5 28 -1.1614248577037399935176e-04 
2 1 6 28 -2.4460779852709039865200e-03 
2 1 7 28 4.8038489201930427430209e-03 
2 1 8 28 2.6251576241244911624761e-03 
2 1 9 28 -9.4361693930585617204332e-04 
2 1 10 28 1.0899887072353376359091e-03 
2 1 11 28 5.3584626954871145479431e-03 
2 1 12 28 6.8978239813289654781435e-06 
2 1 13 28 9.8536991970988641910412e-04 
2 1 14 28 -1.5433495262654067098351e-02 
2 1 15 28 -4.4728886301518390802845e-03 
2 1 16 28 -4.8765213238944628802718e-04 
2 1 17 28 6.9911997068748416711559e-04 
2 1 18 28 3.9768347279539833886985e-04 
2 1 19 28 4.2871130157052282985686e-03 
2 1 20 28 3.8653239960823970559900e-04 
2 1 21 28 8.9127441319048397033731e-03 
2 1 22 28 -7.3877031223384247854424e-03 
2 1 23 28 -5.4916567284002733989601e-03 
2 1 24 28 1.0620646682989916004952e-03 
2 1 25 28 -2.8732749889020717639146e-04 
2 1 26 28 1.2960687148736932199598e-04 
2 1 27 28 7.6318777054237719320584e-03 
2 1 28 28 5.9053660053951361613711e-03 
2 1 1 29 6.2083193483387470734680e-03 
2 1 2 29 2.0147290945423368922762e-03 
2 1 3 29 9.1104081968456308209068e-06 
2 1 4 29 5.0307199800930747432548e-04 
2 1 5 29 9.3830012154470000964408e-06 
2 1 6 29 1.9761547684389840339597e-04 
2 1 7 29 -3.8809674129821822297082e-04 
2 1 8 29 -2.1208308925697627643839e-04 
2 1 9 29 7.6233592117152225182269e-05 
2 1 10 29 -8.8058777945129528648069e-05 
2 1 11 29 -4.3290327090339520126755e-04 
2 1 12 29 -5.5726628064802310408239e-07 
2 1 13 29 -7.9606761404304239885740e-05 
2 1 14 29 1.2468521216499450082749e-03 
2 1 15 29 3.6135888750788314888185e-04 
2 1 16 29 3.9396785080155779070268e-05 
2 1 17 29 -5.6480998239847798880753e-05 
2 1 18 29 -3.2128333433134267406450e-05 
2 1 19 29 -3.4635031588387183744404e-04 
2 1 20 29 -3.1227452648800024933781e-05 
2 1 21 29 -7.2004907130156117593678e-04 
2 1 22 29 5.9684298050981915949309e-04 
2 1 23 29 4.4366384456088906254601e-04 
2 1 24 29 -8.5802830951376150890944e-05 
2 1 25 29 2.3212817024665018952271e-05 
2 1 26 29 -1.0470771528498074677072e-05 
2 1 27 29 -6.1656952927827872804056e-04 
2 1 28 29 -4.7708684442845765167479e-04 
2 1 29 29 3.8543693373195983466629e-05 
2 1 1 30 1.7852894050443986889709e-02 
2 1 2 30 5.7936364170708704729451e-03 
2 1 3 30 2.6198258055208497533783e-05 
2 1 4 30 1.4466541710074620058490e-03 
2 1 5 30 2.6982137542338392624357e-05 
2 1 6 30 5.6827105257649401532510e-04 
2 1 7 30 -1.1160266756555211123403e-03 
2 1 8 30 -6.0987470359625715280588e-04 
2 1 9 30 2.1922039875947645299128e-04 
2 1 10 30 -2.5322538107453443833803e-04 
2 1 11 30 -1.2448741432164267626398e-03 
2 1 12 30 -1.6024974342381040507213e-06 
2 1 13 30 -2.2892042069899216005444e-04 
2 1 14 30 3.5854983572259991123077e-03 
2 1 15 30 1.0391382225829338525197e-03 
2 1 16 30 1.1329098754522012697243e-04 
2 1 17 30 -1.6241904142573956588806e-04 
2 1 18 30 -9.2389534201013379923970e-05 
2 1 19 30 -9.9597896739942446721339e-04 
2 1 20 30 -8.9798925014778353381056e-05 
2 1 21 30 -2.0706022128823393067820e-03 
2 1 22 30 1.7163057983976253567659e-03 
2 1 23 30 1.2758176837485485019541e-03 
2 1 24 30 -2.4673808872515459169814e-04 
2 1 25 30 6.6751714872182254883158e-05 
2 1 26 30 -3.0110173807646512824081e-05 
2 1 27 30 -1.7730322593597657755693e-03 
2 1 28 30 -1.3719302130952926513374e-03 
2 1 29 30 1.1083646755471814829980e-04 
2 1 30 30 3.1872629025336883610425e-04 
2 1 1 31 -5.7381049772262174291093e-02 
2 1 2 31 -1.8621347254470184406916e-02 
2 1 3 31 -8.4203913678949359757596e-05 
2 1 4 31 -4.6496962764306683235649e-03 
2 1 5 31 -8.6723383496664765762371e-05 
2 1 6 31 -1.8264819955732553707906e-03 
2 1 7 31 3.5870252768001745571902e-03 
2 1 8 31 1.9602004371406587905635e-03 
2 1 9 31 -7.0459705730598586048696e-04 
2 1 10 31 8.1389259096600473537830e-04 
2 1 11 31 4.0011543770077546977593e-03 
2 1 12 31 5.1505926552323059940098e-06 
2 1 13 31 7.3577393205301430852139e-04 
2 1 14 31 -1.1524162923578218364895e-02 
2 1 15 31 -3.3398978284314706499458e-03 
2 1 16 31 -3.6412896288534634704759e-04 
2 1 17 31 5.2203161423866508827202e-04 
2 1 18 31 2.9694952792476040455069e-04 
2 1 19 31 3.2011795140342172785730e-03 
2 1 20 31 2.8862304180206116606400e-04 
2 1 21 31 6.6551298797845204885393e-03 
2 1 22 31 -5.5163845236578436942443e-03 
2 1 23 31 -4.1006101198300904872585e-03 
2 1 24 31 7.9304176173601473136265e-04 
2 1 25 31 -2.1454692234648892797816e-04 
2 1 26 31 9.6777215888834978692670e-05 
2 1 27 31 5.6987092420305012624437e-03 
2 1 28 31 4.4095257396010905173722e-03 
2 1 29 31 -3.5623988153171324243240e-04 
2 1 30 31 -1.0244178020883721886430e-03 
2 1 31 31 3.2925853375409125378681e-03 
2 1 1 32 1.2519806590338248414307e-02 
2 1 2 32 4.0629383220381030950019e-03 
2 1 3 32 1.8372210306567587407732e-05 
2 1 4 32 1.0145038878844726912970e-03 
2 1 5 32 1.8921926184076021370531e-05 
2 1 6 32 3.9851486537787795833704e-04 
2 1 7 32 -7.8264275189368886359587e-04 
2 1 8 32 -4.2769050842938658406334e-04 
2 1 9 32 1.5373401003863736342427e-04 
2 1 10 32 -1.7758088888699281046937e-04 
2 1 11 32 -8.7300039189595283334322e-04 
2 1 12 32 -1.1237930262252445348350e-06 
2 1 13 32 -1.6053640287364671110186e-04 
2 1 14 32 2.5144240388244309958310e-03 
2 1 15 32 7.2872272308322437982253e-04 
2 1 16 32 7.9448253515702885380924e-05 
2 1 17 32 -1.1390057989735979026777e-04 
2 1 18 32 -6.4790565373101099977404e-05 
2 1 19 32 -6.9845617213282825026799e-04 
2 1 20 32 -6.2973833267372536655858e-05 
2 1 21 32 -1.4520636910323276788648e-03 
2 1 22 32 1.2036041095227299063675e-03 
2 1 23 32 8.9470035502105596525446e-04 
2 1 24 32 -1.7303150629717646948394e-04 
2 1 25 32 4.6811377330272099317812e-05 
2 1 26 32 -2.1115543012756677677174e-05 
2 1 27 32 -1.2433850166297894055539e-03 
2 1 28 32 -9.6210176765132199468156e-04 
2 1 29 32 7.7726957508294434702825e-05 
2 1 30 32 2.2351478059470054676403e-04 
2 1 31 32 -7.1839964509390710246939e-04 
2 1 32 32 1.5674602128673141739068e-04 
2 1 1 33 9.1384140916963823436658e-03 
2 1 2 33 2.9656059418858354490012e-03 
2 1 3 33 1.3410180437603960777824e-05 
2 1 4 33 7.4050318255304277241524e-04 
2 1 5 33 1.3811427169710242422382e-05 
2 1 6 33 2.9088259752726032102838e-04 
2 1 7 33 -5.7126390100629184220365e-04 
2 1 8 33 -3.1217838238231361645131e-04 
2 1 9 33 1.1221299894247394892365e-04 
2 1 10 33 -1.2961923060049397506827e-04 
2 1 11 33 -6.3721743828132771519934e-04 
2 1 12 33 -8.2027513929536624455441e-07 
2 1 13 33 -1.1717817808576757687526e-04 
2 1 14 33 1.8353197313971140666733e-03 
2 1 15 33 5.3190677935137451858710e-04 
2 1 16 33 5.7990595480896206352639e-05 
2 1 17 33 -8.3137918857236771906505e-05 
2 1 18 33 -4.7291706257761507211507e-05 
2 1 19 33 -5.0981472275483854378342e-04 
2 1 20 33 -4.5965643410159634919647e-05 
2 1 21 33 -1.0598853265519848822901e-03 
2 1 22 33 8.7853056481396359089775e-04 
2 1 23 33 6.5305660060777450965502e-04 
2 1 24 33 -1.2629856092753773805747e-04 
2 1 25 33 3.4168399257765109456372e-05 
2 1 26 33 -1.5412584418773006133142e-05 
2 1 27 33 -9.0756730747083391545871e-04 
2 1 28 33 -7.0225400748485911593677e-04 
2 1 29 33 5.6734193014117048061914e-05 
2 1 30 33 1.6314713856661666518608e-04 
2 1 31 33 -5.2437179383658266175472e-04 
2 1 32 33 1.1441117698001365145764e-04 
2 1 33 33 8.3511076362853181912459e-05 
2 1 1 34 3.4473887043120494955151e-02 
2 1 2 34 1.1187495251288152170455e-02 
2 1 3 34 5.0588760926787126512814e-05 
2 1 4 34 2.7934850417455046878157e-03 
2 1 5 34 5.2102429957962310296850e-05 
2 1 6 34 1.0973297674333737632829e-03 
2 1 7 34 -2.1550442995373194840503e-03 
2 1 8 34 -1.1776662978462055543505e-03 
2 1 9 34 4.2331395924030028668494e-04 
2 1 10 34 -4.8897748224570477225404e-04 
2 1 11 34 -2.4038483886652931877104e-03 
2 1 12 34 -3.0944179333507505305655e-06 
2 1 13 34 -4.4204467369504435621252e-04 
2 1 14 34 6.9235870112228006106880e-03 
2 1 15 34 2.0065729178863752832362e-03 
2 1 16 34 2.1876457097683984576522e-04 
2 1 17 34 -3.1363070166276561367286e-04 
2 1 18 34 -1.7840392470778440375465e-04 
2 1 19 34 -1.9232325203095783881790e-03 
2 1 20 34 -1.7340146582511920285083e-04 
2 1 21 34 -3.9983269153086708341815e-03 
2 1 22 34 3.3141815583648814858009e-03 
2 1 23 34 2.4636002763971757978378e-03 
2 1 24 34 -4.7645053938659529153832e-04 
2 1 25 34 1.2889736935361496318608e-04 
2 1 26 34 -5.8142658983287968141145e-05 
2 1 27 34 -3.4237201912635665049245e-03 
2 1 28 34 -2.6491932940225005645163e-03 
2 1 29 34 2.1402489994123426826286e-04 
2 1 30 34 6.1545865288749280943431e-04 
2 1 31 34 -1.9781478282649800175264e-03 
2 1 32 34 4.3160639819895564844171e-04 
2 1 33 34 3.1503665514964556380872e-04 
2 1 34 34 1.1884493522259422654264e-03 
2 1 1 35 -1.6857078632475236412702e-03 
2 1 2 35 -5.4704735475570305351656e-04 
2 1 3 35 -2.4736947112451403415286e-06 
2 1 4 35 -1.3659613419389786057034e-04 
2 1 5 35 -2.5477102645480618085057e-06 
2 1 6 35 -5.3657349843625942991537e-05 
2 1 7 35 1.0537758961811982206039e-04 
2 1 8 35 5.7585654210585225697486e-05 
2 1 9 35 -2.0699251837048183316498e-05 
2 1 10 35 2.3910073899143328426346e-05 
2 1 11 35 1.1754363892125751730501e-04 
2 1 12 35 1.5131118376987592155620e-07 
2 1 13 35 2.1615148341714795717818e-05 
2 1 14 35 -3.3855030771602845568805e-04 
2 1 15 35 -9.8117619914181046286358e-05 
2 1 16 35 -1.0697173690692091037888e-05 
2 1 17 35 1.5335948026226848482341e-05 
2 1 18 35 8.7236144375418863262765e-06 
2 1 19 35 9.4042432124718432434954e-05 
2 1 20 35 8.4790036605023851788666e-06 
2 1 21 35 1.9551062265139808240416e-04 
2 1 22 35 -1.6205720887097803265334e-04 
2 1 23 35 -1.2046539320102847862512e-04 
2 1 24 35 2.3297530089583824567442e-05 
2 1 25 35 -6.3028375300707886714309e-06 
2 1 26 35 2.8430660386881987926225e-06 
2 1 27 35 1.6741344080883414132538e-04 
2 1 28 35 1.2954054068161439928174e-04 
2 1 29 35 -1.0465412741677131846932e-05 
2 1 30 35 -3.0094763882103947355735e-05 
2 1 31 35 9.6727686802933004160676e-05 
2 1 32 35 -2.1104736418592420245637e-05 
2 1 33 35 -1.5404696491164032327642e-05 
2 1 34 35 -5.8112902465096781643057e-05 
2 1 35 35 2.8420752461414350825534e-06 
2 1 1 36 7.6140853732778943085968e-03 
2 1 2 36 2.4709294849678980522667e-03 
2 1 3 36 1.1173301811044729407946e-05 
2 1 4 36 6.1698390930495466792649e-04 
2 1 5 36 1.1507618777399839763050e-05 
2 1 6 36 2.4236206730734630946517e-04 
2 1 7 36 -4.7597450381304021692352e-04 
2 1 8 36 -2.6010561912602117974960e-04 
2 1 9 36 9.3495364224690418256114e-05 
2 1 10 36 -1.0799815787607141984519e-04 
2 1 11 36 -5.3092669337710847454748e-04 
2 1 12 36 -6.8344954371017564229564e-07 
2 1 13 36 -9.7632329075655752614535e-05 
2 1 14 36 1.5291801161434852296406e-03 
2 1 15 36 4.4318232769596744777263e-04 
2 1 16 36 4.8317502403387953594481e-05 
2 1 17 36 -6.9270138733517355885370e-05 
2 1 18 36 -3.9403236194190422055344e-05 
2 1 19 36 -4.2477532585601931666708e-04 
2 1 20 36 -3.8298366614831989818667e-05 
2 1 21 36 -8.8309167009479770313329e-04 
2 1 22 36 7.3198770119243172435630e-04 
2 1 23 36 5.4412381193457088138232e-04 
2 1 24 36 -1.0523139089288772920344e-04 
2 1 25 36 2.8468956036111265251072e-05 
2 1 26 36 -1.2841695770434313517453e-05 
2 1 27 36 -7.5618098411156910512720e-04 
2 1 28 36 -5.8511486928271966810600e-04 
2 1 29 36 4.7270673538751234303047e-05 
2 1 30 36 1.3593345945878406257935e-04 
2 1 31 36 -4.3690421177558903895882e-04 
2 1 32 36 9.5326876244447214915970e-05 
2 1 33 36 6.9580665068108544070793e-05 
2 1 34 36 2.6248711909452395211681e-04 
2 1 35 36 -1.2835123584426202567564e-05 
2 1 36 36 5.7974760321034360410243e-05 
2 1 1 37 -1.9509501383694069845398e-03 
2 1 2 37 -6.3312400430279444033671e-04 
2 1 3 37 -2.8629249169141530106334e-06 
2 1 4 37 -1.5808922335695346729142e-04 
2 1 5 37 -2.9485866447148994772269e-06 
2 1 6 37 -6.2100211064841214642085e-05 
2 1 7 37 1.2195851222493152440050e-04 
2 1 8 37 6.6646625135866112443241e-05 
2 1 9 37 -2.3956231751136827952658e-05 
2 1 10 37 2.7672269315380362603076e-05 
2 1 11 37 1.3603886154936388843718e-04 
2 1 12 37 1.7511965084307857066909e-07 
2 1 13 37 2.5016242474669377103894e-05 
2 1 14 37 -3.9182042398778810145948e-04 
2 1 15 37 -1.1355620289929616853128e-04 
2 1 16 37 -1.2380349494331641395546e-05 
2 1 17 37 1.7749024356497595080254e-05 
2 1 18 37 1.0096255207021810295612e-05 
2 1 19 37 1.0883979363707444051011e-04 
2 1 20 37 9.8131554861451967039900e-06 
2 1 21 37 2.2627377176283401238183e-04 
2 1 22 37 -1.8755653987741227085861e-04 
2 1 23 37 -1.3942034717812784323093e-04 
2 1 24 37 2.6963343140884297359852e-05 
2 1 25 37 -7.2945745943832446755127e-06 
2 1 26 37 3.2904159710624435817975e-06 
2 1 27 37 1.9375556265503811152751e-04 
2 1 28 37 1.4992344835235385416654e-04 
2 1 29 37 -1.2112121494493256805775e-05 
2 1 30 37 -3.4830106118944622163938e-05 
2 1 31 37 1.1194756699204304198694e-04 
2 1 32 37 -2.4425518393770507207495e-05 
2 1 33 37 -1.7828590238346919520651e-05 
2 1 34 37 -6.7256834697269467790784e-05 
2 1 35 37 3.2887319895651143930311e-06 
2 1 36 37 -1.4854700914074604099985e-05 
2 1 37 37 3.8066706876255655789634e-06 
2 2 1 1 1.0000802365432703539643e-12 
2 2 2 2 1.0000802365432703539643e-12 
2 2 3 3 1.6462457006652453372908e+00 
2 2 4 4 6.6717226627615320092013e-05 
2 2 5 5 6.6717226627615320092013e-05 
2 2 6 6 6.6717226627615320092013e-05 
2 3 1 1 6.9806805826239337608996e-01 
2 3 1 2 -1.7655755645279544441273e-01 
2 3 2 2 9.4817764240385449259207e-01 
2 3 1 3 1.3860432698311708765715e-01 
2 3 2 3 -3.4334185093307023617371e-01 
2 3 3 3 1.3270884086729634043778e-01 
2 3 1 4 -2.5172157758565003038420e-03 
2 3 2 4 1.8971588572397501959443e-02 
2 3 3 4 -6.7557586827648010222025e-03 
2 3 4 4 3.8114273813611435548152e-04 
2 3 1 5 -2.2118703850144992573146e-02 
2 3 2 5 1.6079332033210498587028e-02 
2 3 3 5 -7.9692880619222639104748e-03 
2 3 4 5 2.9252870948906012837573e-04 
2 3 5 5 8.2251855294115049609116e-04 
2 3 1 6 -1.5497614128699797181321e-02 
2 3 2 6 3.4649099095974980611068e-02 
2 3 3 6 -1.3562116257354131856894e-02 
2 3 4 6 6.7946714470167165686454e-04 
2 3 5 6 8.4765305850660751466746e-04 
2 3 6 6 1.3891855971143974527587e-03 
2 4 1 1 3.4150388660401476137451e-01 
2 4 1 2 4.0724356687771756657668e-01 
2 4 2 2 4.8927301252567328981868e-01 
2 4 1 3 1.8154259475409273427715e-01 
2 4 2 3 1.2750608210101913031487e-01 
2 4 3 3 2.2748947564492181250273e+00 
2 4 1 4 -7.0083332630004446101024e-03 
2 4 2 4 -8.3332533013245942837832e-03 
2 4 3 4 -4.3177532391077870846385e-03 
2 4 4 4 1.4398583267326306119917e-04 
2 4 1 5 2.4498208985339779003576e-02 
2 4 2 5 2.0015460518968117287208e-02 
2 4 3 5 2.3821374805498249371816e-01 
2 4 4 5 -5.6396409818617806997132e-04 
2 4 5 5 2.5036462285623475171326e-02 
2 4 1 6 -4.1771822043570203120133e-02 
2 4 2 6 -5.0188671485838713681726e-02 
2 4 3 6 -1.3007127255967509613099e-02 
2 4 4 6 8.5473975338232329942989e-04 
2 4 5 6 -2.0456426845330902275499e-03 
2 4 6 6 5.1482584234530150146814e-03 
2 5 1 1 1.5687090530280799194340e-02 
2 5 1 2 -1.1303642764861304703672e-01 
2 5 2 2 8.1508980859941193575224e-01 
2 5 1 3 1.0189816271019618010296e-01 
2 5 2 3 -7.0014914724828591907624e-01 
2 5 3 3 2.6554892473006930231350e+00 
2 5 1 4 5.5383306220565999694605e-04 
2 5 2 4 -3.7985457926055996025205e-03 
2 5 3 4 1.4835173584720582826146e-02 
2 5 4 4 8.2898632344904863984529e-05 
2 5 1 5 1.7812800642848847232358e-02 
2 5 2 5 -1.2239201428910373437020e-01 
2 5 3 5 4.6426059128703900391599e-01 
2 5 4 5 2.5936440172482605297233e-03 
2 5 5 5 8.1166925529657527049743e-02 
2 5 1 6 1.9674616974517025042024e-02 
2 5 2 6 -1.4187135676170600784296e-01 
2 5 3 6 1.2183818122689848983953e-01 
2 5 4 6 6.6100767771894131889093e-04 
2 5 5 6 2.1298347554378555673837e-02 
2 5 6 6 2.4693576163689140434698e-02 
2 6 1 1 5.3505444845302174705637e-02 
2 6 1 2 -2.0393191566053414653936e-01 
2 6 2 2 7.7727145428438670915483e-01 
2 6 1 3 6.7252419961952336624478e-01 
2 6 2 3 -2.5632757932551957225087e+00 
2 6 3 3 8.4531422079386384638156e+00 
2 6 1 4 4.6289255021678289009346e-03 
2 6 2 4 -1.7642802314184892475968e-02 
2 6 3 4 5.8182248800358792040210e-02 
2 6 4 4 4.0052062613418006097391e-04 
2 6 1 5 -7.1714754467780113603159e-03 
2 6 2 5 2.7333542496569843138765e-02 
2 6 3 5 -9.0140248510410941884530e-02 
2 6 4 5 -6.2042755097388739213282e-04 
2 6 5 5 9.6126950731715090931601e-04 
2 6 1 6 -2.5429054375985188710119e-03 
2 6 2 6 9.6920951175000751715016e-03 
2 6 3 6 -3.1962467998737607854931e-02 
2 6 4 6 -2.1999486649528659544528e-04 
2 6 5 6 3.4083241677763389480132e-04 
2 6 6 6 1.2091163262110359553642e-04 
2 7 1 1 1.7324195160327665599098e-01 
2 7 1 2 -1.2015382666480987072788e+00 
2 7 2 2 8.3334057011806645931529e+00 
2 7 1 3 3.5094928957306886774248e-01 
2 7 2 3 -2.4340486619372563303898e+00 
2 7 3 3 7.1094503968773159474637e-01 
2 7 1 4 -5.6994741012466050567031e-02 
2 7 2 4 3.9529352732939460057793e-01 
2 7 3 4 -1.1545863910838613519694e-01 
2 7 4 4 1.8750674192112477128846e-02 
2 7 1 5 -2.9531302311463440701811e-02 
2 7 2 5 2.0481765581123412278686e-01 
2 7 3 5 -5.9823822619216204810044e-02 
2 7 4 5 9.7154868655244478597988e-03 
2 7 5 5 5.0339899609903229066310e-03 
2 7 1 6 -7.2970968706832631256454e-02 
2 7 2 6 5.0609847709982025421027e-01 
2 7 3 6 -1.4782291479876824569217e-01 
2 7 4 6 2.4006685785223729617810e-02 
2 7 5 6 1.2438840420109158885209e-02 
2 7 6 6 3.0736013602665784860690e-02 
2 8 1 1 2.2784702448898647847431e-03 
2 9 1 1 2.2784702448898647847431e-03 
2 10 1 1 2.2784702448898647847431e-03 
2 11 1 1 2.2784702448898647847431e-03 
2 12 1 1 2.2784702448898647847431e-03 
2 13 1 1 2.2784702448898647847431e-03 
2 14 1 1 1.5172121964468982607143e-09 
2 15 1 1 7.4761150934105393609173e-10 
2 16 1 1 1.1590122819833248905492e-09 
2 17 1 1 8.8176685034876237802220e-10 
2 18 1 1 8.0186233987268298785179e-10 
2 19 1 1 1.3338554563399772767136e-09 
2 20 1 1 2.4601681583235299611143e-10 
2 21 1 1 1.6899068585921093680217e-10 
2 22 1 1 2.4896437425622740556231e-10 
2 23 1 1 2.5134970417665605234233e-10 
2 24 1 1 2.7297319378999694743383e-10 
2 25 1 1 2.3086302279794000191465e-10 
2 26 1 1 3.5472654623075628360272e-10 
2 27 1 1 1.0603428061346397848418e-09 
2 28 1 1 1.4060609503214697811970e-09 
2 29 1 1 1.2561868540489345447747e-09 
2 30 1 1 1.3245318769988194499535e-09 
2 31 1 1 1.3292807654216801123643e-09 
2 32 1 1 4.5367475584077503469871e+00 
2 33 1 1 2.8946735482473939436948e-06 
2 34 1 1 7.2820224900939156675861e-01 
2 35 1 1 2.8946025643061526232472e-06 
2 36 1 1 2.8949004146360679912782e-06 
2 37 1 1 3.8839335799428623130503e-02 
2 38 1 1 7.5135054448798635090307e-09 
2 39 1 1 1.8344779101411586330536e-09 
2 40 1 1 2.9419027608331518594552e-09 
2 41 1 1 2.9552858982884636094567e-09 
2 42 1 1 2.0011382579985162381691e-09 
2 43 1 1 5.6014374375765955335048e-09 
2 44 1 1 1.5672338242167589868192e-03 
