1.8982045202508652437245e+04 1.0237375462223997857336e+01 -6.0319535385270963701032e+00 -4.9624603782921286598828e-02 5.3888730212228153071408e-01 1.7018009014296439640468e-02 5.9550782967147153357246e+00 1.1848797333831566191975e+01 2.4794902555405402833077e-02 -3.1725564178753349331430e+00 3.3730697331088715928971e-01 -6.2307780956975100661310e-01 4.7741510562230027314712e-02 3.5608435040597972154330e+00 6.7715510246363166402261e+00 -4.1756563256242287818232e-02 2.2331390100820575073115e-01 7.9357354673906713160569e-02 5.0631784452798818396690e-02 6.7103894934038357811268e-03 1.9608579245548368730212e-01 1.6964185469599988784206e-03 -5.2520215853539575778797e-01 8.2875798342859463563315e-02 1.2444958417624630078735e-02 5.6756046543481750155102e-02 2.3572182138974960563527e-02 1.0423183474522354496905e-01 5.8965978862629608858725e-02 1.5657211351933333909336e-01 2.7911392798768593082048e-02 1.6586438743035836207440e-02 1.4491666408444767860653e-02 2.2366675792010778933694e-02 8.2825866350762708534283e-03 -3.7200671861932089329317e-03 1.3987096303069063846225e-02 5.7735026918965913355350e+06 -0 -0 5.7735026918965913355350e+06 -0 -0 -0 -0 1.0127143331475270765182e-05 1.2884474892345232355240e+00 -1.2473294602492146498918e+00 1.3988334351781086084543e+01 1.9777758394653857099144e+00 7.4276453519585394769109e-01 7.4276573173785083170628e+00 5.4260980857504963192905e-02 -4.9969765777558301789174e-02 1.3502878613644957450646e+00 8.9893064539537229085120e-02 -1.0093580731790367799316e-01 1.9203569222213543454814e+00 7.0578642229383051209801e-02 -1.1566658146642572191354e-01 2.3133523888802391965669e+00  
1 1 1 1 4.7024117736986227100715e+01 
1 1 1 2 1.1686874918422271996121e+00 
1 1 2 2  1 
1 1 1 3 4.7854978014976529143709e-01 
1 1 3 3  1 
1 1 1 4 7.1620990673415207972141e-01 
1 1 4 4  1 
1 1 1 5 5.2224882584931586748667e-01 
1 1 5 5  1 
1 1 1 6 2.3119129134648519485751e-01 
1 1 6 6  1 
1 1 1 7 2.4157139865262395872492e+00 
1 1 7 7  1 
1 1 1 8 -1.2381217825925940889675e+00 
1 1 8 8  1 
1 1 1 9 4.6238552948018085686499e-01 
1 1 9 9  1 
1 1 1 10 -8.2531764678490582287651e-01 
1 1 10 10  1 
1 1 1 11 -6.4984596138339889570545e-01 
1 1 11 11  1 
1 1 1 12 -3.4793098826761881259273e-01 
1 1 12 12  1 
1 1 1 13 -6.0180451022995740117949e-02 
1 1 13 13  1 
1 1 1 14 8.7530091250245445344547e-01 
1 1 14 14  1 
1 1 1 15 -5.5336516461650520071203e-01 
1 1 15 15  1 
1 1 1 16 -2.7120182888825150602230e-01 
1 1 16 16  1 
1 1 1 17 4.2472410138466587525841e-02 
1 1 17 17  1 
1 1 1 18 -4.7435771962468176177197e-01 
1 1 18 18  1 
1 1 1 19 -1.1104186341098221113555e-03 
1 1 19 19  1 
1 1 1 20 -2.3238009348499355510853e-01 
1 1 20 20  1 
1 1 1 21 3.0568328459346716385880e-01 
1 1 21 21  1 
1 1 1 22 3.0966904024749064561206e-01 
1 1 22 22  1 
1 1 1 23 -4.0033904169990464083639e-01 
1 1 23 23  1 
1 1 1 24 1.5749032829919185072498e-01 
1 1 24 24  1 
1 1 1 25 -1.2317902817624570843691e-03 
1 1 25 25  1 
1 1 1 26 -5.2558435228960020957345e-01 
1 1 26 26  1 
1 1 1 27 -4.3384826046046032210768e-01 
1 1 27 27  1 
1 1 1 28 6.3877548665564876095857e-01 
1 1 28 28  1 
1 1 1 29 3.0553846280205743113356e-02 
1 1 29 29  1 
1 1 1 30 3.6696524899584359591387e-02 
1 1 30 30  1 
1 1 1 31 4.0359132825496463192749e-01 
1 1 31 31  1 
1 1 1 32 9.4187251113214354170111e-02 
1 1 32 32  1 
1 1 1 33 9.7316622050031431623296e-01 
1 1 33 33  1 
1 1 1 34 -2.2157608379489515115779e+00 
1 1 34 34  1 
1 1 1 35 5.1398843701164658170910e+00 
1 1 35 35  1 
1 1 1 36 -7.7482197010251852020701e-01 
1 1 36 36  1 
1 1 1 37 -2.3767006273576107844292e-01 
1 1 37 37  1 
1 2 1 1 5.7735026918955910950899e+06 
1 2 2 2 5.7735026918955910950899e+06 
1 2 3 3 5.0593875755566841689870e-09 
1 2 4 4 9.1271433314752701751590e-06 
1 2 5 5 9.1271433314752701751590e-06 
1 2 6 6 9.1271433314752701751590e-06 
1 3 1 1 1.2993006995178180140726e-01 
1 3 1 2 -4.9624603782921286598828e-02 
1 3 2 2 1.2884464892345233177906e+00 
1 3 1 3 3.4001586215752460651274e-01 
1 3 2 3 1.7018009014296439640468e-02 
1 3 3 3 1.0816401774703605642713e+00 
1 3 2 4 1.2473294602492146498918e+00 
1 3 3 4 2.4794902555405402833077e-02 
1 3 4 4 1.3988333351781086832943e+01 
1 3 1 5 -1.2473294602492146498918e+00 
1 3 3 5 -3.8856647860466724253570e+00 
1 3 5 5 1.3988333351781086832943e+01 
1 3 1 6 -2.4794902555405402833077e-02 
1 3 2 6 3.8856647860466724253570e+00 
1 3 6 6 1.3988333351781086832943e+01 
1 4 1 1 6.3221295246619546581712e-01 
1 4 1 2 3.3730697331088715928971e-01 
1 4 2 2 1.9777748394653857921810e+00 
1 4 1 3 -2.8115113520704437810593e-01 
1 4 2 3 4.7741510562230027314712e-02 
1 4 3 3 1.7338479731836522468313e+00 
1 4 2 4 -7.4276453519585394769109e-01 
1 4 3 4 -4.1756563256242287818232e-02 
1 4 4 4 7.4276563173785081772849e+00 
1 4 1 5 7.4276453519585394769109e-01 
1 4 3 5 -3.5775046419857137180998e+00 
1 4 5 5 7.4276563173785081772849e+00 
1 4 1 6 4.1756563256242287818232e-02 
1 4 2 6 3.5775046419857137180998e+00 
1 4 6 6 7.4276563173785081772849e+00 
1 5 1 1 1.5412913213374410115186e-01 
1 5 1 2 7.9357354673906713160569e-02 
1 5 2 2 5.4259980857504962192817e-02 
1 5 1 3 5.0631784452798818396690e-02 
1 5 2 3 6.7103894934038357811268e-03 
1 5 3 3 7.2640042723517081468820e-02 
1 5 2 4 4.9969765777558301789174e-02 
1 5 3 4 -1.3502768576551454904333e-01 
1 5 4 4 1.3502868613644958273312e+00 
1 5 1 5 -4.9969765777558301789174e-02 
1 5 3 5 -1.6964185469599988784206e-03 
1 5 5 5 1.3502868613644958273312e+00 
1 5 1 6 1.3502768576551454904333e-01 
1 5 2 6 1.6964185469599988784206e-03 
1 5 6 6 1.3502868613644958273312e+00 
1 6 1 1 1.0389165702335365071285e-01 
1 6 1 2 1.2444958417624630078735e-02 
1 6 2 2 8.9892064539537228085031e-02 
1 6 1 3 5.6756046543481750155102e-02 
1 6 2 3 2.3572182138974960563527e-02 
1 6 3 3 3.5354628886180489155677e-02 
1 6 2 4 1.0093580731790367799316e-01 
1 6 3 4 5.9410275208777035826913e-02 
1 6 4 4 1.9203559222213544277480e+00 
1 6 1 5 -1.0093580731790367799316e-01 
1 6 3 5 -5.8965978862629608858725e-02 
1 6 5 5 1.9203559222213544277480e+00 
1 6 1 6 -5.9410275208777035826913e-02 
1 6 2 6 5.8965978862629608858725e-02 
1 6 6 6 1.9203559222213544277480e+00 
1 7 1 1 9.8489035028151650230654e-02 
1 7 1 2 1.6586438743035836207440e-02 
1 7 2 2 7.0577642229383050209712e-02 
1 7 1 3 1.4491666408444767860653e-02 
1 7 2 3 2.2366675792010778933694e-02 
1 7 3 3 8.2815866350762715880629e-03 
1 7 2 4 1.1566658146642572191354e-01 
1 7 3 4 1.3987096303069063846225e-02 
1 7 4 4 2.3133513888802390567889e+00 
1 7 1 5 -1.1566658146642572191354e-01 
1 7 3 5 3.7200671861932089329317e-03 
1 7 5 5 2.3133513888802390567889e+00 
1 7 1 6 -1.3987096303069063846225e-02 
1 7 2 6 -3.7200671861932089329317e-03 
1 7 6 6 2.3133513888802390567889e+00 
1 8 1 1 1.2714333147527206473366e-08 
1 9 1 1 1.2714333147527206473366e-08 
1 10 1 1 1.2714333147527206473366e-08 
1 11 1 1 1.2714333147527206473366e-08 
1 12 1 1 1.2714333147527206473366e-08 
1 13 1 1 1.2714333147527206473366e-08 
1 14 1 1 5.2844972212247824927545e+00 
1 15 1 1 5.9061682602000873387738e+00 
1 16 1 1 1.4236273377335140200017e+00 
1 17 1 1 1.3740375326227032282134e+00 
1 18 1 1 1.5150297492889408523808e-01 
1 19 1 1 2.6461618954273236070662e+00 
1 20 1 1 4.3202693737235637883032e+00 
1 21 1 1 8.7908874844139073267968e-01 
1 22 1 1 7.0100816848160862893025e-01 
1 23 1 1 7.8452129499409317681113e-01 
1 24 1 1 1.4855292669337047950506e+00 
1 25 1 1 1.9654199689966844744049e-07 
1 26 1 1 1.3672420468340959476272e-01 
1 27 1 1 1.3333136758948957445448e-01 
1 28 1 1 1.0037093495229854056561e-07 
1 29 1 1 2.7005547190196416140751e-01 
1 30 1 1 8.5058020358891289758319e-02 
1 31 1 1 1.8499755191400787945888e-01 
1 32 1 1 2.5100067108476509236681e-01 
1 33 1 1 1.3306871335950584689378e-01 
1 34 1 1 2.5144496743091249157942e-01 
1 35 1 1 1.3262441701335839217002e-01 
1 36 1 1 9.1098884904231777759342e-02 
1 37 1 1 2.9297049954003911986788e-01 
1 38 1 1 1.1194655225781875718116e-01 
1 39 1 1 1.1938668663020517157758e-01 
1 40 1 1 1.2965371574708103863394e-01 
1 41 1 1 1.0167952314094290400259e-01 
1 42 1 1 3.7977586242465832810922e-08 
1 43 1 1 2.3133320091043768629291e-01 
1 44 1 1 3.1230984909313974640099e-08 
2 1 1 1 1.0000000001009938799257e+00 
2 1 1 2 -1.1686893449304314174242e+00 
2 1 2 2 1.3658365759428234831319e+00 
2 1 1 3 -4.7854785298377078284204e-01 
2 1 2 3 5.5927377682504086919835e-01 
2 1 3 3 2.2900983847031081142021e-01 
2 1 1 4 -7.1621061610963987487111e-01 
2 1 2 4 8.3702771577208179287766e-01 
2 1 3 4 3.4274105262481885381121e-01 
2 1 4 4 5.1295943753468420389652e-01 
2 1 1 5 -5.2224801221902450443224e-01 
2 1 2 5 6.1034568729298532829830e-01 
2 1 3 5 2.4992066497089088228378e-01 
2 1 4 5 3.7403957059399772777653e-01 
2 1 5 5 2.7274477714908090808521e-01 
2 1 1 6 -2.3118895517392806793211e-01 
2 1 2 6 2.7018806858169952533899e-01 
2 1 3 6 1.1063497812754291560466e-01 
2 1 4 6 1.6557998402452003827712e-01 
2 1 5 6 1.2073797228467714193201e-01 
2 1 6 6 5.3450123850044918560886e-02 
2 1 1 7 -2.4157165072192610111301e+00 
2 1 2 7 2.8232221423550405425829e+00 
2 1 3 7 1.1560359479520987413537e+00 
2 1 4 7 1.7301618079799321314738e+00 
2 1 5 7 1.2616031439819983539508e+00 
2 1 6 7 5.5848697530631929986100e-01 
2 1 7 7 5.8356880346845647622445e+00 
2 1 1 8 1.2381223139031243274388e+00 
2 1 2 8 -1.4469803559782179469551e+00 
2 1 3 8 -5.9250077505066700567227e-01 
2 1 4 8 -8.8675634525927504725473e-01 
2 1 5 8 -6.4660691732036035261899e-01 
2 1 6 8 -2.8624020413003403717767e-01 
2 1 7 8 -2.9909525116509714237623e+00 
2 1 8 8 1.5329486551935951332837e+00 
2 1 1 9 -4.6238573097166946190839e-01 
2 1 2 9 5.4038527703409111602184e-01 
2 1 3 9 2.2127369880721403649915e-01 
2 1 4 9 3.3116556925938023248079e-01 
2 1 5 9 2.4148002887856201414962e-01 
2 1 6 9 1.0689847403114427493165e-01 
2 1 7 9 1.1169928430103985839139e+00 
2 1 8 9 -5.7249009114633020445240e-01 
2 1 9 9 2.1380235508329045734932e-01 
2 1 1 10 8.2531797317323107865406e-01 
2 1 2 10 -9.6454032142654266834825e-01 
2 1 3 10 -3.9495414409160467528181e-01 
2 1 4 10 -5.9110149405252776499964e-01 
2 1 5 10 -4.3102067093862694857620e-01 
2 1 6 10 -1.9080439990494801882903e-01 
2 1 7 10 -1.9937342514985063601785e+00 
2 1 8 10 1.0218445986509254730379e+00 
2 1 9 10 -3.8161525430969989169938e-01 
2 1 10 10 6.8115154776653685786414e-01 
2 1 1 11 6.4984625615058122516388e-01 
2 1 2 11 -7.5946839540557209424776e-01 
2 1 3 11 -3.1098253065097236635950e-01 
2 1 4 11 -4.6542678749393673331980e-01 
2 1 5 11 -3.3938091552285665208899e-01 
2 1 6 11 -1.5023727698383110285008e-01 
2 1 7 11 -1.5698443281368563706479e+00 
2 1 8 11 8.0458915034628841755904e-01 
2 1 9 11 -3.0047963616933182073865e-01 
2 1 10 11 5.3632979500032051944913e-01 
2 1 11 11 4.2230194753081873315637e-01 
2 1 1 12 3.4792871750814691189646e-01 
2 1 2 12 -4.0662058495129344004582e-01 
2 1 3 12 -1.6650054075054668278888e-01 
2 1 4 12 -2.4919024113035881384803e-01 
2 1 5 12 -1.8170508111069871848287e-01 
2 1 6 12 -8.0437276670409132983686e-02 
2 1 7 12 -8.4049714622578108880191e-01 
2 1 8 12 4.3077830879574541267374e-01 
2 1 9 12 -1.6087727437149829112784e-01 
2 1 10 12 2.8715182394333149673571e-01 
2 1 11 12 2.2610017448061348055433e-01 
2 1 12 12 1.2105618332956102900511e-01 
2 1 1 13 6.0185566621996561265107e-02 
2 1 2 13 -7.0338230420248587515530e-02 
2 1 3 13 -2.8801673697426921627596e-02 
2 1 4 13 -4.3105541747618790482388e-02 
2 1 5 13 -3.1431792536775735036336e-02 
2 1 6 13 -1.3914238275841251529785e-02 
2 1 7 13 -1.4539126677220770567089e-01 
2 1 8 13 7.4517093006879253636043e-02 
2 1 9 13 -2.7828947215425357819552e-02 
2 1 10 13 4.9672229857079572279410e-02 
2 1 11 13 3.9111365142097932745546e-02 
2 1 12 13 2.0940287018908938787565e-02 
2 1 13 13 3.6240932595485767474253e-03 
2 1 1 14 -8.7529993339361533699616e-01 
2 1 2 14 1.0229537057772424279989e+00 
2 1 3 14 4.1887290384046571567467e-01 
2 1 4 14 6.2689910457725384063110e-01 
2 1 5 14 4.5712365030946466859518e-01 
2 1 6 14 2.0235967706279056610441e-01 
2 1 7 14 2.1144764978693375567786e+00 
2 1 8 14 -1.0837283788930798245076e+00 
2 1 9 14 4.0472619952185800995537e-01 
2 1 10 14 -7.2240076694740795737459e-01 
2 1 11 14 -5.6881038472498302027702e-01 
2 1 12 14 -3.0454198325838521821396e-01 
2 1 13 14 -5.2680422460499407022461e-02 
2 1 14 14 7.6615176433027010194365e-01 
2 1 1 15 5.5336683527298324847266e-01 
2 1 2 15 -6.4671392421831641605934e-01 
2 1 3 15 -2.6481251093553170861128e-01 
2 1 4 15 -3.9632720202432097922340e-01 
2 1 5 15 -2.8899472975060880308718e-01 
2 1 6 15 -1.2793230047856746223189e-01 
2 1 7 15 -1.3367773985124291602489e+00 
2 1 8 15 6.8513582652455184973661e-01 
2 1 9 15 -2.5586892862284182914578e-01 
2 1 10 15 4.5670359490824452564084e-01 
2 1 11 15 3.5960336617955396265600e-01 
2 1 12 15 1.9253221331186839981875e-01 
2 1 13 15 3.3304696522179266793273e-02 
2 1 14 15 -4.8436195405831294902299e-01 
2 1 15 15 3.0621664526361286329248e-01 
2 1 1 16 2.7120263335611366484201e-01 
2 1 2 16 -3.1695162791887498965337e-01 
2 1 3 16 -1.2978343791766352999240e-01 
2 1 4 16 -1.9423820512596792764448e-01 
2 1 5 16 -1.4163503617945055745864e-01 
2 1 6 16 -6.2699053447897223900753e-02 
2 1 7 16 -6.5514867819767474976800e-01 
2 1 8 16 3.3578203194706673917480e-01 
2 1 9 16 -1.2540022786564636314566e-01 
2 1 10 16 2.2382840768045064727687e-01 
2 1 11 16 1.7624001594441293661042e-01 
2 1 12 16 9.4359184410252761043836e-02 
2 1 13 16 1.6322484153800057710137e-02 
2 1 14 16 -2.3738364691356705904468e-01 
2 1 15 16 1.5007454293662783606500e-01 
2 1 16 16 7.3552659201743697536813e-02 
2 1 1 17 -4.2472964666023627078317e-02 
2 1 2 17 4.9637701251761388865358e-02 
2 1 3 17 2.0325346051849959433389e-02 
2 1 4 17 3.0419588191062316151481e-02 
2 1 5 17 2.2181421370331043385615e-02 
2 1 6 17 9.8192803255727420519428e-03 
2 1 7 17 1.0260264185285628002475e-01 
2 1 8 17 -5.2586725290328678594776e-02 
2 1 9 17 1.9638892813521605790195e-02 
2 1 10 17 -3.5053701112640320292080e-02 
2 1 11 17 -2.7600897075668151536831e-02 
2 1 12 17 -1.4777564126277877021298e-02 
2 1 13 17 -2.5562594417039450830909e-03 
2 1 14 17 3.7176583143742891746086e-02 
2 1 15 17 -2.3503130040972316366910e-02 
2 1 16 17 -1.1518779863420721895628e-02 
2 1 17 17 1.8057435831390794035711e-03 
2 1 1 18 4.7435784795043978157025e-01 
2 1 2 18 -5.5437696258356938816547e-01 
2 1 3 18 -2.2700292968293406259406e-01 
2 1 4 18 -3.3974012653693380636710e-01 
2 1 5 18 -2.4773244317271853054407e-01 
2 1 6 18 -1.0966629524651472227248e-01 
2 1 7 18 -1.1459140836225603088394e+00 
2 1 8 18 5.8731303632243969659044e-01 
2 1 9 18 -2.1933630026668737844631e-01 
2 1 10 18 3.9149605762923561647071e-01 
2 1 11 18 3.0825967156620387443766e-01 
2 1 12 18 1.6504271767761427569532e-01 
2 1 13 18 2.8549495859831797162087e-02 
2 1 14 18 -4.1520539271588507990174e-01 
2 1 15 18 2.6249390110702236489360e-01 
2 1 16 18 1.2864709751719602404130e-01 
2 1 17 18 -2.0147384114978832830856e-02 
2 1 18 18 2.2501715879040357082275e-01 
2 1 1 19 1.1108872007688850962193e-03 
2 1 2 19 -1.2982820340899021201858e-03 
2 1 3 19 -5.3161268573811027576825e-04 
2 1 4 19 -7.9562920615860804277736e-04 
2 1 5 19 -5.8015863278234930302396e-04 
2 1 6 19 -2.5682485235650049076178e-04 
2 1 7 19 -2.6835885473748847737663e-03 
2 1 8 19 1.3754142312523876152952e-03 
2 1 9 19 -5.1365839026018393111139e-04 
2 1 10 19 9.1683517280974520524683e-04 
2 1 11 19 7.2190588828714111636203e-04 
2 1 12 19 3.8650956012374008269328e-04 
2 1 13 19 6.6859373234400232234240e-05 
2 1 14 19 -9.7235949329960375334125e-04 
2 1 15 19 6.1472813385193391787914e-04 
2 1 16 19 3.0127553383317692749926e-04 
2 1 17 19 -4.7182672566361832532014e-05 
2 1 18 19 5.2695806181228934186866e-04 
2 1 19 19 3.0249258982908691733270e-06 
2 1 1 20 2.3238114231533946174579e-01 
2 1 2 20 -2.7158136498475710096656e-01 
2 1 3 20 -1.1120549673094454190547e-01 
2 1 4 20 -1.6643384110918615914620e-01 
2 1 5 20 -1.2136058965222645822379e-01 
2 1 6 20 -5.3723953496457754752669e-02 
2 1 7 20 -5.6136696145499165311321e-01 
2 1 8 20 2.8771627763036278224718e-01 
2 1 9 20 -1.0744972435329869231424e-01 
2 1 10 20 1.9178833337903714029160e-01 
2 1 11 20 1.5101201533330976811698e-01 
2 1 12 20 8.0852072821237089272906e-02 
2 1 13 20 1.3985990717150221379628e-02 
2 1 14 20 -2.0340319839157591785828e-01 
2 1 15 20 1.2859201729840807892913e-01 
2 1 16 20 6.3022377737378343365293e-02 
2 1 17 20 -9.8699160460280245532605e-03 
2 1 18 20 1.1023181857283545492798e-01 
2 1 19 20 2.5814923620671732362036e-04 
2 1 20 20 5.4002786163826997645199e-02 
2 1 1 21 -3.0568419102185739877342e-01 
2 1 2 21 3.5724985695924388329203e-01 
2 1 3 21 1.4628451330633843174844e-01 
2 1 4 21 2.1893426278609717794410e-01 
2 1 5 21 1.5964296112868403554330e-01 
2 1 6 21 7.0670808737648471709036e-02 
2 1 7 21 7.3844634624518512566738e-01 
2 1 8 21 -3.7847441791110703057655e-01 
2 1 9 21 1.4134400811194347546973e-01 
2 1 10 21 -2.5228665696496677117722e-01 
2 1 11 21 -1.9864772709970665576229e-01 
2 1 12 21 -1.0635630854681013546248e-01 
2 1 13 21 -1.8397776239400281950154e-02 
2 1 14 21 2.6756535204180187381695e-01 
2 1 15 21 -1.6915549337723426170932e-01 
2 1 16 21 -8.2902357579731994485783e-02 
2 1 17 21 1.2983313843730765607676e-02 
2 1 18 21 -1.4500369500548371259896e-01 
2 1 19 21 -3.3958065485885347532802e-04 
2 1 20 21 -7.1035241496449533227242e-02 
2 1 21 21 9.3444615504955808038545e-02 
2 1 1 22 -3.0966982325073744153343e-01 
2 1 2 22 3.6190782287817924167683e-01 
2 1 3 22 1.4819182905201538913431e-01 
2 1 4 22 2.2178881490041874036123e-01 
2 1 5 22 1.6172444963755258640070e-01 
2 1 6 22 7.1592242888062637695690e-02 
2 1 7 22 7.4807450381250695237156e-01 
2 1 8 22 -3.8340911810876315835017e-01 
2 1 9 22 1.4318690758350280378686e-01 
2 1 10 22 -2.5557607087795974898370e-01 
2 1 11 22 -2.0123777528207495435275e-01 
2 1 12 22 -1.0774302445638403447070e-01 
2 1 13 22 -1.8637653774073767443120e-02 
2 1 14 22 2.7105397566615330173789e-01 
2 1 15 22 -1.7136101007049814315408e-01 
2 1 16 22 -8.3983271535893147530238e-02 
2 1 17 22 1.3152595460628212220566e-02 
2 1 18 22 -1.4689431093231347658090e-01 
2 1 19 22 -3.4400824274672054184365e-04 
2 1 20 22 -7.1961427266775457312065e-02 
2 1 21 22 9.4661169403574649261479e-02 
2 1 22 22 9.5897190296866274827892e-02 
2 1 1 23 4.0033941423313251783966e-01 
2 1 2 23 -4.6787240776926342089581e-01 
2 1 3 23 -1.9158156714676441434442e-01 
2 1 4 23 -2.8672733852061804693534e-01 
2 1 5 23 -2.0907646329648688077185e-01 
2 1 6 23 -9.2554050892370648417895e-02 
2 1 7 23 -9.6710653145252845064306e-01 
2 1 8 23 4.9566916189675347403920e-01 
2 1 9 23 -1.8511123268688356446887e-01 
2 1 10 23 3.3040731393612882138555e-01 
2 1 11 23 2.6015906952880796243477e-01 
2 1 12 23 1.3928957896294463791875e-01 
2 1 13 23 2.4094654484833642055230e-02 
2 1 14 23 -3.5041706261346566853021e-01 
2 1 15 23 2.2153455468860594468339e-01 
2 1 16 23 1.0857310337597042559921e-01 
2 1 17 23 -1.7003601794933945190458e-02 
2 1 18 23 1.8990414298532043435586e-01 
2 1 19 23 4.4473193106034651818359e-04 
2 1 20 23 9.3031330392958508368473e-02 
2 1 21 23 -1.2237742997368145081438e-01 
2 1 22 23 -1.2397303564558634358939e-01 
2 1 23 23 1.6027343746015976222452e-01 
2 1 1 24 -1.5749185226076992116795e-01 
2 1 2 24 1.8405904964769584375439e-01 
2 1 3 24 7.5367387764765814139878e-02 
2 1 4 24 1.1279733653885251620785e-01 
2 1 5 24 8.2249806785119464191958e-02 
2 1 6 24 3.6410376776133970833094e-02 
2 1 7 24 3.8045566725503665583830e-01 
2 1 8 24 -1.9499417654118536558094e-01 
2 1 9 24 7.2821985229370805869920e-02 
2 1 10 24 -1.2998085629866057422177e-01 
2 1 11 24 -1.0234549056543247591566e-01 
2 1 12 24 -5.4795938178533218354538e-02 
2 1 13 24 -9.4787363588662142815933e-03 
2 1 14 24 1.3785260779538086040041e-01 
2 1 15 24 -8.7150767864276182383954e-02 
2 1 16 24 -4.2712205064026953493794e-02 
2 1 17 24 6.6891458754132025049666e-03 
2 1 18 24 -7.4707496107951798514080e-02 
2 1 19 24 -1.7495568218779509886765e-04 
2 1 20 24 -3.6598136532117922503637e-02 
2 1 21 24 4.8142769449485957322654e-02 
2 1 22 24 4.8770474051830582651323e-02 
2 1 23 24 -6.3050195879999743064914e-02 
2 1 24 24 2.4805474384430849232874e-02 
2 1 1 25 1.2315360858422099484683e-03 
2 1 2 25 -1.4392831018921700171609e-03 
2 1 3 25 -5.8934894926195794794682e-04 
2 1 4 25 -8.8203921898262309386762e-04 
2 1 5 25 -6.4316727260027573009893e-04 
2 1 6 25 -2.8471754035100502091410e-04 
2 1 7 25 -2.9750420524459922182181e-03 
2 1 8 25 1.5247923083932355022008e-03 
2 1 9 25 -5.6944471332136129340662e-04 
2 1 10 25 1.0164088663399744802418e-03 
2 1 11 25 8.0030911477383759409371e-04 
2 1 12 25 4.2848677033486984398053e-04 
2 1 13 25 7.4120698442214561136622e-05 
2 1 14 25 -1.0779634536606441316819e-03 
2 1 15 25 6.8149122677165841540509e-04 
2 1 16 25 3.3399582975798461489600e-04 
2 1 17 25 -5.2306988799868004303556e-05 
2 1 18 25 5.8418880738603934377196e-04 
2 1 19 25 1.3680977941548705709802e-06 
2 1 20 25 2.8618576269718611331666e-04 
2 1 21 25 -3.7646111234531368832171e-04 
2 1 22 25 -3.8136956222870386059090e-04 
2 1 23 25 4.9303243530773334640099e-04 
2 1 24 25 -1.9395689967265371559876e-04 
2 1 25 25 3.3075368111577127789409e-06 
2 1 1 26 5.2558323884642732526373e-01 
2 1 2 26 -6.1424353111591056819663e-01 
2 1 3 26 -2.5151673051206990816553e-01 
2 1 4 26 -3.7642829531188998215541e-01 
2 1 5 26 -2.7448480174227835037826e-01 
2 1 6 26 -1.2150903984323430107040e-01 
2 1 7 26 -1.2696601060018859463696e+00 
2 1 8 26 6.5073633582983247958254e-01 
2 1 9 26 -2.4302219008069037009534e-01 
2 1 10 26 4.3377329341892634229083e-01 
2 1 11 26 3.4154830006017894428183e-01 
2 1 12 26 1.8286550223308911666820e-01 
2 1 13 26 3.1632525042692830052893e-02 
2 1 14 26 -4.6004297395398907610797e-01 
2 1 15 26 2.9084033355483407401465e-01 
2 1 16 26 1.4253955842388335573112e-01 
2 1 17 26 -2.2323078333196046812992e-02 
2 1 18 26 2.4931453409815595989585e-01 
2 1 19 26 5.8386369349488001501136e-04 
2 1 20 26 1.2213563342609673467720e-01 
2 1 21 26 -1.6066248718242828741332e-01 
2 1 22 26 -1.6275726867799622521460e-01 
2 1 23 26 2.1041168597094833669914e-01 
2 1 24 26 -8.2775077804835214823065e-02 
2 1 25 26 6.4727472447017469787262e-04 
2 1 26 26 2.7623953183843202863201e-01 
2 1 1 27 4.3384939117387644191837e-01 
2 1 2 27 -5.0703516076737242812555e-01 
2 1 3 27 -2.0761769466675472628481e-01 
2 1 4 27 -3.1072753975063155396086e-01 
2 1 5 27 -2.2657698214391186475325e-01 
2 1 6 27 -1.0030118745097503507591e-01 
2 1 7 27 -1.0480571359029076106140e+00 
2 1 8 27 5.3715861208506543444940e-01 
2 1 9 27 -2.0060576786931982873341e-01 
2 1 10 27 3.5806370018570099489352e-01 
2 1 11 27 2.8193540258722066260688e-01 
2 1 12 27 1.5094866226538666831303e-01 
2 1 13 27 2.6111471430623943434934e-02 
2 1 14 27 -3.7974834319846184627067e-01 
2 1 15 27 2.4007786457710833527557e-01 
2 1 16 27 1.1766109736539248631360e-01 
2 1 17 27 -1.8426869861076968643010e-02 
2 1 18 27 2.0579986353170515167577e-01 
2 1 19 27 4.8195773518661978729316e-04 
2 1 20 27 1.0081841711261414762379e-01 
2 1 21 27 -1.3262090016528718661171e-01 
2 1 22 27 -1.3435006428136964107267e-01 
2 1 23 27 1.7368701112752996107425e-01 
2 1 24 27 -6.8327744216458236037326e-02 
2 1 25 27 5.3430118133872923566474e-04 
2 1 26 27 2.2802396818597714389654e-01 
2 1 27 27 1.8822708509523389253104e-01 
2 1 1 28 -6.3877551956516576137091e-01 
2 1 2 28 7.4653014351815327742656e-01 
2 1 3 28 3.0568465342657108463342e-01 
2 1 4 28 4.5749780842349974108174e-01 
2 1 5 28 3.3359924534711377086538e-01 
2 1 6 28 1.4767784495903135688621e-01 
2 1 7 28 1.5431005670210575786427e+00 
2 1 8 28 -7.9088222434868382659801e-01 
2 1 9 28 2.9536068554094269122956e-01 
2 1 10 28 -5.2719291712019655804511e-01 
2 1 11 28 -4.1510587991005915009524e-01 
2 1 12 28 -2.2224834729798859100924e-01 
2 1 13 28 -3.8445066589122028899439e-02 
2 1 14 28 5.5912016972890010713115e-01 
2 1 15 28 -3.5347718771157898842716e-01 
2 1 16 28 -1.7323760302946700218030e-01 
2 1 17 28 2.7130690071994104095587e-02 
2 1 18 28 -3.0300818078435570734896e-01 
2 1 19 28 -7.0960754883402142687704e-04 
2 1 20 28 -1.4843938491959485226346e-01 
2 1 21 28 1.9526357794281562485494e-01 
2 1 22 28 1.9780950224061955022847e-01 
2 1 23 28 -2.5572701732917380024190e-01 
2 1 24 28 1.0060193975510409170049e-01 
2 1 25 28 -7.8667510310548706495976e-04 
2 1 26 28 -3.3572970646890981649690e-01 
2 1 27 28 -2.7713237026008963326262e-01 
2 1 28 28 4.0803595529230102245677e-01 
2 1 1 29 -3.0553592423875799988231e-02 
2 1 2 29 3.5707657915601542786277e-02 
2 1 3 29 1.4621356054897984011465e-02 
2 1 4 29 2.1882807254447033534772e-02 
2 1 5 29 1.5956552909313075072628e-02 
2 1 6 29 7.0636531086928390499313e-03 
2 1 7 29 7.3808817573845997284110e-02 
2 1 8 29 -3.7829084550037236911457e-02 
2 1 9 29 1.4127545166775615920196e-02 
2 1 10 29 -2.5216428972517378193086e-02 
2 1 11 29 -1.9855137648681443762744e-02 
2 1 12 29 -1.0630472226729468718243e-02 
2 1 13 29 -1.8388852736671446735928e-03 
2 1 14 29 2.6743557413305890646527e-02 
2 1 15 29 -1.6907344746244910849153e-02 
2 1 16 29 -8.2862147240488071009423e-03 
2 1 17 29 1.2977016515801445030454e-03 
2 1 18 29 -1.4493336349377342053835e-02 
2 1 19 29 -3.3941594880141612538930e-05 
2 1 20 29 -7.1000787095638843299250e-03 
2 1 21 29 9.3397501831341805250686e-03 
2 1 22 29 9.4615255657755463480907e-03 
2 1 23 29 -1.2231807293786917459344e-02 
2 1 24 29 4.8119418644436929774488e-03 
2 1 25 29 -3.7627851557589597297857e-05 
2 1 26 29 -1.6058456064251831751921e-02 
2 1 27 29 -1.3255657471560426674539e-02 
2 1 28 29 1.9516886875152225644392e-02 
2 1 29 29 9.3531286577812518256980e-04 
2 1 1 30 -3.6696585411594671854996e-02 
2 1 2 30 4.2886908365748405147500e-02 
2 1 3 30 1.7561072160671001296528e-02 
2 1 4 30 2.6282484046715091918767e-02 
2 1 5 30 1.9164718786480346851553e-02 
2 1 6 30 8.4838452398987886093895e-03 
2 1 7 30 8.8648547137218522418145e-02 
2 1 8 30 -4.5434861242115466561931e-02 
2 1 9 30 1.6967977469692342717966e-02 
2 1 10 30 -3.0286351494256555372253e-02 
2 1 11 30 -2.3847138643217091064086e-02 
2 1 12 30 -1.2767795899321882774347e-02 
2 1 13 30 -2.2086047857797696733484e-03 
2 1 14 30 3.2120518766601199867061e-02 
2 1 15 30 -2.0306673334437922578966e-02 
2 1 16 30 -9.9522105987533727999850e-03 
2 1 17 30 1.5586127755168196172553e-03 
2 1 18 30 -1.7407313282965814621450e-02 
2 1 19 30 -4.0765767017309001353943e-05 
2 1 20 30 -8.5275944369553671742246e-03 
2 1 21 30 1.1217566024752967032696e-02 
2 1 22 30 1.1363825118266843508530e-02 
2 1 23 30 -1.4691089508011373476748e-02 
2 1 24 30 5.7794132080254030647826e-03 
2 1 25 30 -4.5193169176952089152472e-05 
2 1 26 30 -1.9287110215297970094994e-02 
2 1 27 30 -1.5920791238912192222532e-02 
2 1 28 30 2.3440880412557037887344e-02 
2 1 29 30 1.1212125140291826202316e-03 
2 1 30 30 1.3484302367463532786040e-03 
2 1 1 31 -4.0359096512836389880619e-01 
2 1 2 31 4.7167246065638357421790e-01 
2 1 3 31 1.9313758984512771621489e-01 
2 1 4 31 2.8905613379112615746180e-01 
2 1 5 31 2.1077457928755177762881e-01 
2 1 6 31 9.3305773544815728826052e-02 
2 1 7 31 9.7496135662606397964680e-01 
2 1 8 31 -4.9969497961532360896797e-01 
2 1 9 31 1.8661470342451422221863e-01 
2 1 10 31 -3.3309087733089420835242e-01 
2 1 11 31 -2.6227207770497579231161e-01 
2 1 12 31 -1.4042088689416468150206e-01 
2 1 13 31 -2.4290350921626936708808e-02 
2 1 14 31 3.5326314489476851044003e-01 
2 1 15 31 -2.2333385511846026716398e-01 
2 1 16 31 -1.0945493254184032738685e-01 
2 1 17 31 1.7141704801624847026575e-02 
2 1 18 31 -1.9144654167057992277812e-01 
2 1 19 31 -4.4834403767721208756980e-04 
2 1 20 31 -9.3786929505061775169672e-02 
2 1 21 31 1.2337137767932493392919e-01 
2 1 22 31 1.2497994283718094621349e-01 
2 1 23 31 -1.6157337056940937469740e-01 
2 1 24 31 6.3562288654331125514751e-02 
2 1 25 31 -4.9703683738316450750616e-04 
2 1 26 31 -2.1212064662091956179779e-01 
2 1 27 31 -1.7509769450463064099921e-01 
2 1 28 31 2.5780402844169353349102e-01 
2 1 29 31 1.2331153854398691632754e-02 
2 1 30 31 1.4810410323203029858696e-02 
2 1 31 31 1.6288745800514731199016e-01 
2 1 1 32 -9.4188000446818714861408e-02 
2 1 2 32 1.1007651254111200378460e-01 
2 1 3 32 4.5073465392104071491897e-02 
2 1 4 32 6.7458445829619365086138e-02 
2 1 5 32 4.9189496008845326469050e-02 
2 1 6 32 2.1775225414972152609971e-02 
2 1 7 32 2.2753150745946665312047e-01 
2 1 8 32 -1.1661626505472647008510e-01 
2 1 9 32 4.3551187435211399789914e-02 
2 1 10 32 -7.7735049625764093828018e-02 
2 1 11 32 -6.1207719464453635982437e-02 
2 1 12 32 -3.2770710201820471563217e-02 
2 1 13 32 -5.6687581720513786562310e-03 
2 1 14 32 8.2442750518311971874574e-02 
2 1 15 32 -5.2120515726694877089997e-02 
2 1 16 32 -2.5544033751121287406649e-02 
2 1 17 32 4.0004436145256172530082e-03 
2 1 18 32 -4.4678817194611905594392e-02 
2 1 19 32 -1.0463224381127234291836e-04 
2 1 20 32 -2.1887515135443642161350e-02 
2 1 21 32 2.8791782719872927032156e-02 
2 1 22 32 2.9167181450120267804937e-02 
2 1 23 32 -3.7707168926390428886908e-02 
2 1 24 32 1.4833842649965733873074e-02 
2 1 25 32 -1.1599592159405863875041e-04 
2 1 26 32 -4.9503634336142375571566e-02 
2 1 27 32 -4.0863406648890335248758e-02 
2 1 28 32 6.0164988922196460663372e-02 
2 1 29 32 2.8777817770621865606229e-03 
2 1 30 32 3.4563780030986649555169e-03 
2 1 31 32 3.8013426004114517220422e-02 
2 1 32 32 8.8731702842405613118615e-03 
2 1 1 33 -9.7316515260729996583677e-01 
2 1 2 33 1.1373277447117384753028e+00 
2 1 3 33 4.6570609437679588715753e-01 
2 1 4 33 6.9699121352606485668701e-01 
2 1 5 33 5.0823356650912399068432e-01 
2 1 6 33 2.2498503484046500355831e-01 
2 1 7 33 2.3508911234067073614540e+00 
2 1 8 33 -1.2048974905566165460868e+00 
2 1 9 33 4.4997768044470298764992e-01 
2 1 10 33 -8.0317069131303697737678e-01 
2 1 11 33 -6.3240773103838621160833e-01 
2 1 12 33 -3.3859210346786117185047e-01 
2 1 13 33 -5.8570496131915616988550e-02 
2 1 14 33 8.5181139325711896503890e-01 
2 1 15 33 -5.3851732069804070235364e-01 
2 1 16 33 -2.6392495207836697002080e-01 
2 1 17 33 4.1333209141487574356244e-02 
2 1 18 33 -4.6162852749130001139832e-01 
2 1 19 33 -1.0810767127661393381677e-03 
2 1 20 33 -2.2614522982548812546355e-01 
2 1 21 33 2.9748120240639586153719e-01 
2 1 22 33 3.0135988080251874254856e-01 
2 1 23 33 -3.8959636714730366824355e-01 
2 1 24 33 1.5326558244138691056158e-01 
2 1 25 33 -1.1984880026485952592835e-03 
2 1 26 33 -5.1147929283864068672472e-01 
2 1 27 33 -4.2220710897152102791807e-01 
2 1 28 33 6.2163407597948461269510e-01 
2 1 29 33 2.9733691433611666998793e-02 
2 1 30 33 3.5711838142306329135778e-02 
2 1 31 33 3.9276066316968860636649e-01 
2 1 32 33 9.1660479829406157903371e-02 
2 1 33 33 9.4705220519850641380799e-01 
2 1 1 34 2.2157596585970638081164e+00 
2 1 2 34 -2.5895347039312799353183e+00 
2 1 3 34 -1.0603470273474104867972e+00 
2 1 4 34 -1.5869505902355169890683e+00 
2 1 5 34 -1.1571760772564649855099e+00 
2 1 6 34 -5.1225916038484187176039e-01 
2 1 7 34 -5.3526471833064137584302e+00 
2 1 8 34 2.7433814755560534948131e+00 
2 1 9 34 -1.0245356493981812029403e+00 
2 1 10 34 1.8287062704727454764964e+00 
2 1 11 34 1.4399031186691466643879e+00 
2 1 12 34 7.7092641631929947898527e-01 
2 1 13 34 1.3335675055685872192335e-01 
2 1 14 34 -1.9394542815851094630375e+00 
2 1 15 34 1.2261279100053741331067e+00 
2 1 16 34 6.0091985429671845864164e-01 
2 1 17 34 -9.4109881688647201158915e-02 
2 1 18 34 1.0510629832276636719257e+00 
2 1 19 34 2.4614590452681169886751e-03 
2 1 20 34 5.1490076056226918854719e-01 
2 1 21 34 -6.7732269873818162775336e-01 
2 1 22 34 -6.8615390184479452262423e-01 
2 1 23 34 8.8705592380459186152564e-01 
2 1 24 34 -3.4896409279894141652889e-01 
2 1 25 34 2.7287879768159236000546e-03 
2 1 26 34 1.1645661378693892284986e+00 
2 1 27 34 9.6130597887130764256369e-01 
2 1 28 34 -1.4153730271519227024157e+00 
2 1 29 34 -6.7699417517741833361100e-02 
2 1 30 34 -8.1310813563344741528027e-02 
2 1 31 34 -8.9426057910525846850192e-01 
2 1 32 34 -2.0869797171486820230868e-01 
2 1 33 34 -2.1563000862984509353737e+00 
2 1 34 34 4.9095926560114655501366e+00 
2 1 1 35 -5.1398849678335558621711e+00 
2 1 2 35 6.0069287960740886944677e+00 
2 1 3 35 2.4596809159414814160982e+00 
2 1 4 35 3.6812401795443037144651e+00 
2 1 5 35 2.6842947074860168399368e+00 
2 1 6 35 1.1882846354290252932628e+00 
2 1 7 35 1.2416504962002164802470e+01 
2 1 8 35 -6.3638062695697090731528e+00 
2 1 9 35 2.3766094679619045315633e+00 
2 1 10 35 -4.2420394439958304388938e+00 
2 1 11 35 -3.3401350033911443304646e+00 
2 1 12 35 -1.7883135849991145249760e+00 
2 1 13 35 -3.0934688915789021468328e-01 
2 1 14 35 4.4989409699961608879448e+00 
2 1 15 35 -2.8442418783162657369701e+00 
2 1 16 35 -1.3939503384234950278397e+00 
2 1 17 35 2.1830615262588909386565e-01 
2 1 18 35 -2.4381447720542648305297e+00 
2 1 19 35 -5.7098324239106563321444e-03 
2 1 20 35 -1.1944123401939832351815e+00 
2 1 21 35 1.5711815783370672860997e+00 
2 1 22 35 1.5916672695176834473330e+00 
2 1 23 35 -2.0576985372479557057090e+00 
2 1 24 35 8.0949000399048687270920e-01 
2 1 25 35 -6.3299538151169393654372e-03 
2 1 26 35 -2.7014373886927183221474e+00 
2 1 27 35 -2.2299359639977001101840e+00 
2 1 28 35 3.2832326908330666803693e+00 
2 1 29 35 1.5704195041294616297378e-01 
2 1 30 35 1.8861622772784011892178e-01 
2 1 31 35 2.0744111348169447239798e+00 
2 1 32 35 4.8411548764646039622050e-01 
2 1 33 35 5.0019569391063951613319e+00 
2 1 34 35 -1.1388749761555807538116e+01 
2 1 35 35 2.6418419276058799027851e+01 
2 1 1 36 7.7482202638701680452726e-01 
2 1 2 36 -9.0552624645580848117277e-01 
2 1 3 36 -3.7078941717215013751385e-01 
2 1 4 36 -5.5493576089392149253143e-01 
2 1 5 36 -4.0464926310418047883388e-01 
2 1 6 36 -1.7913029472629188321164e-01 
2 1 7 36 -1.8717503593000519579448e+00 
2 1 8 36 9.5932444017337448194382e-01 
2 1 9 36 -3.5826664904390109755994e-01 
2 1 10 36 6.3947454438769546491983e-01 
2 1 11 36 5.0351519303059100174380e-01 
2 1 12 36 2.6958283393802767724523e-01 
2 1 13 36 4.6633102689018435249579e-02 
2 1 14 36 -6.7820166808851312101325e-01 
2 1 15 36 4.2876081264148857563612e-01 
2 1 16 36 2.1013377393843379881133e-01 
2 1 17 36 -3.2908988549161036218926e-02 
2 1 18 36 3.6754290898153835209783e-01 
2 1 19 36 8.6073987196077041995912e-04 
2 1 20 36 1.8005402758284133613031e-01 
2 1 21 36 -2.3685084432197917037044e-01 
2 1 22 36 -2.3993899996200390711820e-01 
2 1 23 36 3.1019179617868469778230e-01 
2 1 24 36 -1.2202815610804884638441e-01 
2 1 25 36 9.5422128561530690157855e-04 
2 1 26 36 4.0723347015810357207855e-01 
2 1 27 36 3.3615606441605655474447e-01 
2 1 28 36 -4.9493734247590071007039e-01 
2 1 29 36 -2.3673596395284917520696e-02 
2 1 30 36 -2.8433322670092436856848e-02 
2 1 31 36 -3.1271116943227028617258e-01 
2 1 32 36 -7.2978937367503216027131e-02 
2 1 33 36 -7.5402979555247873211243e-01 
2 1 34 36 1.7168193886608484888256e+00 
2 1 35 36 -3.9824960861729543637466e+00 
2 1 36 36 6.0035096349025496298424e-01 
2 1 1 37 2.3766890130619183763017e-01 
2 1 2 37 -2.7776111258002456061433e-01 
2 1 3 37 -1.1373594243885265520078e-01 
2 1 4 37 -1.7022099023543293960792e-01 
2 1 5 37 -1.2412211127249483944013e-01 
2 1 6 37 -5.4946424967601145694651e-02 
2 1 7 37 -5.7414068814096319570695e-01 
2 1 8 37 2.9426317002865515215504e-01 
2 1 9 37 -1.0989470865993256065707e-01 
2 1 10 37 1.9615241591271689869380e-01 
2 1 11 37 1.5444824571759463438525e-01 
2 1 12 37 8.2691836020398062911951e-02 
2 1 13 37 1.4304237499482071183099e-02 
2 1 14 37 -2.0803157348190745579153e-01 
2 1 15 37 1.3151808776055573524388e-01 
2 1 16 37 6.4456431902028460401155e-02 
2 1 17 37 -1.0094502848034626885099e-02 
2 1 18 37 1.1274010854850116669645e-01 
2 1 19 37 2.6402334102606150531556e-04 
2 1 20 37 5.5229770779583214901365e-02 
2 1 21 37 -7.2651625827890767284067e-02 
2 1 22 37 -7.3598886660595830289111e-02 
2 1 23 37 9.5148228730786113538365e-02 
2 1 24 37 -3.7430915493264216298286e-02 
2 1 25 37 2.9269782814581848853080e-04 
2 1 26 37 1.2491479092028801023417e-01 
2 1 27 37 1.0311250813396957703993e-01 
2 1 28 37 -1.5181707591638543553003e-01 
2 1 29 37 -7.2616387420449696882274e-03 
2 1 30 37 -8.7216371365328865250532e-03 
2 1 31 37 -9.5921021258742883430770e-02 
2 1 32 37 -2.2385558583293097695277e-02 
2 1 33 37 -2.3129109260841318462809e-01 
2 1 34 37 5.2661716361598065461180e-01 
2 1 35 37 -1.2215908131459161101162e+00 
2 1 36 37 1.8415109971930565535558e-01 
2 1 37 37 5.6488297508137559621577e-02 
2 2 1 1 1.3101851406828626732730e-12 
2 2 2 2 1.3101851406828626732730e-12 
2 2 3 3 1.4581331801208546039561e+02 
2 2 4 4 1.9422512603150585142053e-01 
2 2 5 5 1.9422512603150585142053e-01 
2 2 6 6 1.9422512603150585142053e-01 
2 3 1 1 1.2181762803590083876770e+02 
2 3 1 2 4.6275654647762664239963e+01 
2 3 2 2 2.3995689976028199197344e+01 
2 3 1 3 4.5739435220592724817834e+01 
2 3 2 3 -2.5035296649829916759700e+01 
2 3 3 3 2.9748619573670532645338e+02 
2 3 1 4 -4.2074396235281721345700e+00 
2 3 2 4 -2.0953011281570219637160e+00 
2 3 3 4 1.7050714670074160750346e+00 
2 3 4 4 1.8381420920950014563644e-01 
2 3 1 5 2.3567837270020184803343e+01 
2 3 2 5 -2.8279142317045620202975e+00 
2 3 3 5 8.6713957910931952710598e+01 
2 3 4 5 9.8458829593800395452163e-02 
2 3 5 5 2.6188839566210941001145e+01 
2 3 1 6 -1.2638476633661973380640e+01 
2 3 2 6 -6.5834724023129052028480e+00 
2 3 3 6 7.0353538552451801990628e+00 
2 3 4 6 5.7457271689269173720049e-01 
2 3 5 6 8.2731006414131558202030e-01 
2 3 6 6 1.8063480522547317175253e+00 
2 4 1 1 3.7003981968479699560248e+01 
2 4 1 2 -6.2777876207848038347947e+01 
2 4 2 2 1.0880933604371936951338e+02 
2 4 1 3 -9.4564814602500533169405e+00 
2 4 2 3 6.4955700470086092934707e+00 
2 4 3 3 4.1952849552256168408348e+01 
2 4 1 4 -6.3309382585657694164638e+00 
2 4 2 4 1.0917430161025190926694e+01 
2 4 3 4 8.8540535978008594319988e-01 
2 4 4 4 1.0967187929380766142629e+00 
2 4 1 5 -8.2550712139043405102257e+00 
2 4 2 5 9.4063437357754153822498e+00 
2 4 3 5 2.1152083348435645859809e+01 
2 4 4 5 1.0595449274230537284325e+00 
2 4 5 5 1.1013329628113048386240e+01 
2 4 1 6 3.0028707084711228958440e+01 
2 4 2 6 -5.2054696803807715355106e+01 
2 4 3 6 -3.0754054772100980486016e+00 
2 4 4 6 -5.2227493132298743461206e+00 
2 4 5 6 -4.4841230355652577088676e+00 
2 4 6 6 2.4903140488452070400172e+01 
2 5 1 1 5.0155789038457747608390e+01 
2 5 1 2 -6.9265987684865166329473e+01 
2 5 2 2 9.5657528973688670248521e+01 
2 5 1 3 -2.9177293610228431930409e+01 
2 5 2 3 4.0294325812177874013287e+01 
2 5 3 3 1.6973435528380985459762e+01 
2 5 1 4 -3.5442935970058631056645e-01 
2 5 2 4 4.8947087214387563491869e-01 
2 5 3 4 2.0618679813570806036438e-01 
2 5 4 4 2.5063440884587656794225e-03 
2 5 1 5 1.8194223795118569242391e+00 
2 5 2 5 -2.5126528960247735966504e+00 
2 5 3 5 -1.0584185791525455577755e+00 
2 5 4 5 -1.2857070058457827077536e-02 
2 5 5 5 6.6001639700646264063977e-02 
2 5 1 6 -4.9285164775422174443520e+00 
2 5 2 6 6.8063640495018180587294e+00 
2 5 3 6 2.8670822557254131979221e+00 
2 5 4 6 3.4827705853454460349639e-02 
2 5 5 6 -1.7878401174215169389115e-01 
2 5 6 6 4.8429785789454310451774e-01 
2 6 1 1 6.1846324405245169941736e+01 
2 6 1 2 1.8075573726611899871841e+01 
2 6 2 2 5.2829001615949673364980e+00 
2 6 1 3 -1.1632193174453959727543e+02 
2 6 2 3 -3.3996954549214606799978e+01 
2 6 3 3 2.1878092336624573022164e+02 
2 6 1 4 2.6485920628981363122989e+00 
2 6 2 4 7.7409239214897729297604e-01 
2 6 3 4 -4.9815316062903320926125e+00 
2 6 4 4 1.1342796350285766493471e-01 
2 6 1 5 -3.2102919784843186867818e-01 
2 6 2 5 -9.3826407806479356077389e-02 
2 6 3 5 6.0380086276170641390593e-01 
2 6 4 5 -1.3748232964913752185421e-02 
2 6 5 5 1.6673802420487408501582e-03 
2 6 1 6 1.3583242182797787833692e+00 
2 6 2 6 3.9699110521753988578553e-01 
2 6 3 6 -2.5547656550914714657097e+00 
2 6 4 6 5.8170770399422422336499e-02 
2 6 5 6 -7.0507143400686742018557e-03 
2 6 6 6 2.9833686583199004599409e-02 
2 7 1 1 2.8418746702861223951686e+01 
2 7 1 2 8.4660750632845250152059e+01 
2 7 2 2 2.5220850106861811923409e+02 
2 7 1 3 -2.7487280346839776257184e+02 
2 7 2 3 -8.1885933003485774861474e+02 
2 7 3 3 2.6586363130322733923094e+03 
2 7 1 4 -2.5710563885590640431644e+00 
2 7 2 4 -7.6593031228804520083031e+00 
2 7 3 4 2.4867882452609194388060e+01 
2 7 4 4 2.3260565024214799323410e-01 
2 7 1 5 1.8629421004214652413111e+00 
2 7 2 5 5.5497910314793044150861e+00 
2 7 3 5 -1.8018817290616709669848e+01 
2 7 4 5 -1.6854121554467713095526e-01 
2 7 5 5 1.2212274683173961198346e-01 
2 7 1 6 3.0796744994038949272408e-01 
2 7 2 6 9.1744955211403289574434e-01 
2 7 3 6 -2.9787346429202643527390e+00 
2 7 4 6 -2.7861962399107299825918e-02 
2 7 5 6 2.0188278555574732525679e-02 
2 7 6 6 3.3381474865718414879456e-03 
2 8 1 1 3.8466024771444189411795e+01 
2 9 1 1 3.8466024771444189411795e+01 
2 10 1 1 3.8466024771444189411795e+01 
2 11 1 1 3.8466024771444189411795e+01 
2 12 1 1 3.8466024771444189411795e+01 
2 13 1 1 3.8466024771444189411795e+01 
2 14 1 1 3.3888939426541794396565e-07 
2 15 1 1 3.0321870274170767046740e-07 
2 16 1 1 1.2579529415759473970669e-06 
2 17 1 1 1.3033531525233619446040e-06 
2 18 1 1 1.1820575570156677440241e-05 
2 19 1 1 6.7677551044925454317824e-07 
2 20 1 1 4.1452514210018086313698e-07 
2 21 1 1 2.0371728351754205074036e-06 
2 22 1 1 2.5546871100665135930125e-06 
2 23 1 1 2.2827379009570329044848e-06 
2 24 1 1 1.2055349124248504975447e-06 
2 25 1 1 3.6419886365799181149328e+00 
2 26 1 1 1.3098210832789734263848e-05 
2 27 1 1 1.3431514194088069077656e-05 
2 28 1 1 7.4948098136726928331086e+00 
2 29 1 1 6.6313887953975606914629e-06 
2 30 1 1 2.1054287116686042915462e-05 
2 31 1 1 9.6803726702309111977430e-06 
2 32 1 1 7.1348861791911169134037e-06 
2 33 1 1 1.3458209335119612740550e-05 
2 34 1 1 7.1222838856833381844741e-06 
2 35 1 1 1.3503277491279982229998e-05 
2 36 1 1 1.9658613844338149900153e-05 
2 37 1 1 6.1127606912598501969413e-06 
2 38 1 1 1.5997383933001797811551e-05 
2 39 1 1 1.5000434409601452870114e-05 
2 40 1 1 1.3812580593787654153061e-05 
2 41 1 1 1.7612707113384762830149e-05 
2 42 1 1 1.9911212854622768020363e+01 
2 43 1 1 7.7414411362316281933933e-06 
2 44 1 1 2.3662290240959407583432e+01 
