SDPA start at [Fri Oct 19 20:06:20 2018]
set   is STABLE_BUT_SLOW
data   is tmp/sdpa_dat/sdp.dat-s  : sparse
out    is tmp/sdpa_dat/sdpa.out
NumThreads  is set as 1
Schur computation : DENSE 
   mu      thetaP  thetaD  objP      objD      alphaP  alphaD  beta 
 0 1.0e+08 1.0e+00 1.0e+00 -0.00e+00 -1.11e+05 6.4e-01 6.7e-01 3.00e-01
 1 4.9e+07 3.6e-01 3.3e-01 -0.00e+00 -4.78e+05 7.1e-01 7.5e-01 3.00e-01
 2 2.0e+07 1.0e-01 8.2e-02 -0.00e+00 -7.52e+05 7.2e-01 7.8e-01 3.00e-01
 3 7.8e+06 2.9e-02 1.8e-02 -0.00e+00 -1.08e+06 7.4e-01 7.9e-01 3.00e-01
 4 2.9e+06 7.5e-03 3.8e-03 -0.00e+00 -1.53e+06 7.7e-01 8.0e-01 3.00e-01
 5 9.8e+05 1.7e-03 7.6e-04 -0.00e+00 -2.10e+06 7.9e-01 8.0e-01 3.00e-01
 6 3.4e+05 3.7e-04 1.5e-04 -0.00e+00 -2.53e+06 7.5e-01 8.0e-01 3.00e-01
 7 1.4e+05 9.3e-05 3.0e-05 -0.00e+00 -2.05e+06 7.6e-01 8.0e-01 3.00e-01
 8 5.4e+04 2.2e-05 6.1e-06 -0.00e+00 -1.07e+06 7.1e-01 8.0e-01 3.00e-01
 9 2.2e+04 6.4e-06 1.2e-06 -0.00e+00 -5.21e+05 5.0e-01 8.0e-01 3.00e-01
10 1.0e+04 3.2e-06 2.4e-07 -0.00e+00 -2.34e+05 2.7e-01 4.5e-01 3.00e-01
11 7.0e+03 2.3e-06 1.3e-07 -0.00e+00 +5.92e+02 5.6e-02 8.0e-01 2.16e+01
12 1.1e+05 2.2e-06 3.7e-07 -0.00e+00 +9.23e+06 5.6e-02 8.0e-01 2.16e+01

phase.value  = pdINF     
   Iteration = 12
          mu = +1.1398573724211969e+05
relative gap = +2.0000000000000000e+00
        gap  = -9.2300481987129487e+06
     digits  = -3.0102999566398120e-01
objValPrimal = -0.0000000000000000e+00
objValDual   = +9.2300481987129487e+06
p.feas.error = +2.1784008044051006e-02
d.feas.error = +1.1079599615186453e-02
total time   = 0.017246
** Parameters **
maxIteration = 1000
epsilonStar  = +9.9999999999999995e-08
lambdaStar   = +1.0000000000000000e+04
omegaStar    = +2.0000000000000000e+00
lowerBound   = -1.0000000000000000e+05
upperBound   = +1.0000000000000000e+05
betaStar     = +1.0000000000000001e-01
betaBar      = +2.9999999999999999e-01
gammaStar    = +8.0000000000000004e-01
epsilonDash  = +9.9999999999999995e-08
xPrint       = %+8.3e 
XPrint       = %+8.3e 
YPrint       = %+8.3e 
infPrint     = %+10.16e 

                         Time(sec)  Ratio(% : MainLoop) 
 Predictor time  =       0.015465,  92.053571
 Corrector time  =       0.000251,  1.494048
 Make bMat time  =       0.015054,  89.607143
 Make bDia time  =       0.000001,  0.005952
 Make bF1  time  =       0.000000,  0.000000
 Make bF2  time  =       0.000000,  0.000000
 Make bF3  time  =       0.000000,  0.000000
 Make bPRE time  =       0.000051,  0.303571
 Make rMat time  =       0.000084,  0.500000
 Make gVec Mul   =       0.000092,  0.547619
 Make gVec time  =       0.000130,  0.773810
 Cholesky bMat   =       0.000135,  0.803571
 Ste Pre time    =       0.000002,  0.011905
 Ste Cor time    =       0.000497,  2.958333
 solve           =       0.000042,  0.250000
 sumDz           =       0.000089,  0.529762
 makedX          =       0.000130,  0.773810
 symmetriseDx    =       0.000018,  0.107143
 makedXdZ        =       0.000243,  1.446429
 xMatTime        =       0.000104,  0.619048
 zMatTime        =       0.000106,  0.630952
 invzMatTime     =       0.000000,  0.000000
 xMatzMatTime    =       0.000000,  0.000000
 EigxMatTime     =       0.000274,  1.630952
 EigzMatTime     =       0.000206,  1.226190
 EigxMatzMatTime =       0.000000,  0.000000
 updateRes       =       0.000069,  0.410714
 EigTime         =       0.000480,  2.857143
 sub_total_bMat  =       0.001746,  10.392857
 Main Loop       =       0.016800,  100.000000
 File Check      =       0.000000,  0.000000
 File Change     =       0.000003,  0.017857
 File Read       =       0.000443,  2.636905
 Total           =       0.017246,  102.654762

xVec = 
{+8.500e+06,-0.000e+00,-0.000e+00,+8.500e+06,-0.000e+00,-0.000e+00,-0.000e+00,-0.000e+00,+8.500e+06,+2.577e+05,-1.464e+06,+8.320e+06,+1.094e+00,+8.226e-01,+7.094e+00,+1.110e-01,-8.885e-02,+2.129e+00,+1.938e-01,-3.182e-01,+3.129e+00,+1.086e-01,-2.083e-01,+2.667e+00}
xMat = 
{
{ {+8.500e+06,+0.000e+00,+0.000e+00,+0.000e+00,+0.000e+00,+0.000e+00 },
  {+0.000e+00,+8.500e+06,+0.000e+00,+0.000e+00,+0.000e+00,+0.000e+00 },
  {+0.000e+00,+0.000e+00,+3.988e-02,+0.000e+00,+0.000e+00,+0.000e+00 },
  {+0.000e+00,+0.000e+00,+0.000e+00,+8.500e+06,+0.000e+00,+0.000e+00 },
  {+0.000e+00,+0.000e+00,+0.000e+00,+0.000e+00,+8.500e+06,+0.000e+00 },
  {+0.000e+00,+0.000e+00,+0.000e+00,+0.000e+00,+0.000e+00,+8.500e+06 }   }
{ {+2.577e+05,-5.582e-02,+3.689e-01,+0.000e+00,-1.464e+06,-2.347e-02 },
  {-5.582e-02,+2.577e+05,+9.428e-03,+1.464e+06,+0.000e+00,+2.659e+00 },
  {+3.689e-01,+9.428e-03,+2.855e-01,+2.347e-02,-2.659e+00,+0.000e+00 },
  {+0.000e+00,+1.464e+06,+2.347e-02,+8.320e+06,+0.000e+00,+0.000e+00 },
  {-1.464e+06,+0.000e+00,-2.659e+00,+0.000e+00,+8.320e+06,+0.000e+00 },
  {-2.347e-02,+2.659e+00,+0.000e+00,+0.000e+00,+0.000e+00,+8.320e+06 }   }
{ {+5.500e-01,+3.447e-01,-1.442e-01,+0.000e+00,+8.226e-01,+4.007e-02 },
  {+3.447e-01,+1.116e+00,+5.467e-02,-8.226e-01,+0.000e+00,+2.240e+00 },
  {-1.442e-01,+5.467e-02,+9.985e-01,-4.007e-02,-2.240e+00,+0.000e+00 },
  {+0.000e+00,-8.226e-01,-4.007e-02,+7.116e+00,+0.000e+00,+0.000e+00 },
  {+8.226e-01,+0.000e+00,-2.240e+00,+0.000e+00,+7.116e+00,+0.000e+00 },
  {+4.007e-02,+2.240e+00,+0.000e+00,+0.000e+00,+0.000e+00,+7.116e+00 }   }
{ {+1.827e-01,+8.097e-02,+5.290e-02,+0.000e+00,-8.885e-02,+1.713e-01 },
  {+8.097e-02,+1.328e-01,+8.240e-03,+8.885e-02,+0.000e+00,+1.839e-03 },
  {+5.290e-02,+8.240e-03,+4.583e-02,-1.713e-01,-1.839e-03,+0.000e+00 },
  {+0.000e+00,+8.885e-02,-1.713e-01,+2.151e+00,+0.000e+00,+0.000e+00 },
  {-8.885e-02,+0.000e+00,-1.839e-03,+0.000e+00,+2.151e+00,+0.000e+00 },
  {+1.713e-01,+1.839e-03,+0.000e+00,+0.000e+00,+0.000e+00,+2.151e+00 }   }
{ {+1.831e-01,+1.390e-02,+5.772e-02,+0.000e+00,-3.182e-01,-1.207e-01 },
  {+1.390e-02,+2.156e-01,+3.062e-02,+3.182e-01,+0.000e+00,+5.637e-02 },
  {+5.772e-02,+3.062e-02,+3.229e-02,+1.207e-01,-5.637e-02,+0.000e+00 },
  {+0.000e+00,+3.182e-01,+1.207e-01,+3.150e+00,+0.000e+00,+0.000e+00 },
  {-3.182e-01,+0.000e+00,-5.637e-02,+0.000e+00,+3.150e+00,+0.000e+00 },
  {-1.207e-01,+5.637e-02,+0.000e+00,+0.000e+00,+0.000e+00,+3.150e+00 }   }
{ {+1.619e-01,+1.905e-02,+1.645e-02,+0.000e+00,-2.083e-01,-1.363e-02 },
  {+1.905e-02,+1.303e-01,+2.673e-02,+2.083e-01,+0.000e+00,-2.650e-03 },
  {+1.645e-02,+2.673e-02,+8.335e-03,+1.363e-02,+2.650e-03,+0.000e+00 },
  {+0.000e+00,+2.083e-01,+1.363e-02,+2.689e+00,+0.000e+00,+0.000e+00 },
  {-2.083e-01,+0.000e+00,+2.650e-03,+0.000e+00,+2.689e+00,+0.000e+00 },
  {-1.363e-02,-2.650e-03,+0.000e+00,+0.000e+00,+0.000e+00,+2.689e+00 }   }
}
yMat = 
{
{ {+2.688e-04,+0.000e+00,+0.000e+00,+0.000e+00,+0.000e+00,+0.000e+00 },
  {+0.000e+00,+2.688e-04,+0.000e+00,+0.000e+00,+0.000e+00,+0.000e+00 },
  {+0.000e+00,+0.000e+00,+3.075e+06,+0.000e+00,+0.000e+00,+0.000e+00 },
  {+0.000e+00,+0.000e+00,+0.000e+00,+2.688e-04,+0.000e+00,+0.000e+00 },
  {+0.000e+00,+0.000e+00,+0.000e+00,+0.000e+00,+2.688e-04,+0.000e+00 },
  {+0.000e+00,+0.000e+00,+0.000e+00,+0.000e+00,+0.000e+00,+2.688e-04 }   }
{ {+2.806e+06,+2.973e+05,+9.726e+05,-5.233e+04,+4.938e+05,+1.138e-01 },
  {+2.973e+05,+2.693e+05,+9.873e+04,-4.739e+04,+5.233e+04,+2.890e-02 },
  {+9.726e+05,+9.873e+04,+7.621e+05,-1.738e+04,+1.712e+05,+4.126e-02 },
  {-5.233e+04,-4.739e+04,-1.738e+04,+8.340e+03,-9.211e+03,-5.087e-03 },
  {+4.938e+05,+5.233e+04,+1.712e+05,-9.211e+03,+8.691e+04,+2.004e-02 },
  {+1.138e-01,+2.890e-02,+4.126e-02,-5.087e-03,+2.004e-02,+3.780e-04 }   }
{ {+1.326e+06,-1.339e+06,-2.906e+05,-1.560e+05,-2.451e+05,+4.184e+05 },
  {-1.339e+06,+1.749e+06,+2.264e+05,+2.026e+05,+2.261e+05,-5.491e+05 },
  {-2.906e+05,+2.264e+05,+4.921e+05,+2.893e+04,+1.906e+05,-7.009e+04 },
  {-1.560e+05,+2.026e+05,+2.893e+04,+4.069e+04,+2.716e+04,-6.362e+04 },
  {-2.451e+05,+2.261e+05,+1.906e+05,+2.716e+04,+1.062e+05,-7.039e+04 },
  {+4.184e+05,-5.491e+05,-7.009e+04,-6.362e+04,-7.039e+04,+1.893e+05 }   }
{ {+1.661e+06,-8.747e+05,-1.649e+06,-8.533e+04,+6.161e+04,-1.245e+05 },
  {-8.747e+05,+1.413e+06,+5.910e+05,-1.364e+04,-3.422e+04,+6.704e+04 },
  {-1.649e+06,+5.910e+05,+4.428e+06,+3.012e+05,-5.567e+04,+1.192e+05 },
  {-8.533e+04,-1.364e+04,+3.012e+05,+7.756e+04,-2.681e+03,+5.972e+03 },
  {+6.161e+04,-3.422e+04,-5.567e+04,-2.681e+03,+5.730e+04,-4.567e+03 },
  {-1.245e+05,+6.704e+04,+1.192e+05,+5.972e+03,-4.567e+03,+6.437e+04 }   }
{ {+5.191e+06,+8.102e+05,-1.112e+07,+3.816e+05,+2.859e+05,+1.914e+05 },
  {+8.102e+05,+8.978e+05,-2.245e+06,+5.262e+03,+3.390e+04,+1.729e+04 },
  {-1.112e+07,-2.245e+06,+2.782e+07,-9.352e+05,-5.036e+05,-4.115e+05 },
  {+3.816e+05,+5.262e+03,-9.352e+05,+7.811e+04,+1.779e+04,+1.543e+04 },
  {+2.859e+05,+3.390e+04,-5.036e+05,+1.779e+04,+5.735e+04,+1.076e+04 },
  {+1.914e+05,+1.729e+04,-4.115e+05,+1.543e+04,+1.076e+04,+4.695e+04 }   }
{ {+5.130e+06,+1.043e+07,-4.705e+07,-5.384e+05,+4.344e+05,+3.769e+04 },
  {+1.043e+07,+2.789e+07,-1.187e+08,-1.477e+06,+9.116e+05,+8.358e+04 },
  {-4.705e+07,-1.187e+08,+5.255e+08,+6.164e+06,-4.091e+06,-3.707e+05 },
  {-5.384e+05,-1.477e+06,+6.164e+06,+1.249e+05,-4.706e+04,-4.356e+03 },
  {+4.344e+05,+9.116e+05,-4.091e+06,-4.706e+04,+8.315e+04,+3.222e+03 },
  {+3.769e+04,+8.358e+04,-3.707e+05,-4.356e+03,+3.222e+03,+4.647e+04 }   }
}
    main loop time = 0.016800
        total time = 0.017246
  file  check time = 0.000000
  file change time = 0.000003
  file   read time = 0.000443
SDPA end at [Fri Oct 19 20:06:20 2018]
ALL TIME = 0.017853
